22 Jan 2025 18:08:28  INFO logger - Launching the app...
22 Jan 2025 19:44:53  INFO logger - Launching the app...
22 Jan 2025 19:46:15  INFO logger - Launching the app...
23 Jan 2025 15:08:49  INFO logger - Launching the app...
23 Jan 2025 15:09:05  INFO logger - Test Started: verifyproductPageScrollingtoElement
23 Jan 2025 15:09:57  INFO logger - Test Passed: verifyproductPageScrollingtoElement
23 Jan 2025 15:10:10  INFO logger - Launching the app...
23 Jan 2025 15:10:24  INFO logger - Test Started: verifyproductPageSearchtoElement
23 Jan 2025 15:10:40  INFO logger - Test Passed: verifyproductPageSearchtoElement
23 Jan 2025 15:10:42  INFO logger - Test Suite Execution Completed
23 Jan 2025 22:41:04  INFO logger - Launching the app...
23 Jan 2025 22:41:20  INFO logger - Test Started: verifyproductPageScrollingtoElement
23 Jan 2025 22:41:43 ERROR logger - Test Failed: verifyproductPageScrollingtoElement
java.lang.AssertionError: assert search button expected [true] but found [false]
	at org.testng.Assert.fail(Assert.java:99)
	at org.testng.Assert.failNotEquals(Assert.java:1037)
	at org.testng.Assert.assertTrue(Assert.java:45)
	at com.assertions.mobileAssertion.assertTrue(mobileAssertion.java:31)
	at com.pageObjects.ProductCataloguePage.assertsearchButton(ProductCataloguePage.java:97)
	at com.qa.testcases.ProductPageTest.verifyproductPageScrollingtoElement(ProductPageTest.java:17)
	at java.base/jdk.internal.reflect.DirectMethodHandleAccessor.invoke(DirectMethodHandleAccessor.java:104)
	at java.base/java.lang.reflect.Method.invoke(Method.java:578)
	at org.testng.internal.MethodInvocationHelper.invokeMethod(MethodInvocationHelper.java:133)
	at org.testng.internal.TestInvoker.invokeMethod(TestInvoker.java:598)
	at org.testng.internal.TestInvoker.invokeTestMethod(TestInvoker.java:173)
	at org.testng.internal.MethodRunner.runInSequence(MethodRunner.java:46)
	at org.testng.internal.TestInvoker$MethodInvocationAgent.invoke(TestInvoker.java:824)
	at org.testng.internal.TestInvoker.invokeTestMethods(TestInvoker.java:146)
	at org.testng.internal.TestMethodWorker.invokeTestMethods(TestMethodWorker.java:146)
	at org.testng.internal.TestMethodWorker.run(TestMethodWorker.java:128)
	at java.base/java.util.ArrayList.forEach(ArrayList.java:1511)
	at org.testng.TestRunner.privateRun(TestRunner.java:794)
	at org.testng.TestRunner.run(TestRunner.java:596)
	at org.testng.SuiteRunner.runTest(SuiteRunner.java:377)
	at org.testng.SuiteRunner.runSequentially(SuiteRunner.java:371)
	at org.testng.SuiteRunner.privateRun(SuiteRunner.java:332)
	at org.testng.SuiteRunner.run(SuiteRunner.java:276)
	at org.testng.SuiteRunnerWorker.runSuite(SuiteRunnerWorker.java:53)
	at org.testng.SuiteRunnerWorker.run(SuiteRunnerWorker.java:96)
	at org.testng.TestNG.runSuitesSequentially(TestNG.java:1212)
	at org.testng.TestNG.runSuitesLocally(TestNG.java:1134)
	at org.testng.TestNG.runSuites(TestNG.java:1063)
	at org.testng.TestNG.run(TestNG.java:1031)
	at org.testng.remote.AbstractRemoteTestNG.run(AbstractRemoteTestNG.java:115)
	at org.testng.remote.RemoteTestNG.initAndRun(RemoteTestNG.java:251)
	at org.testng.remote.RemoteTestNG.main(RemoteTestNG.java:77)
23 Jan 2025 22:41:59  INFO logger - Launching the app...
23 Jan 2025 22:42:15  INFO logger - Test Started: verifyproductPageSearchtoElement
23 Jan 2025 22:42:38 ERROR logger - Test Failed: verifyproductPageSearchtoElement
java.lang.AssertionError: assert search button expected [true] but found [false]
	at org.testng.Assert.fail(Assert.java:99)
	at org.testng.Assert.failNotEquals(Assert.java:1037)
	at org.testng.Assert.assertTrue(Assert.java:45)
	at com.assertions.mobileAssertion.assertTrue(mobileAssertion.java:31)
	at com.pageObjects.ProductCataloguePage.assertsearchButton(ProductCataloguePage.java:97)
	at com.qa.testcases.ProductPageTest.verifyproductPageSearchtoElement(ProductPageTest.java:35)
	at java.base/jdk.internal.reflect.DirectMethodHandleAccessor.invoke(DirectMethodHandleAccessor.java:104)
	at java.base/java.lang.reflect.Method.invoke(Method.java:578)
	at org.testng.internal.MethodInvocationHelper.invokeMethod(MethodInvocationHelper.java:133)
	at org.testng.internal.TestInvoker.invokeMethod(TestInvoker.java:598)
	at org.testng.internal.TestInvoker.invokeTestMethod(TestInvoker.java:173)
	at org.testng.internal.MethodRunner.runInSequence(MethodRunner.java:46)
	at org.testng.internal.TestInvoker$MethodInvocationAgent.invoke(TestInvoker.java:824)
	at org.testng.internal.TestInvoker.invokeTestMethods(TestInvoker.java:146)
	at org.testng.internal.TestMethodWorker.invokeTestMethods(TestMethodWorker.java:146)
	at org.testng.internal.TestMethodWorker.run(TestMethodWorker.java:128)
	at java.base/java.util.ArrayList.forEach(ArrayList.java:1511)
	at org.testng.TestRunner.privateRun(TestRunner.java:794)
	at org.testng.TestRunner.run(TestRunner.java:596)
	at org.testng.SuiteRunner.runTest(SuiteRunner.java:377)
	at org.testng.SuiteRunner.runSequentially(SuiteRunner.java:371)
	at org.testng.SuiteRunner.privateRun(SuiteRunner.java:332)
	at org.testng.SuiteRunner.run(SuiteRunner.java:276)
	at org.testng.SuiteRunnerWorker.runSuite(SuiteRunnerWorker.java:53)
	at org.testng.SuiteRunnerWorker.run(SuiteRunnerWorker.java:96)
	at org.testng.TestNG.runSuitesSequentially(TestNG.java:1212)
	at org.testng.TestNG.runSuitesLocally(TestNG.java:1134)
	at org.testng.TestNG.runSuites(TestNG.java:1063)
	at org.testng.TestNG.run(TestNG.java:1031)
	at org.testng.remote.AbstractRemoteTestNG.run(AbstractRemoteTestNG.java:115)
	at org.testng.remote.RemoteTestNG.initAndRun(RemoteTestNG.java:251)
	at org.testng.remote.RemoteTestNG.main(RemoteTestNG.java:77)
23 Jan 2025 22:42:40  INFO logger - Test Suite Execution Completed
24 Jan 2025 14:12:02  INFO logger - Launching the app...
24 Jan 2025 14:12:02  INFO logger - Test Started: verifyproductPageScrollingtoElement
24 Jan 2025 14:12:02 ERROR logger - Test Failed: verifyproductPageScrollingtoElement
java.lang.NullPointerException: Cannot invoke "org.openqa.selenium.WebDriver.findElement(org.openqa.selenium.By)" because "driver" is null
	at org.openqa.selenium.support.ui.ExpectedConditions$7.apply(ExpectedConditions.java:194)
	at org.openqa.selenium.support.ui.ExpectedConditions$7.apply(ExpectedConditions.java:190)
	at org.openqa.selenium.support.ui.FluentWait.until(FluentWait.java:203)
	at com.waits.waits.waitUntilElementIsVisible(waits.java:72)
	at com.pageObjects.LoginPage.setEmailAddress(LoginPage.java:49)
	at com.qa.base.BaseClass.LoginToApplication(BaseClass.java:112)
	at com.qa.base.BaseClass.Login(BaseClass.java:120)
	at java.base/jdk.internal.reflect.DirectMethodHandleAccessor.invoke(DirectMethodHandleAccessor.java:104)
	at java.base/java.lang.reflect.Method.invoke(Method.java:578)
	at org.testng.internal.MethodInvocationHelper.invokeMethod(MethodInvocationHelper.java:133)
	at org.testng.internal.MethodInvocationHelper.invokeMethodConsideringTimeout(MethodInvocationHelper.java:62)
	at org.testng.internal.ConfigInvoker.invokeConfigurationMethod(ConfigInvoker.java:385)
	at org.testng.internal.ConfigInvoker.invokeConfigurations(ConfigInvoker.java:321)
	at org.testng.internal.TestInvoker.runConfigMethods(TestInvoker.java:700)
	at org.testng.internal.TestInvoker.invokeMethod(TestInvoker.java:527)
	at org.testng.internal.TestInvoker.invokeTestMethod(TestInvoker.java:173)
	at org.testng.internal.MethodRunner.runInSequence(MethodRunner.java:46)
	at org.testng.internal.TestInvoker$MethodInvocationAgent.invoke(TestInvoker.java:824)
	at org.testng.internal.TestInvoker.invokeTestMethods(TestInvoker.java:146)
	at org.testng.internal.TestMethodWorker.invokeTestMethods(TestMethodWorker.java:146)
	at org.testng.internal.TestMethodWorker.run(TestMethodWorker.java:128)
	at java.base/java.util.ArrayList.forEach(ArrayList.java:1511)
	at org.testng.TestRunner.privateRun(TestRunner.java:794)
	at org.testng.TestRunner.run(TestRunner.java:596)
	at org.testng.SuiteRunner.runTest(SuiteRunner.java:377)
	at org.testng.SuiteRunner.runSequentially(SuiteRunner.java:371)
	at org.testng.SuiteRunner.privateRun(SuiteRunner.java:332)
	at org.testng.SuiteRunner.run(SuiteRunner.java:276)
	at org.testng.SuiteRunnerWorker.runSuite(SuiteRunnerWorker.java:53)
	at org.testng.SuiteRunnerWorker.run(SuiteRunnerWorker.java:96)
	at org.testng.TestNG.runSuitesSequentially(TestNG.java:1212)
	at org.testng.TestNG.runSuitesLocally(TestNG.java:1134)
	at org.testng.TestNG.runSuites(TestNG.java:1063)
	at org.testng.TestNG.run(TestNG.java:1031)
	at org.testng.remote.AbstractRemoteTestNG.run(AbstractRemoteTestNG.java:115)
	at org.testng.remote.RemoteTestNG.initAndRun(RemoteTestNG.java:251)
	at org.testng.remote.RemoteTestNG.main(RemoteTestNG.java:77)
24 Jan 2025 14:12:02 ERROR logger - Test Failed: verifyproductPageScrollingtoElement
java.lang.NullPointerException: Cannot invoke "org.openqa.selenium.TakesScreenshot.getScreenshotAs(org.openqa.selenium.OutputType)" because "driver" is null
	at com.qa.extendReportListener.ExtentReportListener.captureScreenshot(ExtentReportListener.java:79)
	at com.qa.extendReportListener.ExtentReportListener.onTestSkipped(ExtentReportListener.java:56)
	at org.testng.internal.TestListenerHelper.runTestListeners(TestListenerHelper.java:87)
	at org.testng.internal.TestInvoker.runTestResultListener(TestInvoker.java:219)
	at org.testng.internal.TestInvoker.invokeListenersForSkippedTestResult(TestInvoker.java:447)
	at org.testng.internal.TestInvoker.invokeMethod(TestInvoker.java:545)
	at org.testng.internal.TestInvoker.invokeTestMethod(TestInvoker.java:173)
	at org.testng.internal.MethodRunner.runInSequence(MethodRunner.java:46)
	at org.testng.internal.TestInvoker$MethodInvocationAgent.invoke(TestInvoker.java:824)
	at org.testng.internal.TestInvoker.invokeTestMethods(TestInvoker.java:146)
	at org.testng.internal.TestMethodWorker.invokeTestMethods(TestMethodWorker.java:146)
	at org.testng.internal.TestMethodWorker.run(TestMethodWorker.java:128)
	at java.base/java.util.ArrayList.forEach(ArrayList.java:1511)
	at org.testng.TestRunner.privateRun(TestRunner.java:794)
	at org.testng.TestRunner.run(TestRunner.java:596)
	at org.testng.SuiteRunner.runTest(SuiteRunner.java:377)
	at org.testng.SuiteRunner.runSequentially(SuiteRunner.java:371)
	at org.testng.SuiteRunner.privateRun(SuiteRunner.java:332)
	at org.testng.SuiteRunner.run(SuiteRunner.java:276)
	at org.testng.SuiteRunnerWorker.runSuite(SuiteRunnerWorker.java:53)
	at org.testng.SuiteRunnerWorker.run(SuiteRunnerWorker.java:96)
	at org.testng.TestNG.runSuitesSequentially(TestNG.java:1212)
	at org.testng.TestNG.runSuitesLocally(TestNG.java:1134)
	at org.testng.TestNG.runSuites(TestNG.java:1063)
	at org.testng.TestNG.run(TestNG.java:1031)
	at org.testng.remote.AbstractRemoteTestNG.run(AbstractRemoteTestNG.java:115)
	at org.testng.remote.RemoteTestNG.initAndRun(RemoteTestNG.java:251)
	at org.testng.remote.RemoteTestNG.main(RemoteTestNG.java:77)
24 Jan 2025 14:12:02  INFO logger - Launching the app...
24 Jan 2025 14:12:02  INFO logger - Test Started: verifyproductPageSearchtoElement
24 Jan 2025 14:12:02 ERROR logger - Test Failed: verifyproductPageSearchtoElement
java.lang.NullPointerException: Cannot invoke "org.openqa.selenium.WebDriver.findElement(org.openqa.selenium.By)" because "driver" is null
	at org.openqa.selenium.support.ui.ExpectedConditions$7.apply(ExpectedConditions.java:194)
	at org.openqa.selenium.support.ui.ExpectedConditions$7.apply(ExpectedConditions.java:190)
	at org.openqa.selenium.support.ui.FluentWait.until(FluentWait.java:203)
	at com.waits.waits.waitUntilElementIsVisible(waits.java:72)
	at com.pageObjects.LoginPage.setEmailAddress(LoginPage.java:49)
	at com.qa.base.BaseClass.LoginToApplication(BaseClass.java:112)
	at com.qa.base.BaseClass.Login(BaseClass.java:120)
	at java.base/jdk.internal.reflect.DirectMethodHandleAccessor.invoke(DirectMethodHandleAccessor.java:104)
	at java.base/java.lang.reflect.Method.invoke(Method.java:578)
	at org.testng.internal.MethodInvocationHelper.invokeMethod(MethodInvocationHelper.java:133)
	at org.testng.internal.MethodInvocationHelper.invokeMethodConsideringTimeout(MethodInvocationHelper.java:62)
	at org.testng.internal.ConfigInvoker.invokeConfigurationMethod(ConfigInvoker.java:385)
	at org.testng.internal.ConfigInvoker.invokeConfigurations(ConfigInvoker.java:321)
	at org.testng.internal.TestInvoker.runConfigMethods(TestInvoker.java:700)
	at org.testng.internal.TestInvoker.invokeMethod(TestInvoker.java:527)
	at org.testng.internal.TestInvoker.invokeTestMethod(TestInvoker.java:173)
	at org.testng.internal.MethodRunner.runInSequence(MethodRunner.java:46)
	at org.testng.internal.TestInvoker$MethodInvocationAgent.invoke(TestInvoker.java:824)
	at org.testng.internal.TestInvoker.invokeTestMethods(TestInvoker.java:146)
	at org.testng.internal.TestMethodWorker.invokeTestMethods(TestMethodWorker.java:146)
	at org.testng.internal.TestMethodWorker.run(TestMethodWorker.java:128)
	at java.base/java.util.ArrayList.forEach(ArrayList.java:1511)
	at org.testng.TestRunner.privateRun(TestRunner.java:794)
	at org.testng.TestRunner.run(TestRunner.java:596)
	at org.testng.SuiteRunner.runTest(SuiteRunner.java:377)
	at org.testng.SuiteRunner.runSequentially(SuiteRunner.java:371)
	at org.testng.SuiteRunner.privateRun(SuiteRunner.java:332)
	at org.testng.SuiteRunner.run(SuiteRunner.java:276)
	at org.testng.SuiteRunnerWorker.runSuite(SuiteRunnerWorker.java:53)
	at org.testng.SuiteRunnerWorker.run(SuiteRunnerWorker.java:96)
	at org.testng.TestNG.runSuitesSequentially(TestNG.java:1212)
	at org.testng.TestNG.runSuitesLocally(TestNG.java:1134)
	at org.testng.TestNG.runSuites(TestNG.java:1063)
	at org.testng.TestNG.run(TestNG.java:1031)
	at org.testng.remote.AbstractRemoteTestNG.run(AbstractRemoteTestNG.java:115)
	at org.testng.remote.RemoteTestNG.initAndRun(RemoteTestNG.java:251)
	at org.testng.remote.RemoteTestNG.main(RemoteTestNG.java:77)
24 Jan 2025 14:12:02 ERROR logger - Test Failed: verifyproductPageSearchtoElement
java.lang.NullPointerException: Cannot invoke "org.openqa.selenium.TakesScreenshot.getScreenshotAs(org.openqa.selenium.OutputType)" because "driver" is null
	at com.qa.extendReportListener.ExtentReportListener.captureScreenshot(ExtentReportListener.java:79)
	at com.qa.extendReportListener.ExtentReportListener.onTestSkipped(ExtentReportListener.java:56)
	at org.testng.internal.TestListenerHelper.runTestListeners(TestListenerHelper.java:87)
	at org.testng.internal.TestInvoker.runTestResultListener(TestInvoker.java:219)
	at org.testng.internal.TestInvoker.invokeListenersForSkippedTestResult(TestInvoker.java:447)
	at org.testng.internal.TestInvoker.invokeMethod(TestInvoker.java:545)
	at org.testng.internal.TestInvoker.invokeTestMethod(TestInvoker.java:173)
	at org.testng.internal.MethodRunner.runInSequence(MethodRunner.java:46)
	at org.testng.internal.TestInvoker$MethodInvocationAgent.invoke(TestInvoker.java:824)
	at org.testng.internal.TestInvoker.invokeTestMethods(TestInvoker.java:146)
	at org.testng.internal.TestMethodWorker.invokeTestMethods(TestMethodWorker.java:146)
	at org.testng.internal.TestMethodWorker.run(TestMethodWorker.java:128)
	at java.base/java.util.ArrayList.forEach(ArrayList.java:1511)
	at org.testng.TestRunner.privateRun(TestRunner.java:794)
	at org.testng.TestRunner.run(TestRunner.java:596)
	at org.testng.SuiteRunner.runTest(SuiteRunner.java:377)
	at org.testng.SuiteRunner.runSequentially(SuiteRunner.java:371)
	at org.testng.SuiteRunner.privateRun(SuiteRunner.java:332)
	at org.testng.SuiteRunner.run(SuiteRunner.java:276)
	at org.testng.SuiteRunnerWorker.runSuite(SuiteRunnerWorker.java:53)
	at org.testng.SuiteRunnerWorker.run(SuiteRunnerWorker.java:96)
	at org.testng.TestNG.runSuitesSequentially(TestNG.java:1212)
	at org.testng.TestNG.runSuitesLocally(TestNG.java:1134)
	at org.testng.TestNG.runSuites(TestNG.java:1063)
	at org.testng.TestNG.run(TestNG.java:1031)
	at org.testng.remote.AbstractRemoteTestNG.run(AbstractRemoteTestNG.java:115)
	at org.testng.remote.RemoteTestNG.initAndRun(RemoteTestNG.java:251)
	at org.testng.remote.RemoteTestNG.main(RemoteTestNG.java:77)
24 Jan 2025 14:12:03  INFO logger - Test Suite Execution Completed
24 Jan 2025 14:21:28  INFO logger - Launching the app...
24 Jan 2025 14:21:28  INFO logger - Test Started: verifyproductPageScrollingtoElement
24 Jan 2025 14:21:28 ERROR logger - Test Failed: verifyproductPageScrollingtoElement
io.appium.java_client.service.local.AppiumServerHasNotBeenStartedLocallyException: Appium HTTP server is not listening at http://192.168.78.252:4723/ after 20000 ms timeout. Consider increasing the server startup timeout value and check the server log for possible error messages occurrences.
Node.js executable path: C:\Program Files\nodejs\node.exe
Arguments: [C:\Users\Akanksha.Singh\AppData\Roaming\npm\node_modules\appium\lib\main.js, --port, 4723, --address, 192.168.78.252]
Server log: (node:33196) Warning: To load an ES module, set "type": "module" in the package.json or use the .mjs extension.
(Use `node --trace-warnings ...` to show where the warning was created)
C:\Users\Akanksha.Singh\AppData\Roaming\npm\node_modules\appium\lib\main.js:3
import {WebSocketServer} from 'ws';
^^^^^^

SyntaxError: Cannot use import statement outside a module
    at internalCompileFunction (node:internal/vm:76:18)
    at wrapSafe (node:internal/modules/cjs/loader:1283:20)
    at Module._compile (node:internal/modules/cjs/loader:1328:27)
    at Module._extensions..js (node:internal/modules/cjs/loader:1422:10)
    at Module.load (node:internal/modules/cjs/loader:1203:32)
    at Module._load (node:internal/modules/cjs/loader:1019:12)
    at Function.executeUserEntryPoint [as runMain] (node:internal/modules/run_main:128:12)
    at node:internal/main/run_main_module:28:49

Node.js v18.20.5

	at io.appium.java_client.service.local.AppiumDriverLocalService.start(AppiumDriverLocalService.java:192)
	at com.qa.base.BaseClass.ConfigureAppium(BaseClass.java:47)
	at java.base/jdk.internal.reflect.DirectMethodHandleAccessor.invoke(DirectMethodHandleAccessor.java:104)
	at java.base/java.lang.reflect.Method.invoke(Method.java:578)
	at org.testng.internal.MethodInvocationHelper.invokeMethod(MethodInvocationHelper.java:133)
	at org.testng.internal.MethodInvocationHelper.invokeMethodConsideringTimeout(MethodInvocationHelper.java:62)
	at org.testng.internal.ConfigInvoker.invokeConfigurationMethod(ConfigInvoker.java:385)
	at org.testng.internal.ConfigInvoker.invokeConfigurations(ConfigInvoker.java:321)
	at org.testng.internal.TestInvoker.runConfigMethods(TestInvoker.java:700)
	at org.testng.internal.TestInvoker.invokeMethod(TestInvoker.java:527)
	at org.testng.internal.TestInvoker.invokeTestMethod(TestInvoker.java:173)
	at org.testng.internal.MethodRunner.runInSequence(MethodRunner.java:46)
	at org.testng.internal.TestInvoker$MethodInvocationAgent.invoke(TestInvoker.java:824)
	at org.testng.internal.TestInvoker.invokeTestMethods(TestInvoker.java:146)
	at org.testng.internal.TestMethodWorker.invokeTestMethods(TestMethodWorker.java:146)
	at org.testng.internal.TestMethodWorker.run(TestMethodWorker.java:128)
	at java.base/java.util.ArrayList.forEach(ArrayList.java:1511)
	at org.testng.TestRunner.privateRun(TestRunner.java:794)
	at org.testng.TestRunner.run(TestRunner.java:596)
	at org.testng.SuiteRunner.runTest(SuiteRunner.java:377)
	at org.testng.SuiteRunner.runSequentially(SuiteRunner.java:371)
	at org.testng.SuiteRunner.privateRun(SuiteRunner.java:332)
	at org.testng.SuiteRunner.run(SuiteRunner.java:276)
	at org.testng.SuiteRunnerWorker.runSuite(SuiteRunnerWorker.java:53)
	at org.testng.SuiteRunnerWorker.run(SuiteRunnerWorker.java:96)
	at org.testng.TestNG.runSuitesSequentially(TestNG.java:1212)
	at org.testng.TestNG.runSuitesLocally(TestNG.java:1134)
	at org.testng.TestNG.runSuites(TestNG.java:1063)
	at org.testng.TestNG.run(TestNG.java:1031)
	at org.testng.remote.AbstractRemoteTestNG.run(AbstractRemoteTestNG.java:115)
	at org.testng.remote.RemoteTestNG.initAndRun(RemoteTestNG.java:251)
	at org.testng.remote.RemoteTestNG.main(RemoteTestNG.java:77)
Caused by: io.appium.java_client.service.local.AppiumServerAvailabilityChecker$ConnectionTimeout: ConnectionTimeout
	at io.appium.java_client.service.local.AppiumServerAvailabilityChecker.waitUntilAvailable(AppiumServerAvailabilityChecker.java:72)
	at io.appium.java_client.service.local.AppiumDriverLocalService.ping(AppiumDriverLocalService.java:144)
	at io.appium.java_client.service.local.AppiumDriverLocalService.start(AppiumDriverLocalService.java:185)
	... 31 more
Caused by: java.net.SocketTimeoutException: Connect timed out
	at java.base/sun.nio.ch.NioSocketImpl.timedFinishConnect(NioSocketImpl.java:539)
	at java.base/sun.nio.ch.NioSocketImpl.connect(NioSocketImpl.java:585)
	at java.base/java.net.Socket.connect(Socket.java:666)
	at java.base/sun.net.NetworkClient.doConnect(NetworkClient.java:178)
	at java.base/sun.net.www.http.HttpClient.openServer(HttpClient.java:531)
	at java.base/sun.net.www.http.HttpClient.openServer(HttpClient.java:636)
	at java.base/sun.net.www.http.HttpClient.<init>(HttpClient.java:279)
	at java.base/sun.net.www.http.HttpClient.New(HttpClient.java:384)
	at java.base/sun.net.www.http.HttpClient.New(HttpClient.java:406)
	at java.base/sun.net.www.protocol.http.HttpURLConnection.getNewHttpClient(HttpURLConnection.java:1308)
	at java.base/sun.net.www.protocol.http.HttpURLConnection.plainConnect0(HttpURLConnection.java:1241)
	at java.base/sun.net.www.protocol.http.HttpURLConnection.plainConnect(HttpURLConnection.java:1127)
	at java.base/sun.net.www.protocol.http.HttpURLConnection.connect(HttpURLConnection.java:1056)
	at io.appium.java_client.service.local.AppiumServerAvailabilityChecker.connectToUrl(AppiumServerAvailabilityChecker.java:79)
	at io.appium.java_client.service.local.AppiumServerAvailabilityChecker.waitUntilAvailable(AppiumServerAvailabilityChecker.java:61)
	... 33 more
24 Jan 2025 14:21:28 ERROR logger - Test Failed: verifyproductPageScrollingtoElement
java.lang.NullPointerException: Cannot invoke "org.openqa.selenium.TakesScreenshot.getScreenshotAs(org.openqa.selenium.OutputType)" because "driver" is null
	at com.qa.extendReportListener.ExtentReportListener.captureScreenshot(ExtentReportListener.java:107)
	at com.qa.extendReportListener.ExtentReportListener.onTestSkipped(ExtentReportListener.java:67)
	at org.testng.internal.TestListenerHelper.runTestListeners(TestListenerHelper.java:87)
	at org.testng.internal.TestInvoker.runTestResultListener(TestInvoker.java:219)
	at org.testng.internal.TestInvoker.invokeListenersForSkippedTestResult(TestInvoker.java:447)
	at org.testng.internal.TestInvoker.invokeMethod(TestInvoker.java:545)
	at org.testng.internal.TestInvoker.invokeTestMethod(TestInvoker.java:173)
	at org.testng.internal.MethodRunner.runInSequence(MethodRunner.java:46)
	at org.testng.internal.TestInvoker$MethodInvocationAgent.invoke(TestInvoker.java:824)
	at org.testng.internal.TestInvoker.invokeTestMethods(TestInvoker.java:146)
	at org.testng.internal.TestMethodWorker.invokeTestMethods(TestMethodWorker.java:146)
	at org.testng.internal.TestMethodWorker.run(TestMethodWorker.java:128)
	at java.base/java.util.ArrayList.forEach(ArrayList.java:1511)
	at org.testng.TestRunner.privateRun(TestRunner.java:794)
	at org.testng.TestRunner.run(TestRunner.java:596)
	at org.testng.SuiteRunner.runTest(SuiteRunner.java:377)
	at org.testng.SuiteRunner.runSequentially(SuiteRunner.java:371)
	at org.testng.SuiteRunner.privateRun(SuiteRunner.java:332)
	at org.testng.SuiteRunner.run(SuiteRunner.java:276)
	at org.testng.SuiteRunnerWorker.runSuite(SuiteRunnerWorker.java:53)
	at org.testng.SuiteRunnerWorker.run(SuiteRunnerWorker.java:96)
	at org.testng.TestNG.runSuitesSequentially(TestNG.java:1212)
	at org.testng.TestNG.runSuitesLocally(TestNG.java:1134)
	at org.testng.TestNG.runSuites(TestNG.java:1063)
	at org.testng.TestNG.run(TestNG.java:1031)
	at org.testng.remote.AbstractRemoteTestNG.run(AbstractRemoteTestNG.java:115)
	at org.testng.remote.RemoteTestNG.initAndRun(RemoteTestNG.java:251)
	at org.testng.remote.RemoteTestNG.main(RemoteTestNG.java:77)
24 Jan 2025 14:21:28  INFO logger - Launching the app...
24 Jan 2025 14:21:28  INFO logger - Test Started: verifyproductPageSearchtoElement
24 Jan 2025 14:21:28 ERROR logger - Test Failed: verifyproductPageSearchtoElement
io.appium.java_client.service.local.AppiumServerHasNotBeenStartedLocallyException: Appium HTTP server is not listening at http://192.168.78.252:4723/ after 20000 ms timeout. Consider increasing the server startup timeout value and check the server log for possible error messages occurrences.
Node.js executable path: C:\Program Files\nodejs\node.exe
Arguments: [C:\Users\Akanksha.Singh\AppData\Roaming\npm\node_modules\appium\lib\main.js, --port, 4723, --address, 192.168.78.252]
Server log: (node:33196) Warning: To load an ES module, set "type": "module" in the package.json or use the .mjs extension.
(Use `node --trace-warnings ...` to show where the warning was created)
C:\Users\Akanksha.Singh\AppData\Roaming\npm\node_modules\appium\lib\main.js:3
import {WebSocketServer} from 'ws';
^^^^^^

SyntaxError: Cannot use import statement outside a module
    at internalCompileFunction (node:internal/vm:76:18)
    at wrapSafe (node:internal/modules/cjs/loader:1283:20)
    at Module._compile (node:internal/modules/cjs/loader:1328:27)
    at Module._extensions..js (node:internal/modules/cjs/loader:1422:10)
    at Module.load (node:internal/modules/cjs/loader:1203:32)
    at Module._load (node:internal/modules/cjs/loader:1019:12)
    at Function.executeUserEntryPoint [as runMain] (node:internal/modules/run_main:128:12)
    at node:internal/main/run_main_module:28:49

Node.js v18.20.5

	at io.appium.java_client.service.local.AppiumDriverLocalService.start(AppiumDriverLocalService.java:192)
	at com.qa.base.BaseClass.ConfigureAppium(BaseClass.java:47)
	at java.base/jdk.internal.reflect.DirectMethodHandleAccessor.invoke(DirectMethodHandleAccessor.java:104)
	at java.base/java.lang.reflect.Method.invoke(Method.java:578)
	at org.testng.internal.MethodInvocationHelper.invokeMethod(MethodInvocationHelper.java:133)
	at org.testng.internal.MethodInvocationHelper.invokeMethodConsideringTimeout(MethodInvocationHelper.java:62)
	at org.testng.internal.ConfigInvoker.invokeConfigurationMethod(ConfigInvoker.java:385)
	at org.testng.internal.ConfigInvoker.invokeConfigurations(ConfigInvoker.java:321)
	at org.testng.internal.TestInvoker.runConfigMethods(TestInvoker.java:700)
	at org.testng.internal.TestInvoker.invokeMethod(TestInvoker.java:527)
	at org.testng.internal.TestInvoker.invokeTestMethod(TestInvoker.java:173)
	at org.testng.internal.MethodRunner.runInSequence(MethodRunner.java:46)
	at org.testng.internal.TestInvoker$MethodInvocationAgent.invoke(TestInvoker.java:824)
	at org.testng.internal.TestInvoker.invokeTestMethods(TestInvoker.java:146)
	at org.testng.internal.TestMethodWorker.invokeTestMethods(TestMethodWorker.java:146)
	at org.testng.internal.TestMethodWorker.run(TestMethodWorker.java:128)
	at java.base/java.util.ArrayList.forEach(ArrayList.java:1511)
	at org.testng.TestRunner.privateRun(TestRunner.java:794)
	at org.testng.TestRunner.run(TestRunner.java:596)
	at org.testng.SuiteRunner.runTest(SuiteRunner.java:377)
	at org.testng.SuiteRunner.runSequentially(SuiteRunner.java:371)
	at org.testng.SuiteRunner.privateRun(SuiteRunner.java:332)
	at org.testng.SuiteRunner.run(SuiteRunner.java:276)
	at org.testng.SuiteRunnerWorker.runSuite(SuiteRunnerWorker.java:53)
	at org.testng.SuiteRunnerWorker.run(SuiteRunnerWorker.java:96)
	at org.testng.TestNG.runSuitesSequentially(TestNG.java:1212)
	at org.testng.TestNG.runSuitesLocally(TestNG.java:1134)
	at org.testng.TestNG.runSuites(TestNG.java:1063)
	at org.testng.TestNG.run(TestNG.java:1031)
	at org.testng.remote.AbstractRemoteTestNG.run(AbstractRemoteTestNG.java:115)
	at org.testng.remote.RemoteTestNG.initAndRun(RemoteTestNG.java:251)
	at org.testng.remote.RemoteTestNG.main(RemoteTestNG.java:77)
Caused by: io.appium.java_client.service.local.AppiumServerAvailabilityChecker$ConnectionTimeout: ConnectionTimeout
	at io.appium.java_client.service.local.AppiumServerAvailabilityChecker.waitUntilAvailable(AppiumServerAvailabilityChecker.java:72)
	at io.appium.java_client.service.local.AppiumDriverLocalService.ping(AppiumDriverLocalService.java:144)
	at io.appium.java_client.service.local.AppiumDriverLocalService.start(AppiumDriverLocalService.java:185)
	... 31 more
Caused by: java.net.SocketTimeoutException: Connect timed out
	at java.base/sun.nio.ch.NioSocketImpl.timedFinishConnect(NioSocketImpl.java:539)
	at java.base/sun.nio.ch.NioSocketImpl.connect(NioSocketImpl.java:585)
	at java.base/java.net.Socket.connect(Socket.java:666)
	at java.base/sun.net.NetworkClient.doConnect(NetworkClient.java:178)
	at java.base/sun.net.www.http.HttpClient.openServer(HttpClient.java:531)
	at java.base/sun.net.www.http.HttpClient.openServer(HttpClient.java:636)
	at java.base/sun.net.www.http.HttpClient.<init>(HttpClient.java:279)
	at java.base/sun.net.www.http.HttpClient.New(HttpClient.java:384)
	at java.base/sun.net.www.http.HttpClient.New(HttpClient.java:406)
	at java.base/sun.net.www.protocol.http.HttpURLConnection.getNewHttpClient(HttpURLConnection.java:1308)
	at java.base/sun.net.www.protocol.http.HttpURLConnection.plainConnect0(HttpURLConnection.java:1241)
	at java.base/sun.net.www.protocol.http.HttpURLConnection.plainConnect(HttpURLConnection.java:1127)
	at java.base/sun.net.www.protocol.http.HttpURLConnection.connect(HttpURLConnection.java:1056)
	at io.appium.java_client.service.local.AppiumServerAvailabilityChecker.connectToUrl(AppiumServerAvailabilityChecker.java:79)
	at io.appium.java_client.service.local.AppiumServerAvailabilityChecker.waitUntilAvailable(AppiumServerAvailabilityChecker.java:61)
	... 33 more
24 Jan 2025 14:21:28 ERROR logger - Test Failed: verifyproductPageSearchtoElement
java.lang.NullPointerException: Cannot invoke "org.openqa.selenium.TakesScreenshot.getScreenshotAs(org.openqa.selenium.OutputType)" because "driver" is null
	at com.qa.extendReportListener.ExtentReportListener.captureScreenshot(ExtentReportListener.java:107)
	at com.qa.extendReportListener.ExtentReportListener.onTestSkipped(ExtentReportListener.java:67)
	at org.testng.internal.TestListenerHelper.runTestListeners(TestListenerHelper.java:87)
	at org.testng.internal.TestInvoker.runTestResultListener(TestInvoker.java:219)
	at org.testng.internal.TestInvoker.invokeListenersForSkippedTestResult(TestInvoker.java:447)
	at org.testng.internal.TestInvoker.invokeMethod(TestInvoker.java:545)
	at org.testng.internal.TestInvoker.invokeTestMethod(TestInvoker.java:173)
	at org.testng.internal.MethodRunner.runInSequence(MethodRunner.java:46)
	at org.testng.internal.TestInvoker$MethodInvocationAgent.invoke(TestInvoker.java:824)
	at org.testng.internal.TestInvoker.invokeTestMethods(TestInvoker.java:146)
	at org.testng.internal.TestMethodWorker.invokeTestMethods(TestMethodWorker.java:146)
	at org.testng.internal.TestMethodWorker.run(TestMethodWorker.java:128)
	at java.base/java.util.ArrayList.forEach(ArrayList.java:1511)
	at org.testng.TestRunner.privateRun(TestRunner.java:794)
	at org.testng.TestRunner.run(TestRunner.java:596)
	at org.testng.SuiteRunner.runTest(SuiteRunner.java:377)
	at org.testng.SuiteRunner.runSequentially(SuiteRunner.java:371)
	at org.testng.SuiteRunner.privateRun(SuiteRunner.java:332)
	at org.testng.SuiteRunner.run(SuiteRunner.java:276)
	at org.testng.SuiteRunnerWorker.runSuite(SuiteRunnerWorker.java:53)
	at org.testng.SuiteRunnerWorker.run(SuiteRunnerWorker.java:96)
	at org.testng.TestNG.runSuitesSequentially(TestNG.java:1212)
	at org.testng.TestNG.runSuitesLocally(TestNG.java:1134)
	at org.testng.TestNG.runSuites(TestNG.java:1063)
	at org.testng.TestNG.run(TestNG.java:1031)
	at org.testng.remote.AbstractRemoteTestNG.run(AbstractRemoteTestNG.java:115)
	at org.testng.remote.RemoteTestNG.initAndRun(RemoteTestNG.java:251)
	at org.testng.remote.RemoteTestNG.main(RemoteTestNG.java:77)
24 Jan 2025 14:21:28  INFO logger - Test Suite Execution Completed
24 Jan 2025 14:47:49  INFO logger - Launching the app...
24 Jan 2025 14:47:49  INFO logger - Test Started: verifyproductPageScrollingtoElement
24 Jan 2025 14:47:49 ERROR logger - Test Failed: verifyproductPageScrollingtoElement
java.lang.NullPointerException: Cannot invoke "org.openqa.selenium.WebDriver.findElement(org.openqa.selenium.By)" because "driver" is null
	at org.openqa.selenium.support.ui.ExpectedConditions$7.apply(ExpectedConditions.java:194)
	at org.openqa.selenium.support.ui.ExpectedConditions$7.apply(ExpectedConditions.java:190)
	at org.openqa.selenium.support.ui.FluentWait.until(FluentWait.java:203)
	at com.waits.waits.waitUntilElementIsVisible(waits.java:72)
	at com.pageObjects.LoginPage.setEmailAddress(LoginPage.java:49)
	at com.qa.base.BaseClass.LoginToApplication(BaseClass.java:113)
	at com.qa.base.BaseClass.Login(BaseClass.java:121)
	at java.base/jdk.internal.reflect.DirectMethodHandleAccessor.invoke(DirectMethodHandleAccessor.java:104)
	at java.base/java.lang.reflect.Method.invoke(Method.java:578)
	at org.testng.internal.MethodInvocationHelper.invokeMethod(MethodInvocationHelper.java:133)
	at org.testng.internal.MethodInvocationHelper.invokeMethodConsideringTimeout(MethodInvocationHelper.java:62)
	at org.testng.internal.ConfigInvoker.invokeConfigurationMethod(ConfigInvoker.java:385)
	at org.testng.internal.ConfigInvoker.invokeConfigurations(ConfigInvoker.java:321)
	at org.testng.internal.TestInvoker.runConfigMethods(TestInvoker.java:700)
	at org.testng.internal.TestInvoker.invokeMethod(TestInvoker.java:527)
	at org.testng.internal.TestInvoker.invokeTestMethod(TestInvoker.java:173)
	at org.testng.internal.MethodRunner.runInSequence(MethodRunner.java:46)
	at org.testng.internal.TestInvoker$MethodInvocationAgent.invoke(TestInvoker.java:824)
	at org.testng.internal.TestInvoker.invokeTestMethods(TestInvoker.java:146)
	at org.testng.internal.TestMethodWorker.invokeTestMethods(TestMethodWorker.java:146)
	at org.testng.internal.TestMethodWorker.run(TestMethodWorker.java:128)
	at java.base/java.util.ArrayList.forEach(ArrayList.java:1511)
	at org.testng.TestRunner.privateRun(TestRunner.java:794)
	at org.testng.TestRunner.run(TestRunner.java:596)
	at org.testng.SuiteRunner.runTest(SuiteRunner.java:377)
	at org.testng.SuiteRunner.runSequentially(SuiteRunner.java:371)
	at org.testng.SuiteRunner.privateRun(SuiteRunner.java:332)
	at org.testng.SuiteRunner.run(SuiteRunner.java:276)
	at org.testng.SuiteRunnerWorker.runSuite(SuiteRunnerWorker.java:53)
	at org.testng.SuiteRunnerWorker.run(SuiteRunnerWorker.java:96)
	at org.testng.TestNG.runSuitesSequentially(TestNG.java:1212)
	at org.testng.TestNG.runSuitesLocally(TestNG.java:1134)
	at org.testng.TestNG.runSuites(TestNG.java:1063)
	at org.testng.TestNG.run(TestNG.java:1031)
	at org.testng.remote.AbstractRemoteTestNG.run(AbstractRemoteTestNG.java:115)
	at org.testng.remote.RemoteTestNG.initAndRun(RemoteTestNG.java:251)
	at org.testng.remote.RemoteTestNG.main(RemoteTestNG.java:77)
24 Jan 2025 14:47:49 ERROR logger - Test Failed: verifyproductPageScrollingtoElement
java.lang.NullPointerException: Cannot invoke "org.openqa.selenium.TakesScreenshot.getScreenshotAs(org.openqa.selenium.OutputType)" because "driver" is null
	at com.qa.extendReportListener.ExtentReportListener.captureScreenshot(ExtentReportListener.java:91)
	at com.qa.extendReportListener.ExtentReportListener.onTestSkipped(ExtentReportListener.java:57)
	at org.testng.internal.TestListenerHelper.runTestListeners(TestListenerHelper.java:87)
	at org.testng.internal.TestInvoker.runTestResultListener(TestInvoker.java:219)
	at org.testng.internal.TestInvoker.invokeListenersForSkippedTestResult(TestInvoker.java:447)
	at org.testng.internal.TestInvoker.invokeMethod(TestInvoker.java:545)
	at org.testng.internal.TestInvoker.invokeTestMethod(TestInvoker.java:173)
	at org.testng.internal.MethodRunner.runInSequence(MethodRunner.java:46)
	at org.testng.internal.TestInvoker$MethodInvocationAgent.invoke(TestInvoker.java:824)
	at org.testng.internal.TestInvoker.invokeTestMethods(TestInvoker.java:146)
	at org.testng.internal.TestMethodWorker.invokeTestMethods(TestMethodWorker.java:146)
	at org.testng.internal.TestMethodWorker.run(TestMethodWorker.java:128)
	at java.base/java.util.ArrayList.forEach(ArrayList.java:1511)
	at org.testng.TestRunner.privateRun(TestRunner.java:794)
	at org.testng.TestRunner.run(TestRunner.java:596)
	at org.testng.SuiteRunner.runTest(SuiteRunner.java:377)
	at org.testng.SuiteRunner.runSequentially(SuiteRunner.java:371)
	at org.testng.SuiteRunner.privateRun(SuiteRunner.java:332)
	at org.testng.SuiteRunner.run(SuiteRunner.java:276)
	at org.testng.SuiteRunnerWorker.runSuite(SuiteRunnerWorker.java:53)
	at org.testng.SuiteRunnerWorker.run(SuiteRunnerWorker.java:96)
	at org.testng.TestNG.runSuitesSequentially(TestNG.java:1212)
	at org.testng.TestNG.runSuitesLocally(TestNG.java:1134)
	at org.testng.TestNG.runSuites(TestNG.java:1063)
	at org.testng.TestNG.run(TestNG.java:1031)
	at org.testng.remote.AbstractRemoteTestNG.run(AbstractRemoteTestNG.java:115)
	at org.testng.remote.RemoteTestNG.initAndRun(RemoteTestNG.java:251)
	at org.testng.remote.RemoteTestNG.main(RemoteTestNG.java:77)
24 Jan 2025 14:47:49  INFO logger - Launching the app...
24 Jan 2025 14:47:49  INFO logger - Test Started: verifyproductPageSearchtoElement
24 Jan 2025 14:47:49 ERROR logger - Test Failed: verifyproductPageSearchtoElement
java.lang.NullPointerException: Cannot invoke "org.openqa.selenium.WebDriver.findElement(org.openqa.selenium.By)" because "driver" is null
	at org.openqa.selenium.support.ui.ExpectedConditions$7.apply(ExpectedConditions.java:194)
	at org.openqa.selenium.support.ui.ExpectedConditions$7.apply(ExpectedConditions.java:190)
	at org.openqa.selenium.support.ui.FluentWait.until(FluentWait.java:203)
	at com.waits.waits.waitUntilElementIsVisible(waits.java:72)
	at com.pageObjects.LoginPage.setEmailAddress(LoginPage.java:49)
	at com.qa.base.BaseClass.LoginToApplication(BaseClass.java:113)
	at com.qa.base.BaseClass.Login(BaseClass.java:121)
	at java.base/jdk.internal.reflect.DirectMethodHandleAccessor.invoke(DirectMethodHandleAccessor.java:104)
	at java.base/java.lang.reflect.Method.invoke(Method.java:578)
	at org.testng.internal.MethodInvocationHelper.invokeMethod(MethodInvocationHelper.java:133)
	at org.testng.internal.MethodInvocationHelper.invokeMethodConsideringTimeout(MethodInvocationHelper.java:62)
	at org.testng.internal.ConfigInvoker.invokeConfigurationMethod(ConfigInvoker.java:385)
	at org.testng.internal.ConfigInvoker.invokeConfigurations(ConfigInvoker.java:321)
	at org.testng.internal.TestInvoker.runConfigMethods(TestInvoker.java:700)
	at org.testng.internal.TestInvoker.invokeMethod(TestInvoker.java:527)
	at org.testng.internal.TestInvoker.invokeTestMethod(TestInvoker.java:173)
	at org.testng.internal.MethodRunner.runInSequence(MethodRunner.java:46)
	at org.testng.internal.TestInvoker$MethodInvocationAgent.invoke(TestInvoker.java:824)
	at org.testng.internal.TestInvoker.invokeTestMethods(TestInvoker.java:146)
	at org.testng.internal.TestMethodWorker.invokeTestMethods(TestMethodWorker.java:146)
	at org.testng.internal.TestMethodWorker.run(TestMethodWorker.java:128)
	at java.base/java.util.ArrayList.forEach(ArrayList.java:1511)
	at org.testng.TestRunner.privateRun(TestRunner.java:794)
	at org.testng.TestRunner.run(TestRunner.java:596)
	at org.testng.SuiteRunner.runTest(SuiteRunner.java:377)
	at org.testng.SuiteRunner.runSequentially(SuiteRunner.java:371)
	at org.testng.SuiteRunner.privateRun(SuiteRunner.java:332)
	at org.testng.SuiteRunner.run(SuiteRunner.java:276)
	at org.testng.SuiteRunnerWorker.runSuite(SuiteRunnerWorker.java:53)
	at org.testng.SuiteRunnerWorker.run(SuiteRunnerWorker.java:96)
	at org.testng.TestNG.runSuitesSequentially(TestNG.java:1212)
	at org.testng.TestNG.runSuitesLocally(TestNG.java:1134)
	at org.testng.TestNG.runSuites(TestNG.java:1063)
	at org.testng.TestNG.run(TestNG.java:1031)
	at org.testng.remote.AbstractRemoteTestNG.run(AbstractRemoteTestNG.java:115)
	at org.testng.remote.RemoteTestNG.initAndRun(RemoteTestNG.java:251)
	at org.testng.remote.RemoteTestNG.main(RemoteTestNG.java:77)
24 Jan 2025 14:47:49 ERROR logger - Test Failed: verifyproductPageSearchtoElement
java.lang.NullPointerException: Cannot invoke "org.openqa.selenium.TakesScreenshot.getScreenshotAs(org.openqa.selenium.OutputType)" because "driver" is null
	at com.qa.extendReportListener.ExtentReportListener.captureScreenshot(ExtentReportListener.java:91)
	at com.qa.extendReportListener.ExtentReportListener.onTestSkipped(ExtentReportListener.java:57)
	at org.testng.internal.TestListenerHelper.runTestListeners(TestListenerHelper.java:87)
	at org.testng.internal.TestInvoker.runTestResultListener(TestInvoker.java:219)
	at org.testng.internal.TestInvoker.invokeListenersForSkippedTestResult(TestInvoker.java:447)
	at org.testng.internal.TestInvoker.invokeMethod(TestInvoker.java:545)
	at org.testng.internal.TestInvoker.invokeTestMethod(TestInvoker.java:173)
	at org.testng.internal.MethodRunner.runInSequence(MethodRunner.java:46)
	at org.testng.internal.TestInvoker$MethodInvocationAgent.invoke(TestInvoker.java:824)
	at org.testng.internal.TestInvoker.invokeTestMethods(TestInvoker.java:146)
	at org.testng.internal.TestMethodWorker.invokeTestMethods(TestMethodWorker.java:146)
	at org.testng.internal.TestMethodWorker.run(TestMethodWorker.java:128)
	at java.base/java.util.ArrayList.forEach(ArrayList.java:1511)
	at org.testng.TestRunner.privateRun(TestRunner.java:794)
	at org.testng.TestRunner.run(TestRunner.java:596)
	at org.testng.SuiteRunner.runTest(SuiteRunner.java:377)
	at org.testng.SuiteRunner.runSequentially(SuiteRunner.java:371)
	at org.testng.SuiteRunner.privateRun(SuiteRunner.java:332)
	at org.testng.SuiteRunner.run(SuiteRunner.java:276)
	at org.testng.SuiteRunnerWorker.runSuite(SuiteRunnerWorker.java:53)
	at org.testng.SuiteRunnerWorker.run(SuiteRunnerWorker.java:96)
	at org.testng.TestNG.runSuitesSequentially(TestNG.java:1212)
	at org.testng.TestNG.runSuitesLocally(TestNG.java:1134)
	at org.testng.TestNG.runSuites(TestNG.java:1063)
	at org.testng.TestNG.run(TestNG.java:1031)
	at org.testng.remote.AbstractRemoteTestNG.run(AbstractRemoteTestNG.java:115)
	at org.testng.remote.RemoteTestNG.initAndRun(RemoteTestNG.java:251)
	at org.testng.remote.RemoteTestNG.main(RemoteTestNG.java:77)
24 Jan 2025 14:47:50  INFO logger - Test Suite Execution Completed
24 Jan 2025 14:49:21  INFO logger - Launching the app...
24 Jan 2025 14:49:21  INFO logger - Test Started: verifyproductPageScrollingtoElement
24 Jan 2025 14:49:21 ERROR logger - Test Failed: verifyproductPageScrollingtoElement
java.lang.NullPointerException: Cannot invoke "org.openqa.selenium.WebDriver.findElement(org.openqa.selenium.By)" because "driver" is null
	at org.openqa.selenium.support.ui.ExpectedConditions$7.apply(ExpectedConditions.java:194)
	at org.openqa.selenium.support.ui.ExpectedConditions$7.apply(ExpectedConditions.java:190)
	at org.openqa.selenium.support.ui.FluentWait.until(FluentWait.java:203)
	at com.waits.waits.waitUntilElementIsVisible(waits.java:72)
	at com.pageObjects.LoginPage.setEmailAddress(LoginPage.java:49)
	at com.qa.base.BaseClass.LoginToApplication(BaseClass.java:113)
	at com.qa.base.BaseClass.Login(BaseClass.java:121)
	at java.base/jdk.internal.reflect.DirectMethodHandleAccessor.invoke(DirectMethodHandleAccessor.java:104)
	at java.base/java.lang.reflect.Method.invoke(Method.java:578)
	at org.testng.internal.MethodInvocationHelper.invokeMethod(MethodInvocationHelper.java:133)
	at org.testng.internal.MethodInvocationHelper.invokeMethodConsideringTimeout(MethodInvocationHelper.java:62)
	at org.testng.internal.ConfigInvoker.invokeConfigurationMethod(ConfigInvoker.java:385)
	at org.testng.internal.ConfigInvoker.invokeConfigurations(ConfigInvoker.java:321)
	at org.testng.internal.TestInvoker.runConfigMethods(TestInvoker.java:700)
	at org.testng.internal.TestInvoker.invokeMethod(TestInvoker.java:527)
	at org.testng.internal.TestInvoker.invokeTestMethod(TestInvoker.java:173)
	at org.testng.internal.MethodRunner.runInSequence(MethodRunner.java:46)
	at org.testng.internal.TestInvoker$MethodInvocationAgent.invoke(TestInvoker.java:824)
	at org.testng.internal.TestInvoker.invokeTestMethods(TestInvoker.java:146)
	at org.testng.internal.TestMethodWorker.invokeTestMethods(TestMethodWorker.java:146)
	at org.testng.internal.TestMethodWorker.run(TestMethodWorker.java:128)
	at java.base/java.util.ArrayList.forEach(ArrayList.java:1511)
	at org.testng.TestRunner.privateRun(TestRunner.java:794)
	at org.testng.TestRunner.run(TestRunner.java:596)
	at org.testng.SuiteRunner.runTest(SuiteRunner.java:377)
	at org.testng.SuiteRunner.runSequentially(SuiteRunner.java:371)
	at org.testng.SuiteRunner.privateRun(SuiteRunner.java:332)
	at org.testng.SuiteRunner.run(SuiteRunner.java:276)
	at org.testng.SuiteRunnerWorker.runSuite(SuiteRunnerWorker.java:53)
	at org.testng.SuiteRunnerWorker.run(SuiteRunnerWorker.java:96)
	at org.testng.TestNG.runSuitesSequentially(TestNG.java:1212)
	at org.testng.TestNG.runSuitesLocally(TestNG.java:1134)
	at org.testng.TestNG.runSuites(TestNG.java:1063)
	at org.testng.TestNG.run(TestNG.java:1031)
	at org.testng.remote.AbstractRemoteTestNG.run(AbstractRemoteTestNG.java:115)
	at org.testng.remote.RemoteTestNG.initAndRun(RemoteTestNG.java:251)
	at org.testng.remote.RemoteTestNG.main(RemoteTestNG.java:77)
24 Jan 2025 14:49:21  INFO logger - Launching the app...
24 Jan 2025 14:49:21  INFO logger - Test Started: verifyproductPageSearchtoElement
24 Jan 2025 14:49:21 ERROR logger - Test Failed: verifyproductPageSearchtoElement
java.lang.NullPointerException: Cannot invoke "org.openqa.selenium.WebDriver.findElement(org.openqa.selenium.By)" because "driver" is null
	at org.openqa.selenium.support.ui.ExpectedConditions$7.apply(ExpectedConditions.java:194)
	at org.openqa.selenium.support.ui.ExpectedConditions$7.apply(ExpectedConditions.java:190)
	at org.openqa.selenium.support.ui.FluentWait.until(FluentWait.java:203)
	at com.waits.waits.waitUntilElementIsVisible(waits.java:72)
	at com.pageObjects.LoginPage.setEmailAddress(LoginPage.java:49)
	at com.qa.base.BaseClass.LoginToApplication(BaseClass.java:113)
	at com.qa.base.BaseClass.Login(BaseClass.java:121)
	at java.base/jdk.internal.reflect.DirectMethodHandleAccessor.invoke(DirectMethodHandleAccessor.java:104)
	at java.base/java.lang.reflect.Method.invoke(Method.java:578)
	at org.testng.internal.MethodInvocationHelper.invokeMethod(MethodInvocationHelper.java:133)
	at org.testng.internal.MethodInvocationHelper.invokeMethodConsideringTimeout(MethodInvocationHelper.java:62)
	at org.testng.internal.ConfigInvoker.invokeConfigurationMethod(ConfigInvoker.java:385)
	at org.testng.internal.ConfigInvoker.invokeConfigurations(ConfigInvoker.java:321)
	at org.testng.internal.TestInvoker.runConfigMethods(TestInvoker.java:700)
	at org.testng.internal.TestInvoker.invokeMethod(TestInvoker.java:527)
	at org.testng.internal.TestInvoker.invokeTestMethod(TestInvoker.java:173)
	at org.testng.internal.MethodRunner.runInSequence(MethodRunner.java:46)
	at org.testng.internal.TestInvoker$MethodInvocationAgent.invoke(TestInvoker.java:824)
	at org.testng.internal.TestInvoker.invokeTestMethods(TestInvoker.java:146)
	at org.testng.internal.TestMethodWorker.invokeTestMethods(TestMethodWorker.java:146)
	at org.testng.internal.TestMethodWorker.run(TestMethodWorker.java:128)
	at java.base/java.util.ArrayList.forEach(ArrayList.java:1511)
	at org.testng.TestRunner.privateRun(TestRunner.java:794)
	at org.testng.TestRunner.run(TestRunner.java:596)
	at org.testng.SuiteRunner.runTest(SuiteRunner.java:377)
	at org.testng.SuiteRunner.runSequentially(SuiteRunner.java:371)
	at org.testng.SuiteRunner.privateRun(SuiteRunner.java:332)
	at org.testng.SuiteRunner.run(SuiteRunner.java:276)
	at org.testng.SuiteRunnerWorker.runSuite(SuiteRunnerWorker.java:53)
	at org.testng.SuiteRunnerWorker.run(SuiteRunnerWorker.java:96)
	at org.testng.TestNG.runSuitesSequentially(TestNG.java:1212)
	at org.testng.TestNG.runSuitesLocally(TestNG.java:1134)
	at org.testng.TestNG.runSuites(TestNG.java:1063)
	at org.testng.TestNG.run(TestNG.java:1031)
	at org.testng.remote.AbstractRemoteTestNG.run(AbstractRemoteTestNG.java:115)
	at org.testng.remote.RemoteTestNG.initAndRun(RemoteTestNG.java:251)
	at org.testng.remote.RemoteTestNG.main(RemoteTestNG.java:77)
24 Jan 2025 14:49:22  INFO logger - Test Suite Execution Completed
24 Jan 2025 14:50:36  INFO logger - Launching the app...
24 Jan 2025 14:50:36  INFO logger - Test Started: verifyproductPageScrollingtoElement
24 Jan 2025 14:50:36 ERROR logger - Test Failed: verifyproductPageScrollingtoElement
java.lang.NullPointerException: Cannot invoke "org.openqa.selenium.WebDriver.findElement(org.openqa.selenium.By)" because "driver" is null
	at org.openqa.selenium.support.ui.ExpectedConditions$7.apply(ExpectedConditions.java:194)
	at org.openqa.selenium.support.ui.ExpectedConditions$7.apply(ExpectedConditions.java:190)
	at org.openqa.selenium.support.ui.FluentWait.until(FluentWait.java:203)
	at com.waits.waits.waitUntilElementIsVisible(waits.java:72)
	at com.pageObjects.LoginPage.setEmailAddress(LoginPage.java:49)
	at com.qa.base.BaseClass.LoginToApplication(BaseClass.java:113)
	at com.qa.base.BaseClass.Login(BaseClass.java:121)
	at java.base/jdk.internal.reflect.DirectMethodHandleAccessor.invoke(DirectMethodHandleAccessor.java:104)
	at java.base/java.lang.reflect.Method.invoke(Method.java:578)
	at org.testng.internal.MethodInvocationHelper.invokeMethod(MethodInvocationHelper.java:133)
	at org.testng.internal.MethodInvocationHelper.invokeMethodConsideringTimeout(MethodInvocationHelper.java:62)
	at org.testng.internal.ConfigInvoker.invokeConfigurationMethod(ConfigInvoker.java:385)
	at org.testng.internal.ConfigInvoker.invokeConfigurations(ConfigInvoker.java:321)
	at org.testng.internal.TestInvoker.runConfigMethods(TestInvoker.java:700)
	at org.testng.internal.TestInvoker.invokeMethod(TestInvoker.java:527)
	at org.testng.internal.TestInvoker.invokeTestMethod(TestInvoker.java:173)
	at org.testng.internal.MethodRunner.runInSequence(MethodRunner.java:46)
	at org.testng.internal.TestInvoker$MethodInvocationAgent.invoke(TestInvoker.java:824)
	at org.testng.internal.TestInvoker.invokeTestMethods(TestInvoker.java:146)
	at org.testng.internal.TestMethodWorker.invokeTestMethods(TestMethodWorker.java:146)
	at org.testng.internal.TestMethodWorker.run(TestMethodWorker.java:128)
	at java.base/java.util.ArrayList.forEach(ArrayList.java:1511)
	at org.testng.TestRunner.privateRun(TestRunner.java:794)
	at org.testng.TestRunner.run(TestRunner.java:596)
	at org.testng.SuiteRunner.runTest(SuiteRunner.java:377)
	at org.testng.SuiteRunner.runSequentially(SuiteRunner.java:371)
	at org.testng.SuiteRunner.privateRun(SuiteRunner.java:332)
	at org.testng.SuiteRunner.run(SuiteRunner.java:276)
	at org.testng.SuiteRunnerWorker.runSuite(SuiteRunnerWorker.java:53)
	at org.testng.SuiteRunnerWorker.run(SuiteRunnerWorker.java:96)
	at org.testng.TestNG.runSuitesSequentially(TestNG.java:1212)
	at org.testng.TestNG.runSuitesLocally(TestNG.java:1134)
	at org.testng.TestNG.runSuites(TestNG.java:1063)
	at org.testng.TestNG.run(TestNG.java:1031)
	at org.testng.remote.AbstractRemoteTestNG.run(AbstractRemoteTestNG.java:115)
	at org.testng.remote.RemoteTestNG.initAndRun(RemoteTestNG.java:251)
	at org.testng.remote.RemoteTestNG.main(RemoteTestNG.java:77)
24 Jan 2025 14:50:36  INFO logger - Launching the app...
24 Jan 2025 14:50:36  INFO logger - Test Started: verifyproductPageSearchtoElement
24 Jan 2025 14:50:36 ERROR logger - Test Failed: verifyproductPageSearchtoElement
java.lang.NullPointerException: Cannot invoke "org.openqa.selenium.WebDriver.findElement(org.openqa.selenium.By)" because "driver" is null
	at org.openqa.selenium.support.ui.ExpectedConditions$7.apply(ExpectedConditions.java:194)
	at org.openqa.selenium.support.ui.ExpectedConditions$7.apply(ExpectedConditions.java:190)
	at org.openqa.selenium.support.ui.FluentWait.until(FluentWait.java:203)
	at com.waits.waits.waitUntilElementIsVisible(waits.java:72)
	at com.pageObjects.LoginPage.setEmailAddress(LoginPage.java:49)
	at com.qa.base.BaseClass.LoginToApplication(BaseClass.java:113)
	at com.qa.base.BaseClass.Login(BaseClass.java:121)
	at java.base/jdk.internal.reflect.DirectMethodHandleAccessor.invoke(DirectMethodHandleAccessor.java:104)
	at java.base/java.lang.reflect.Method.invoke(Method.java:578)
	at org.testng.internal.MethodInvocationHelper.invokeMethod(MethodInvocationHelper.java:133)
	at org.testng.internal.MethodInvocationHelper.invokeMethodConsideringTimeout(MethodInvocationHelper.java:62)
	at org.testng.internal.ConfigInvoker.invokeConfigurationMethod(ConfigInvoker.java:385)
	at org.testng.internal.ConfigInvoker.invokeConfigurations(ConfigInvoker.java:321)
	at org.testng.internal.TestInvoker.runConfigMethods(TestInvoker.java:700)
	at org.testng.internal.TestInvoker.invokeMethod(TestInvoker.java:527)
	at org.testng.internal.TestInvoker.invokeTestMethod(TestInvoker.java:173)
	at org.testng.internal.MethodRunner.runInSequence(MethodRunner.java:46)
	at org.testng.internal.TestInvoker$MethodInvocationAgent.invoke(TestInvoker.java:824)
	at org.testng.internal.TestInvoker.invokeTestMethods(TestInvoker.java:146)
	at org.testng.internal.TestMethodWorker.invokeTestMethods(TestMethodWorker.java:146)
	at org.testng.internal.TestMethodWorker.run(TestMethodWorker.java:128)
	at java.base/java.util.ArrayList.forEach(ArrayList.java:1511)
	at org.testng.TestRunner.privateRun(TestRunner.java:794)
	at org.testng.TestRunner.run(TestRunner.java:596)
	at org.testng.SuiteRunner.runTest(SuiteRunner.java:377)
	at org.testng.SuiteRunner.runSequentially(SuiteRunner.java:371)
	at org.testng.SuiteRunner.privateRun(SuiteRunner.java:332)
	at org.testng.SuiteRunner.run(SuiteRunner.java:276)
	at org.testng.SuiteRunnerWorker.runSuite(SuiteRunnerWorker.java:53)
	at org.testng.SuiteRunnerWorker.run(SuiteRunnerWorker.java:96)
	at org.testng.TestNG.runSuitesSequentially(TestNG.java:1212)
	at org.testng.TestNG.runSuitesLocally(TestNG.java:1134)
	at org.testng.TestNG.runSuites(TestNG.java:1063)
	at org.testng.TestNG.run(TestNG.java:1031)
	at org.testng.remote.AbstractRemoteTestNG.run(AbstractRemoteTestNG.java:115)
	at org.testng.remote.RemoteTestNG.initAndRun(RemoteTestNG.java:251)
	at org.testng.remote.RemoteTestNG.main(RemoteTestNG.java:77)
24 Jan 2025 14:50:37  INFO logger - Test Suite Execution Completed
24 Jan 2025 14:52:03  INFO logger - Launching the app...
24 Jan 2025 14:52:03  INFO logger - Test Started: verifyproductPageScrollingtoElement
24 Jan 2025 14:52:03 ERROR logger - Test Failed: verifyproductPageScrollingtoElement
java.lang.NullPointerException: Cannot invoke "org.openqa.selenium.WebDriver.findElement(org.openqa.selenium.By)" because "driver" is null
	at org.openqa.selenium.support.ui.ExpectedConditions$7.apply(ExpectedConditions.java:194)
	at org.openqa.selenium.support.ui.ExpectedConditions$7.apply(ExpectedConditions.java:190)
	at org.openqa.selenium.support.ui.FluentWait.until(FluentWait.java:203)
	at com.waits.waits.waitUntilElementIsVisible(waits.java:72)
	at com.pageObjects.LoginPage.setEmailAddress(LoginPage.java:49)
	at com.qa.base.BaseClass.LoginToApplication(BaseClass.java:113)
	at com.qa.base.BaseClass.Login(BaseClass.java:121)
	at java.base/jdk.internal.reflect.DirectMethodHandleAccessor.invoke(DirectMethodHandleAccessor.java:104)
	at java.base/java.lang.reflect.Method.invoke(Method.java:578)
	at org.testng.internal.MethodInvocationHelper.invokeMethod(MethodInvocationHelper.java:133)
	at org.testng.internal.MethodInvocationHelper.invokeMethodConsideringTimeout(MethodInvocationHelper.java:62)
	at org.testng.internal.ConfigInvoker.invokeConfigurationMethod(ConfigInvoker.java:385)
	at org.testng.internal.ConfigInvoker.invokeConfigurations(ConfigInvoker.java:321)
	at org.testng.internal.TestInvoker.runConfigMethods(TestInvoker.java:700)
	at org.testng.internal.TestInvoker.invokeMethod(TestInvoker.java:527)
	at org.testng.internal.TestInvoker.invokeTestMethod(TestInvoker.java:173)
	at org.testng.internal.MethodRunner.runInSequence(MethodRunner.java:46)
	at org.testng.internal.TestInvoker$MethodInvocationAgent.invoke(TestInvoker.java:824)
	at org.testng.internal.TestInvoker.invokeTestMethods(TestInvoker.java:146)
	at org.testng.internal.TestMethodWorker.invokeTestMethods(TestMethodWorker.java:146)
	at org.testng.internal.TestMethodWorker.run(TestMethodWorker.java:128)
	at java.base/java.util.ArrayList.forEach(ArrayList.java:1511)
	at org.testng.TestRunner.privateRun(TestRunner.java:794)
	at org.testng.TestRunner.run(TestRunner.java:596)
	at org.testng.SuiteRunner.runTest(SuiteRunner.java:377)
	at org.testng.SuiteRunner.runSequentially(SuiteRunner.java:371)
	at org.testng.SuiteRunner.privateRun(SuiteRunner.java:332)
	at org.testng.SuiteRunner.run(SuiteRunner.java:276)
	at org.testng.SuiteRunnerWorker.runSuite(SuiteRunnerWorker.java:53)
	at org.testng.SuiteRunnerWorker.run(SuiteRunnerWorker.java:96)
	at org.testng.TestNG.runSuitesSequentially(TestNG.java:1212)
	at org.testng.TestNG.runSuitesLocally(TestNG.java:1134)
	at org.testng.TestNG.runSuites(TestNG.java:1063)
	at org.testng.TestNG.run(TestNG.java:1031)
	at org.testng.remote.AbstractRemoteTestNG.run(AbstractRemoteTestNG.java:115)
	at org.testng.remote.RemoteTestNG.initAndRun(RemoteTestNG.java:251)
	at org.testng.remote.RemoteTestNG.main(RemoteTestNG.java:77)
24 Jan 2025 14:52:03  INFO logger - Launching the app...
24 Jan 2025 14:52:03  INFO logger - Test Started: verifyproductPageSearchtoElement
24 Jan 2025 14:52:03 ERROR logger - Test Failed: verifyproductPageSearchtoElement
java.lang.NullPointerException: Cannot invoke "org.openqa.selenium.WebDriver.findElement(org.openqa.selenium.By)" because "driver" is null
	at org.openqa.selenium.support.ui.ExpectedConditions$7.apply(ExpectedConditions.java:194)
	at org.openqa.selenium.support.ui.ExpectedConditions$7.apply(ExpectedConditions.java:190)
	at org.openqa.selenium.support.ui.FluentWait.until(FluentWait.java:203)
	at com.waits.waits.waitUntilElementIsVisible(waits.java:72)
	at com.pageObjects.LoginPage.setEmailAddress(LoginPage.java:49)
	at com.qa.base.BaseClass.LoginToApplication(BaseClass.java:113)
	at com.qa.base.BaseClass.Login(BaseClass.java:121)
	at java.base/jdk.internal.reflect.DirectMethodHandleAccessor.invoke(DirectMethodHandleAccessor.java:104)
	at java.base/java.lang.reflect.Method.invoke(Method.java:578)
	at org.testng.internal.MethodInvocationHelper.invokeMethod(MethodInvocationHelper.java:133)
	at org.testng.internal.MethodInvocationHelper.invokeMethodConsideringTimeout(MethodInvocationHelper.java:62)
	at org.testng.internal.ConfigInvoker.invokeConfigurationMethod(ConfigInvoker.java:385)
	at org.testng.internal.ConfigInvoker.invokeConfigurations(ConfigInvoker.java:321)
	at org.testng.internal.TestInvoker.runConfigMethods(TestInvoker.java:700)
	at org.testng.internal.TestInvoker.invokeMethod(TestInvoker.java:527)
	at org.testng.internal.TestInvoker.invokeTestMethod(TestInvoker.java:173)
	at org.testng.internal.MethodRunner.runInSequence(MethodRunner.java:46)
	at org.testng.internal.TestInvoker$MethodInvocationAgent.invoke(TestInvoker.java:824)
	at org.testng.internal.TestInvoker.invokeTestMethods(TestInvoker.java:146)
	at org.testng.internal.TestMethodWorker.invokeTestMethods(TestMethodWorker.java:146)
	at org.testng.internal.TestMethodWorker.run(TestMethodWorker.java:128)
	at java.base/java.util.ArrayList.forEach(ArrayList.java:1511)
	at org.testng.TestRunner.privateRun(TestRunner.java:794)
	at org.testng.TestRunner.run(TestRunner.java:596)
	at org.testng.SuiteRunner.runTest(SuiteRunner.java:377)
	at org.testng.SuiteRunner.runSequentially(SuiteRunner.java:371)
	at org.testng.SuiteRunner.privateRun(SuiteRunner.java:332)
	at org.testng.SuiteRunner.run(SuiteRunner.java:276)
	at org.testng.SuiteRunnerWorker.runSuite(SuiteRunnerWorker.java:53)
	at org.testng.SuiteRunnerWorker.run(SuiteRunnerWorker.java:96)
	at org.testng.TestNG.runSuitesSequentially(TestNG.java:1212)
	at org.testng.TestNG.runSuitesLocally(TestNG.java:1134)
	at org.testng.TestNG.runSuites(TestNG.java:1063)
	at org.testng.TestNG.run(TestNG.java:1031)
	at org.testng.remote.AbstractRemoteTestNG.run(AbstractRemoteTestNG.java:115)
	at org.testng.remote.RemoteTestNG.initAndRun(RemoteTestNG.java:251)
	at org.testng.remote.RemoteTestNG.main(RemoteTestNG.java:77)
24 Jan 2025 14:52:04  INFO logger - Test Suite Execution Completed
24 Jan 2025 14:54:35  INFO logger - Launching the app...
24 Jan 2025 14:54:35  INFO logger - Test Started: verifyproductPageScrollingtoElement
24 Jan 2025 14:54:35  INFO logger - Test Skipped: verifyproductPageScrollingtoElement
24 Jan 2025 14:54:35  INFO logger - Launching the app...
24 Jan 2025 14:54:35  INFO logger - Test Started: verifyproductPageSearchtoElement
24 Jan 2025 14:54:35  INFO logger - Test Skipped: verifyproductPageSearchtoElement
24 Jan 2025 14:54:36  INFO logger - Test Suite Execution Completed
24 Jan 2025 14:57:23  INFO logger - Launching the app...
24 Jan 2025 14:57:23  INFO logger - Test Started: verifyproductPageScrollingtoElement
24 Jan 2025 14:57:23  INFO logger - Test Skipped: verifyproductPageScrollingtoElement
24 Jan 2025 14:57:23  INFO logger - Launching the app...
24 Jan 2025 14:57:23  INFO logger - Test Started: verifyproductPageSearchtoElement
24 Jan 2025 14:57:23  INFO logger - Test Skipped: verifyproductPageSearchtoElement
24 Jan 2025 14:57:24  INFO logger - Test Suite Execution Completed
24 Jan 2025 15:02:37  INFO logger - Launching the app...
24 Jan 2025 15:02:37  INFO logger - Test Started: verifyproductPageScrollingtoElement
24 Jan 2025 15:02:37  INFO logger - Test Skipped: verifyproductPageScrollingtoElement
24 Jan 2025 15:02:37  INFO logger - Launching the app...
24 Jan 2025 15:02:37  INFO logger - Test Started: verifyproductPageSearchtoElement
24 Jan 2025 15:02:37  INFO logger - Test Skipped: verifyproductPageSearchtoElement
24 Jan 2025 15:02:38  INFO logger - Test Suite Execution Completed
27 Jan 2025 12:39:38  INFO logger - Launching the app...
27 Jan 2025 12:40:10  INFO logger - Test Started: verifyproductPageScrollingtoElement
27 Jan 2025 12:41:00  INFO logger - Test Passed: verifyproductPageScrollingtoElement
27 Jan 2025 12:41:12  INFO logger - Launching the app...
27 Jan 2025 12:41:45  INFO logger - Test Started: verifyproductPageSearchtoElement
27 Jan 2025 12:42:00  INFO logger - Test Passed: verifyproductPageSearchtoElement
27 Jan 2025 12:42:02  INFO logger - Test Suite Execution Completed
27 Jan 2025 13:51:45  INFO logger - Launching the app...
27 Jan 2025 13:52:16  INFO logger - Test Started: verifyproductPageScrollingtoElement
27 Jan 2025 13:53:05  INFO logger - Test Passed: verifyproductPageScrollingtoElement
27 Jan 2025 13:53:15  INFO logger - Launching the app...
27 Jan 2025 13:53:45  INFO logger - Test Started: verifyproductPageSearchtoElement
27 Jan 2025 13:54:00  INFO logger - Test Passed: verifyproductPageSearchtoElement
27 Jan 2025 13:54:02  INFO logger - Test Suite Execution Completed
27 Jan 2025 14:00:55  INFO logger - Launching the app...
27 Jan 2025 14:01:25  INFO logger - Test Started: verifyproductPageScrollingtoElement
27 Jan 2025 14:02:19  INFO logger - Screenshot captured for method: verifyproductPageScrollingtoElement
27 Jan 2025 14:02:19 ERROR logger - Test Failed: verifyproductPageScrollingtoElement
java.lang.AssertionError:  assert CanFoam Text is matched expected [false] but found [true]
	at org.testng.Assert.fail(Assert.java:99)
	at org.testng.Assert.failNotEquals(Assert.java:1037)
	at org.testng.Assert.assertEqualsImpl(Assert.java:140)
	at org.testng.Assert.assertEquals(Assert.java:122)
	at com.assertions.mobileAssertion.assertEquals(mobileAssertion.java:17)
	at com.pageObjects.ProductCataloguePage.assertFlashSaleTextMatch(ProductCataloguePage.java:209)
	at com.qa.testcases.ProductPageTest.verifyproductPageScrollingtoElement(ProductPageTest.java:22)
	at java.base/jdk.internal.reflect.DirectMethodHandleAccessor.invoke(DirectMethodHandleAccessor.java:104)
	at java.base/java.lang.reflect.Method.invoke(Method.java:578)
	at org.testng.internal.MethodInvocationHelper.invokeMethod(MethodInvocationHelper.java:133)
	at org.testng.internal.TestInvoker.invokeMethod(TestInvoker.java:598)
	at org.testng.internal.TestInvoker.invokeTestMethod(TestInvoker.java:173)
	at org.testng.internal.MethodRunner.runInSequence(MethodRunner.java:46)
	at org.testng.internal.TestInvoker$MethodInvocationAgent.invoke(TestInvoker.java:824)
	at org.testng.internal.TestInvoker.invokeTestMethods(TestInvoker.java:146)
	at org.testng.internal.TestMethodWorker.invokeTestMethods(TestMethodWorker.java:146)
	at org.testng.internal.TestMethodWorker.run(TestMethodWorker.java:128)
	at java.base/java.util.ArrayList.forEach(ArrayList.java:1511)
	at org.testng.TestRunner.privateRun(TestRunner.java:794)
	at org.testng.TestRunner.run(TestRunner.java:596)
	at org.testng.SuiteRunner.runTest(SuiteRunner.java:377)
	at org.testng.SuiteRunner.runSequentially(SuiteRunner.java:371)
	at org.testng.SuiteRunner.privateRun(SuiteRunner.java:332)
	at org.testng.SuiteRunner.run(SuiteRunner.java:276)
	at org.testng.SuiteRunnerWorker.runSuite(SuiteRunnerWorker.java:53)
	at org.testng.SuiteRunnerWorker.run(SuiteRunnerWorker.java:96)
	at org.testng.TestNG.runSuitesSequentially(TestNG.java:1212)
	at org.testng.TestNG.runSuitesLocally(TestNG.java:1134)
	at org.testng.TestNG.runSuites(TestNG.java:1063)
	at org.testng.TestNG.run(TestNG.java:1031)
	at org.testng.remote.AbstractRemoteTestNG.run(AbstractRemoteTestNG.java:115)
	at org.testng.remote.RemoteTestNG.initAndRun(RemoteTestNG.java:251)
	at org.testng.remote.RemoteTestNG.main(RemoteTestNG.java:77)
27 Jan 2025 14:02:27  INFO logger - Launching the app...
27 Jan 2025 14:02:58  INFO logger - Test Started: verifyproductPageSearchtoElement
27 Jan 2025 14:03:12  INFO logger - Test Passed: verifyproductPageSearchtoElement
27 Jan 2025 14:03:13  INFO logger - Test Suite Execution Completed
28 Jan 2025 12:26:49  INFO logger - Appium Server started successfully.
28 Jan 2025 12:26:49  INFO logger - Loaded property 'deviceName' with value: AkankshaEmulator
28 Jan 2025 12:26:49  INFO logger - Initializing Appium Driver...
28 Jan 2025 12:26:49  INFO logger - Loaded property 'appiumURL' with value: http://192.168.29.67:4723
28 Jan 2025 12:27:07  INFO logger - Appium Driver initialized successfully.
28 Jan 2025 12:27:07  INFO logger - Launching the app and logging in...
28 Jan 2025 12:27:07  INFO logger - Verifying whether Element: 'Profoam title is diplayed' is present
28 Jan 2025 12:27:28 ERROR logger - Error while verifying element: 'Profoam title is diplayed'
org.openqa.selenium.NoSuchElementException: An element could not be located on the page using the given search parameters.
For documentation on this error, please visit: https://www.selenium.dev/documentation/webdriver/troubleshooting/errors#no-such-element-exception
Build info: version: '4.28.1', revision: '73f5ad48a2'
System info: os.name: 'Windows 11', os.arch: 'amd64', os.version: '10.0', java.version: '19.0.1'
Driver info: io.appium.java_client.android.AndroidDriver
Command: [d23bbc36-119a-4cae-9dd7-fe83e39c7fff, findElement {value=com.horcrux.svg.d0, using=xpath}]
Capabilities {appium:app: C:\Users\Akanksha.Singh\Doc..., appium:appPackage: com.profoam, appium:automationName: UIAutomator2, appium:databaseEnabled: false, appium:desired: {app: C:\Users\Akanksha.Singh\Doc..., automationName: UIAutomator2, deviceName: AkankshaEmulator, platformName: ANDROID}, appium:deviceApiLevel: 32, appium:deviceManufacturer: Google, appium:deviceModel: sdk_gphone64_x86_64, appium:deviceName: emulator-5554, appium:deviceScreenDensity: 560, appium:deviceScreenSize: 1440x3120, appium:deviceUDID: emulator-5554, appium:javascriptEnabled: true, appium:locationContextEnabled: false, appium:networkConnectionEnabled: true, appium:pixelRatio: 3.5, appium:platformVersion: 12, appium:statBarHeight: 84, appium:takesScreenshot: true, appium:viewportRect: {height: 2980, left: 0, top: 84, width: 1440}, appium:warnings: {}, appium:webStorageEnabled: false, platformName: ANDROID}
Session ID: d23bbc36-119a-4cae-9dd7-fe83e39c7fff
	at java.base/jdk.internal.reflect.DirectConstructorHandleAccessor.newInstance(DirectConstructorHandleAccessor.java:67)
	at java.base/java.lang.reflect.Constructor.newInstanceWithCaller(Constructor.java:500)
	at java.base/java.lang.reflect.Constructor.newInstance(Constructor.java:484)
	at org.openqa.selenium.remote.ErrorCodec.decode(ErrorCodec.java:167)
	at org.openqa.selenium.remote.codec.w3c.W3CHttpResponseCodec.decode(W3CHttpResponseCodec.java:138)
	at org.openqa.selenium.remote.codec.w3c.W3CHttpResponseCodec.decode(W3CHttpResponseCodec.java:50)
	at org.openqa.selenium.remote.HttpCommandExecutor.execute(HttpCommandExecutor.java:215)
	at io.appium.java_client.remote.AppiumCommandExecutor.execute(AppiumCommandExecutor.java:237)
	at org.openqa.selenium.remote.RemoteWebDriver.execute(RemoteWebDriver.java:545)
	at org.openqa.selenium.remote.ElementLocation$ElementFinder$2.findElement(ElementLocation.java:165)
	at org.openqa.selenium.remote.ElementLocation.findElement(ElementLocation.java:59)
	at org.openqa.selenium.remote.RemoteWebDriver.findElement(RemoteWebDriver.java:368)
	at org.openqa.selenium.remote.RemoteWebDriver.findElement(RemoteWebDriver.java:362)
	at com.qa.utils.GenericActions.verifyElementDisplayed(GenericActions.java:27)
	at com.pageObjects.LoginPage.verifyTitle(LoginPage.java:37)
	at com.qa.base.BaseClass.LoginToApplication(BaseClass.java:118)
	at com.qa.base.BaseClass.Login(BaseClass.java:134)
	at java.base/jdk.internal.reflect.DirectMethodHandleAccessor.invoke(DirectMethodHandleAccessor.java:104)
	at java.base/java.lang.reflect.Method.invoke(Method.java:578)
	at org.testng.internal.MethodInvocationHelper.invokeMethod(MethodInvocationHelper.java:133)
	at org.testng.internal.MethodInvocationHelper.invokeMethodConsideringTimeout(MethodInvocationHelper.java:62)
	at org.testng.internal.ConfigInvoker.invokeConfigurationMethod(ConfigInvoker.java:385)
	at org.testng.internal.ConfigInvoker.invokeConfigurations(ConfigInvoker.java:321)
	at org.testng.internal.TestInvoker.runConfigMethods(TestInvoker.java:700)
	at org.testng.internal.TestInvoker.invokeMethod(TestInvoker.java:527)
	at org.testng.internal.TestInvoker.invokeTestMethod(TestInvoker.java:173)
	at org.testng.internal.MethodRunner.runInSequence(MethodRunner.java:46)
	at org.testng.internal.TestInvoker$MethodInvocationAgent.invoke(TestInvoker.java:824)
	at org.testng.internal.TestInvoker.invokeTestMethods(TestInvoker.java:146)
	at org.testng.internal.TestMethodWorker.invokeTestMethods(TestMethodWorker.java:146)
	at org.testng.internal.TestMethodWorker.run(TestMethodWorker.java:128)
	at java.base/java.util.ArrayList.forEach(ArrayList.java:1511)
	at org.testng.TestRunner.privateRun(TestRunner.java:794)
	at org.testng.TestRunner.run(TestRunner.java:596)
	at org.testng.SuiteRunner.runTest(SuiteRunner.java:377)
	at org.testng.SuiteRunner.runSequentially(SuiteRunner.java:371)
	at org.testng.SuiteRunner.privateRun(SuiteRunner.java:332)
	at org.testng.SuiteRunner.run(SuiteRunner.java:276)
	at org.testng.SuiteRunnerWorker.runSuite(SuiteRunnerWorker.java:53)
	at org.testng.SuiteRunnerWorker.run(SuiteRunnerWorker.java:96)
	at org.testng.TestNG.runSuitesSequentially(TestNG.java:1212)
	at org.testng.TestNG.runSuitesLocally(TestNG.java:1134)
	at org.testng.TestNG.runSuites(TestNG.java:1063)
	at org.testng.TestNG.run(TestNG.java:1031)
	at org.testng.remote.AbstractRemoteTestNG.run(AbstractRemoteTestNG.java:115)
	at org.testng.remote.RemoteTestNG.initAndRun(RemoteTestNG.java:251)
	at org.testng.remote.RemoteTestNG.main(RemoteTestNG.java:77)
28 Jan 2025 12:27:28  INFO logger - Waiting till Skip Button is clicked is displayed
28 Jan 2025 12:27:28  INFO logger - Clicking on Skip Button is clicked
28 Jan 2025 12:27:28  INFO logger - Clicked on Skip Button is clicked
28 Jan 2025 12:27:28  INFO logger - Waiting till Login Button is clicked is displayed
28 Jan 2025 12:27:28  INFO logger - Clicking on Login Button is clicked
28 Jan 2025 12:27:29  INFO logger - Clicked on Login Button is clicked
28 Jan 2025 12:27:29  INFO logger - Loaded property 'emailId' with value: mukesh@yopmail.com
28 Jan 2025 12:27:30  INFO logger - Element located by By.xpath: //android.widget.EditText[@text='Enter email address'] is visible.
28 Jan 2025 12:27:30  INFO logger - Waiting till Email Address text area is clicked is displayed
28 Jan 2025 12:27:30  INFO logger - Clicking on Email Address text area is clicked
28 Jan 2025 12:27:30  INFO logger - Clicked on Email Address text area is clicked
28 Jan 2025 12:27:30  INFO logger - Sending values to element: 'Email Address'
28 Jan 2025 12:27:32  INFO logger - Input 'mukesh@yopmail.com' into element: 'Email Address'
28 Jan 2025 12:27:35  INFO logger - Keyboard hidden successfully.
28 Jan 2025 12:27:35  INFO logger - Loaded property 'password' with value: Mindfire@123
28 Jan 2025 12:27:36  INFO logger - Element located by By.xpath: //android.widget.EditText[@text='Enter password'] is visible.
28 Jan 2025 12:27:36  INFO logger - Waiting till Password Text area is clicked is displayed
28 Jan 2025 12:27:36  INFO logger - Clicking on Password Text area is clicked
28 Jan 2025 12:27:38  INFO logger - Clicked on Password Text area is clicked
28 Jan 2025 12:27:38  INFO logger - Sending values to element: 'Password'
28 Jan 2025 12:27:39  INFO logger - Input 'Mindfire@123' into element: 'Password'
28 Jan 2025 12:27:41  INFO logger - Keyboard hidden successfully.
28 Jan 2025 12:27:41  INFO logger - Waiting till Login button is clicked is displayed
28 Jan 2025 12:27:41  INFO logger - Clicking on Login button is clicked
28 Jan 2025 12:27:42  INFO logger - Clicked on Login button is clicked
28 Jan 2025 12:27:42  INFO logger - Logged into the application successfully.
28 Jan 2025 12:27:42  INFO logger - Test Started: verifyproductPageScrollingtoElement
28 Jan 2025 12:27:42  INFO logger - Verifying whether Element: 'Profoam Title is dipslayed' is present
28 Jan 2025 12:27:42  INFO logger - Profoam Title is dipslayed is displayed successfully.
28 Jan 2025 12:27:42  INFO logger - Pausing test case for 2 sec
28 Jan 2025 12:27:44  INFO logger - Verifying whether Element: 'Search button is dipslayed' is present
28 Jan 2025 12:27:47  INFO logger - Search button is dipslayed is displayed successfully.
28 Jan 2025 12:27:47  INFO logger - Assertion Passed: assert search button
28 Jan 2025 12:27:47  INFO logger - Verifying whether Element: 'Categories is dipslayed' is present
28 Jan 2025 12:27:47  INFO logger - Categories is dipslayed is displayed successfully.
28 Jan 2025 12:27:47  INFO logger - Assertion Passed:  assert Categories
28 Jan 2025 12:28:07  INFO logger - Performing vertical swipe action
28 Jan 2025 12:28:09  INFO logger - Element found: [[AndroidDriver:  on ANDROID (d23bbc36-119a-4cae-9dd7-fe83e39c7fff)] -> xpath: //android.widget.TextView[@text="Flash Sale"]]
28 Jan 2025 12:28:10  INFO logger - Pausing test case for 1 sec
28 Jan 2025 12:28:11  INFO logger - Pausing test case for 1 sec
28 Jan 2025 12:28:12  INFO logger - Verifying whether Element: 'Flash Sale Text is present' is present
28 Jan 2025 12:28:12  INFO logger - Flash Sale Text is present is displayed successfully.
28 Jan 2025 12:28:12  INFO logger - Assertion Passed: Flash Sale text is displayed
28 Jan 2025 12:28:12  INFO logger - Waiting till Flash Sale is clicked is displayed
28 Jan 2025 12:28:12  INFO logger - Clicking on Flash Sale is clicked
28 Jan 2025 12:28:12  INFO logger - Clicked on Flash Sale is clicked
28 Jan 2025 12:28:12  INFO logger - Pausing test case for 1 sec
28 Jan 2025 12:28:13  INFO logger - Verifying whether Element: 'Flash Sale Text is present' is present
28 Jan 2025 12:28:14  INFO logger - Flash Sale Text is present is displayed successfully.
28 Jan 2025 12:28:14  INFO logger - Pausing test case for 2 sec
28 Jan 2025 12:28:16  INFO logger - Verifying whether Element: 'Flash Sale Text is present' is present
28 Jan 2025 12:28:16  INFO logger - Flash Sale Text is present is displayed successfully.
28 Jan 2025 12:28:16  INFO logger - Assertion Passed:  assert CanFoam Text is matched
28 Jan 2025 12:28:16  INFO logger - Pausing test case for 3 sec
28 Jan 2025 12:28:19  INFO logger - Verifying whether Element: 'Product List is displayed' is present
28 Jan 2025 12:28:19  INFO logger - Product List is displayed is displayed successfully.
28 Jan 2025 12:28:19  INFO logger - Scrolling down using UiScrollable
28 Jan 2025 12:28:27  INFO logger - Pausing test case for 1 sec
28 Jan 2025 12:28:28  INFO logger - Scrolling to top using UiScrollable
28 Jan 2025 12:28:29  INFO logger - Pausing test case for 1 sec
28 Jan 2025 12:28:30  INFO logger - Verifying whether Element: 'Product First List is displayed' is present
28 Jan 2025 12:28:31  INFO logger - Product First List is displayed is displayed successfully.
28 Jan 2025 12:28:31  INFO logger - Assertion Passed: Product First List is present
28 Jan 2025 12:28:31  INFO logger - Waiting till Back Arrow is clicked is displayed
28 Jan 2025 12:28:31  INFO logger - Clicking on Back Arrow is clicked
28 Jan 2025 12:28:32  INFO logger - Clicked on Back Arrow is clicked
28 Jan 2025 12:28:32  INFO logger - Test Passed: verifyproductPageScrollingtoElement
28 Jan 2025 12:28:32  INFO logger - Stopping Appium Server...
28 Jan 2025 12:28:33  INFO logger - Appium Server stopped successfully.
28 Jan 2025 12:28:33  INFO logger - Appium Server started successfully.
28 Jan 2025 12:28:33  INFO logger - Loaded property 'deviceName' with value: AkankshaEmulator
28 Jan 2025 12:28:33  INFO logger - Initializing Appium Driver...
28 Jan 2025 12:28:33  INFO logger - Loaded property 'appiumURL' with value: http://192.168.29.67:4723
28 Jan 2025 12:28:45  INFO logger - Appium Driver initialized successfully.
28 Jan 2025 12:28:45  INFO logger - Launching the app and logging in...
28 Jan 2025 12:28:45  INFO logger - Verifying whether Element: 'Profoam title is diplayed' is present
28 Jan 2025 12:29:05 ERROR logger - Error while verifying element: 'Profoam title is diplayed'
org.openqa.selenium.NoSuchElementException: An element could not be located on the page using the given search parameters.
For documentation on this error, please visit: https://www.selenium.dev/documentation/webdriver/troubleshooting/errors#no-such-element-exception
Build info: version: '4.28.1', revision: '73f5ad48a2'
System info: os.name: 'Windows 11', os.arch: 'amd64', os.version: '10.0', java.version: '19.0.1'
Driver info: io.appium.java_client.android.AndroidDriver
Command: [4c72a1f5-5726-47a0-a022-42805f11ab7f, findElement {value=com.horcrux.svg.d0, using=xpath}]
Capabilities {appium:app: C:\Users\Akanksha.Singh\Doc..., appium:appPackage: com.profoam, appium:automationName: UIAutomator2, appium:databaseEnabled: false, appium:desired: {app: C:\Users\Akanksha.Singh\Doc..., automationName: UIAutomator2, deviceName: AkankshaEmulator, platformName: ANDROID}, appium:deviceApiLevel: 32, appium:deviceManufacturer: Google, appium:deviceModel: sdk_gphone64_x86_64, appium:deviceName: emulator-5554, appium:deviceScreenDensity: 560, appium:deviceScreenSize: 1440x3120, appium:deviceUDID: emulator-5554, appium:javascriptEnabled: true, appium:locationContextEnabled: false, appium:networkConnectionEnabled: true, appium:pixelRatio: 3.5, appium:platformVersion: 12, appium:statBarHeight: 84, appium:takesScreenshot: true, appium:viewportRect: {height: 2980, left: 0, top: 84, width: 1440}, appium:warnings: {}, appium:webStorageEnabled: false, platformName: ANDROID}
Session ID: 4c72a1f5-5726-47a0-a022-42805f11ab7f
	at java.base/jdk.internal.reflect.DirectConstructorHandleAccessor.newInstance(DirectConstructorHandleAccessor.java:67)
	at java.base/java.lang.reflect.Constructor.newInstanceWithCaller(Constructor.java:500)
	at java.base/java.lang.reflect.Constructor.newInstance(Constructor.java:484)
	at org.openqa.selenium.remote.ErrorCodec.decode(ErrorCodec.java:167)
	at org.openqa.selenium.remote.codec.w3c.W3CHttpResponseCodec.decode(W3CHttpResponseCodec.java:138)
	at org.openqa.selenium.remote.codec.w3c.W3CHttpResponseCodec.decode(W3CHttpResponseCodec.java:50)
	at org.openqa.selenium.remote.HttpCommandExecutor.execute(HttpCommandExecutor.java:215)
	at io.appium.java_client.remote.AppiumCommandExecutor.execute(AppiumCommandExecutor.java:237)
	at org.openqa.selenium.remote.RemoteWebDriver.execute(RemoteWebDriver.java:545)
	at org.openqa.selenium.remote.ElementLocation$ElementFinder$2.findElement(ElementLocation.java:165)
	at org.openqa.selenium.remote.ElementLocation.findElement(ElementLocation.java:59)
	at org.openqa.selenium.remote.RemoteWebDriver.findElement(RemoteWebDriver.java:368)
	at org.openqa.selenium.remote.RemoteWebDriver.findElement(RemoteWebDriver.java:362)
	at com.qa.utils.GenericActions.verifyElementDisplayed(GenericActions.java:27)
	at com.pageObjects.LoginPage.verifyTitle(LoginPage.java:37)
	at com.qa.base.BaseClass.LoginToApplication(BaseClass.java:118)
	at com.qa.base.BaseClass.Login(BaseClass.java:134)
	at java.base/jdk.internal.reflect.DirectMethodHandleAccessor.invoke(DirectMethodHandleAccessor.java:104)
	at java.base/java.lang.reflect.Method.invoke(Method.java:578)
	at org.testng.internal.MethodInvocationHelper.invokeMethod(MethodInvocationHelper.java:133)
	at org.testng.internal.MethodInvocationHelper.invokeMethodConsideringTimeout(MethodInvocationHelper.java:62)
	at org.testng.internal.ConfigInvoker.invokeConfigurationMethod(ConfigInvoker.java:385)
	at org.testng.internal.ConfigInvoker.invokeConfigurations(ConfigInvoker.java:321)
	at org.testng.internal.TestInvoker.runConfigMethods(TestInvoker.java:700)
	at org.testng.internal.TestInvoker.invokeMethod(TestInvoker.java:527)
	at org.testng.internal.TestInvoker.invokeTestMethod(TestInvoker.java:173)
	at org.testng.internal.MethodRunner.runInSequence(MethodRunner.java:46)
	at org.testng.internal.TestInvoker$MethodInvocationAgent.invoke(TestInvoker.java:824)
	at org.testng.internal.TestInvoker.invokeTestMethods(TestInvoker.java:146)
	at org.testng.internal.TestMethodWorker.invokeTestMethods(TestMethodWorker.java:146)
	at org.testng.internal.TestMethodWorker.run(TestMethodWorker.java:128)
	at java.base/java.util.ArrayList.forEach(ArrayList.java:1511)
	at org.testng.TestRunner.privateRun(TestRunner.java:794)
	at org.testng.TestRunner.run(TestRunner.java:596)
	at org.testng.SuiteRunner.runTest(SuiteRunner.java:377)
	at org.testng.SuiteRunner.runSequentially(SuiteRunner.java:371)
	at org.testng.SuiteRunner.privateRun(SuiteRunner.java:332)
	at org.testng.SuiteRunner.run(SuiteRunner.java:276)
	at org.testng.SuiteRunnerWorker.runSuite(SuiteRunnerWorker.java:53)
	at org.testng.SuiteRunnerWorker.run(SuiteRunnerWorker.java:96)
	at org.testng.TestNG.runSuitesSequentially(TestNG.java:1212)
	at org.testng.TestNG.runSuitesLocally(TestNG.java:1134)
	at org.testng.TestNG.runSuites(TestNG.java:1063)
	at org.testng.TestNG.run(TestNG.java:1031)
	at org.testng.remote.AbstractRemoteTestNG.run(AbstractRemoteTestNG.java:115)
	at org.testng.remote.RemoteTestNG.initAndRun(RemoteTestNG.java:251)
	at org.testng.remote.RemoteTestNG.main(RemoteTestNG.java:77)
28 Jan 2025 12:29:05  INFO logger - Waiting till Skip Button is clicked is displayed
28 Jan 2025 12:29:05  INFO logger - Clicking on Skip Button is clicked
28 Jan 2025 12:29:05  INFO logger - Clicked on Skip Button is clicked
28 Jan 2025 12:29:05  INFO logger - Waiting till Login Button is clicked is displayed
28 Jan 2025 12:29:05  INFO logger - Clicking on Login Button is clicked
28 Jan 2025 12:29:06  INFO logger - Clicked on Login Button is clicked
28 Jan 2025 12:29:06  INFO logger - Loaded property 'emailId' with value: mukesh@yopmail.com
28 Jan 2025 12:29:07  INFO logger - Element located by By.xpath: //android.widget.EditText[@text='Enter email address'] is visible.
28 Jan 2025 12:29:07  INFO logger - Waiting till Email Address text area is clicked is displayed
28 Jan 2025 12:29:07  INFO logger - Clicking on Email Address text area is clicked
28 Jan 2025 12:29:08  INFO logger - Clicked on Email Address text area is clicked
28 Jan 2025 12:29:08  INFO logger - Sending values to element: 'Email Address'
28 Jan 2025 12:29:09  INFO logger - Input 'mukesh@yopmail.com' into element: 'Email Address'
28 Jan 2025 12:29:11  INFO logger - Keyboard hidden successfully.
28 Jan 2025 12:29:11  INFO logger - Loaded property 'password' with value: Mindfire@123
28 Jan 2025 12:29:11  INFO logger - Element located by By.xpath: //android.widget.EditText[@text='Enter password'] is visible.
28 Jan 2025 12:29:11  INFO logger - Waiting till Password Text area is clicked is displayed
28 Jan 2025 12:29:11  INFO logger - Clicking on Password Text area is clicked
28 Jan 2025 12:29:12  INFO logger - Clicked on Password Text area is clicked
28 Jan 2025 12:29:12  INFO logger - Sending values to element: 'Password'
28 Jan 2025 12:29:13  INFO logger - Input 'Mindfire@123' into element: 'Password'
28 Jan 2025 12:29:16  INFO logger - Keyboard hidden successfully.
28 Jan 2025 12:29:16  INFO logger - Waiting till Login button is clicked is displayed
28 Jan 2025 12:29:16  INFO logger - Clicking on Login button is clicked
28 Jan 2025 12:29:16  INFO logger - Clicked on Login button is clicked
28 Jan 2025 12:29:16  INFO logger - Logged into the application successfully.
28 Jan 2025 12:29:16  INFO logger - Test Started: verifyproductPageSearchtoElement
28 Jan 2025 12:29:16  INFO logger - Verifying whether Element: 'Profoam Title is dipslayed' is present
28 Jan 2025 12:29:17  INFO logger - Profoam Title is dipslayed is displayed successfully.
28 Jan 2025 12:29:17  INFO logger - Pausing test case for 2 sec
28 Jan 2025 12:29:19  INFO logger - Verifying whether Element: 'Search button is dipslayed' is present
28 Jan 2025 12:29:20  INFO logger - Search button is dipslayed is displayed successfully.
28 Jan 2025 12:29:20  INFO logger - Assertion Passed: assert search button
28 Jan 2025 12:29:20  INFO logger - Waiting till Search Field Button is clicked is displayed
28 Jan 2025 12:29:20  INFO logger - Clicking on Search Field Button is clicked
28 Jan 2025 12:29:21  INFO logger - Clicked on Search Field Button is clicked
28 Jan 2025 12:29:21  INFO logger - Pausing test case for 1 sec
28 Jan 2025 12:29:22  INFO logger - Verifying whether Element: 'Search Field is displayed' is present
28 Jan 2025 12:29:23  INFO logger - Search Field is displayed is displayed successfully.
28 Jan 2025 12:29:23  INFO logger - Assertion Passed: Search Field is present
28 Jan 2025 12:29:23  INFO logger - Sending values to element: 'Can Foam Text entered'
28 Jan 2025 12:29:24  INFO logger - Input 'Can Foam' into element: 'Can Foam Text entered'
28 Jan 2025 12:29:24  INFO logger - Pausing test case for 1 sec
28 Jan 2025 12:29:25  INFO logger - Waiting till First Item fom search Bar List is clicked is displayed
28 Jan 2025 12:29:25  INFO logger - Clicking on First Item fom search Bar List is clicked
28 Jan 2025 12:29:26  INFO logger - Clicked on First Item fom search Bar List is clicked
28 Jan 2025 12:29:26  INFO logger - Waiting till Click Search button is displayed
28 Jan 2025 12:29:26  INFO logger - Clicking on Click Search button
28 Jan 2025 12:29:26  INFO logger - Clicked on Click Search button
28 Jan 2025 12:29:26  INFO logger - Pausing test case for 2 sec
28 Jan 2025 12:29:28  INFO logger - Verifying whether Element: 'Search Product List is displayed' is present
28 Jan 2025 12:29:29  INFO logger - Search Product List is displayed is displayed successfully.
28 Jan 2025 12:29:29  INFO logger - Assertion Passed: Search Product List is present
28 Jan 2025 12:29:29  INFO logger - Waiting till Click Clear Search button is displayed
28 Jan 2025 12:29:29  INFO logger - Clicking on Click Clear Search button
28 Jan 2025 12:29:30  INFO logger - Clicked on Click Clear Search button
28 Jan 2025 12:29:30  INFO logger - Pausing test case for 2 sec
28 Jan 2025 12:29:32  INFO logger - Waiting till Back Arrow is clicked is displayed
28 Jan 2025 12:29:32  INFO logger - Clicking on Back Arrow is clicked
28 Jan 2025 12:29:33  INFO logger - Clicked on Back Arrow is clicked
28 Jan 2025 12:29:33  INFO logger - Test Passed: verifyproductPageSearchtoElement
28 Jan 2025 12:29:33  INFO logger - Stopping Appium Server...
28 Jan 2025 12:29:34  INFO logger - Appium Server stopped successfully.
28 Jan 2025 12:29:35  INFO logger - Test Suite Execution Completed
28 Jan 2025 12:30:44  INFO logger - Appium Server started successfully.
28 Jan 2025 12:30:44  INFO logger - Loaded property 'deviceName' with value: AkankshaEmulator
28 Jan 2025 12:30:44  INFO logger - Initializing Appium Driver...
28 Jan 2025 12:30:44  INFO logger - Loaded property 'appiumURL' with value: http://192.168.29.67:4723
28 Jan 2025 12:30:53  INFO logger - Appium Driver initialized successfully.
28 Jan 2025 12:30:53  INFO logger - Launching the app and logging in...
28 Jan 2025 12:30:53  INFO logger - Waiting till Skip Button is clicked is displayed
28 Jan 2025 12:30:53  INFO logger - Clicking on Skip Button is clicked
28 Jan 2025 12:30:55  INFO logger - Clicked on Skip Button is clicked
28 Jan 2025 12:30:55  INFO logger - Waiting till Login Button is clicked is displayed
28 Jan 2025 12:30:55  INFO logger - Clicking on Login Button is clicked
28 Jan 2025 12:30:56  INFO logger - Clicked on Login Button is clicked
28 Jan 2025 12:30:56  INFO logger - Loaded property 'emailId' with value: mukesh@yopmail.com
28 Jan 2025 12:30:57  INFO logger - Element located by By.xpath: //android.widget.EditText[@text='Enter email address'] is visible.
28 Jan 2025 12:30:57  INFO logger - Waiting till Email Address text area is clicked is displayed
28 Jan 2025 12:30:57  INFO logger - Clicking on Email Address text area is clicked
28 Jan 2025 12:30:58  INFO logger - Clicked on Email Address text area is clicked
28 Jan 2025 12:30:58  INFO logger - Sending values to element: 'Email Address'
28 Jan 2025 12:30:59  INFO logger - Input 'mukesh@yopmail.com' into element: 'Email Address'
28 Jan 2025 12:31:00  INFO logger - Keyboard hidden successfully.
28 Jan 2025 12:31:00  INFO logger - Loaded property 'password' with value: Mindfire@123
28 Jan 2025 12:31:01  INFO logger - Element located by By.xpath: //android.widget.EditText[@text='Enter password'] is visible.
28 Jan 2025 12:31:01  INFO logger - Waiting till Password Text area is clicked is displayed
28 Jan 2025 12:31:01  INFO logger - Clicking on Password Text area is clicked
28 Jan 2025 12:31:02  INFO logger - Clicked on Password Text area is clicked
28 Jan 2025 12:31:02  INFO logger - Sending values to element: 'Password'
28 Jan 2025 12:31:03  INFO logger - Input 'Mindfire@123' into element: 'Password'
28 Jan 2025 12:31:05  INFO logger - Keyboard hidden successfully.
28 Jan 2025 12:31:05  INFO logger - Logged into the application successfully.
28 Jan 2025 12:31:05  INFO logger - Test Started: verifyproductPageScrollingtoElement
28 Jan 2025 12:31:05  INFO logger - Verifying whether Element: 'Profoam Title is dipslayed' is present
28 Jan 2025 12:31:06  INFO logger - Profoam Title is dipslayed is displayed successfully.
28 Jan 2025 12:31:06  INFO logger - Pausing test case for 2 sec
28 Jan 2025 12:31:08  INFO logger - Verifying whether Element: 'Search button is dipslayed' is present
28 Jan 2025 12:31:28 ERROR logger - Error while verifying element: 'Search button is dipslayed'
org.openqa.selenium.NoSuchElementException: An element could not be located on the page using the given search parameters.
For documentation on this error, please visit: https://www.selenium.dev/documentation/webdriver/troubleshooting/errors#no-such-element-exception
Build info: version: '4.28.1', revision: '73f5ad48a2'
System info: os.name: 'Windows 11', os.arch: 'amd64', os.version: '10.0', java.version: '19.0.1'
Driver info: io.appium.java_client.android.AndroidDriver
Command: [8279b881-c40a-4c8c-846f-51e64a52f9d9, findElement {value=//android.view.ViewGroup[@content-desc='Search for Products | Events'], using=xpath}]
Capabilities {appium:app: C:\Users\Akanksha.Singh\Doc..., appium:appPackage: com.profoam, appium:automationName: UIAutomator2, appium:databaseEnabled: false, appium:desired: {app: C:\Users\Akanksha.Singh\Doc..., automationName: UIAutomator2, deviceName: AkankshaEmulator, platformName: ANDROID}, appium:deviceApiLevel: 32, appium:deviceManufacturer: Google, appium:deviceModel: sdk_gphone64_x86_64, appium:deviceName: emulator-5554, appium:deviceScreenDensity: 560, appium:deviceScreenSize: 1440x3120, appium:deviceUDID: emulator-5554, appium:javascriptEnabled: true, appium:locationContextEnabled: false, appium:networkConnectionEnabled: true, appium:pixelRatio: 3.5, appium:platformVersion: 12, appium:statBarHeight: 84, appium:takesScreenshot: true, appium:viewportRect: {height: 2980, left: 0, top: 84, width: 1440}, appium:warnings: {}, appium:webStorageEnabled: false, platformName: ANDROID}
Session ID: 8279b881-c40a-4c8c-846f-51e64a52f9d9
	at java.base/jdk.internal.reflect.DirectConstructorHandleAccessor.newInstance(DirectConstructorHandleAccessor.java:67)
	at java.base/java.lang.reflect.Constructor.newInstanceWithCaller(Constructor.java:500)
	at java.base/java.lang.reflect.Constructor.newInstance(Constructor.java:484)
	at org.openqa.selenium.remote.ErrorCodec.decode(ErrorCodec.java:167)
	at org.openqa.selenium.remote.codec.w3c.W3CHttpResponseCodec.decode(W3CHttpResponseCodec.java:138)
	at org.openqa.selenium.remote.codec.w3c.W3CHttpResponseCodec.decode(W3CHttpResponseCodec.java:50)
	at org.openqa.selenium.remote.HttpCommandExecutor.execute(HttpCommandExecutor.java:215)
	at io.appium.java_client.remote.AppiumCommandExecutor.execute(AppiumCommandExecutor.java:237)
	at org.openqa.selenium.remote.RemoteWebDriver.execute(RemoteWebDriver.java:545)
	at org.openqa.selenium.remote.ElementLocation$ElementFinder$2.findElement(ElementLocation.java:165)
	at org.openqa.selenium.remote.ElementLocation.findElement(ElementLocation.java:59)
	at org.openqa.selenium.remote.RemoteWebDriver.findElement(RemoteWebDriver.java:368)
	at org.openqa.selenium.remote.RemoteWebDriver.findElement(RemoteWebDriver.java:362)
	at com.qa.utils.GenericActions.verifyElementDisplayed(GenericActions.java:27)
	at com.pageObjects.ProductCataloguePage.searchFieldDisplayed(ProductCataloguePage.java:92)
	at com.pageObjects.ProductCataloguePage.assertsearchButton(ProductCataloguePage.java:97)
	at com.qa.testcases.ProductPageTest.verifyproductPageScrollingtoElement(ProductPageTest.java:17)
	at java.base/jdk.internal.reflect.DirectMethodHandleAccessor.invoke(DirectMethodHandleAccessor.java:104)
	at java.base/java.lang.reflect.Method.invoke(Method.java:578)
	at org.testng.internal.MethodInvocationHelper.invokeMethod(MethodInvocationHelper.java:133)
	at org.testng.internal.TestInvoker.invokeMethod(TestInvoker.java:598)
	at org.testng.internal.TestInvoker.invokeTestMethod(TestInvoker.java:173)
	at org.testng.internal.MethodRunner.runInSequence(MethodRunner.java:46)
	at org.testng.internal.TestInvoker$MethodInvocationAgent.invoke(TestInvoker.java:824)
	at org.testng.internal.TestInvoker.invokeTestMethods(TestInvoker.java:146)
	at org.testng.internal.TestMethodWorker.invokeTestMethods(TestMethodWorker.java:146)
	at org.testng.internal.TestMethodWorker.run(TestMethodWorker.java:128)
	at java.base/java.util.ArrayList.forEach(ArrayList.java:1511)
	at org.testng.TestRunner.privateRun(TestRunner.java:794)
	at org.testng.TestRunner.run(TestRunner.java:596)
	at org.testng.SuiteRunner.runTest(SuiteRunner.java:377)
	at org.testng.SuiteRunner.runSequentially(SuiteRunner.java:371)
	at org.testng.SuiteRunner.privateRun(SuiteRunner.java:332)
	at org.testng.SuiteRunner.run(SuiteRunner.java:276)
	at org.testng.SuiteRunnerWorker.runSuite(SuiteRunnerWorker.java:53)
	at org.testng.SuiteRunnerWorker.run(SuiteRunnerWorker.java:96)
	at org.testng.TestNG.runSuitesSequentially(TestNG.java:1212)
	at org.testng.TestNG.runSuitesLocally(TestNG.java:1134)
	at org.testng.TestNG.runSuites(TestNG.java:1063)
	at org.testng.TestNG.run(TestNG.java:1031)
	at org.testng.remote.AbstractRemoteTestNG.run(AbstractRemoteTestNG.java:115)
	at org.testng.remote.RemoteTestNG.initAndRun(RemoteTestNG.java:251)
	at org.testng.remote.RemoteTestNG.main(RemoteTestNG.java:77)
28 Jan 2025 12:31:28 ERROR logger - Assertion Failed: assert search button
java.lang.AssertionError: assert search button expected [true] but found [false]
	at org.testng.Assert.fail(Assert.java:99)
	at org.testng.Assert.failNotEquals(Assert.java:1037)
	at org.testng.Assert.assertTrue(Assert.java:45)
	at com.assertions.mobileAssertion.assertTrue(mobileAssertion.java:29)
	at com.pageObjects.ProductCataloguePage.assertsearchButton(ProductCataloguePage.java:97)
	at com.qa.testcases.ProductPageTest.verifyproductPageScrollingtoElement(ProductPageTest.java:17)
	at java.base/jdk.internal.reflect.DirectMethodHandleAccessor.invoke(DirectMethodHandleAccessor.java:104)
	at java.base/java.lang.reflect.Method.invoke(Method.java:578)
	at org.testng.internal.MethodInvocationHelper.invokeMethod(MethodInvocationHelper.java:133)
	at org.testng.internal.TestInvoker.invokeMethod(TestInvoker.java:598)
	at org.testng.internal.TestInvoker.invokeTestMethod(TestInvoker.java:173)
	at org.testng.internal.MethodRunner.runInSequence(MethodRunner.java:46)
	at org.testng.internal.TestInvoker$MethodInvocationAgent.invoke(TestInvoker.java:824)
	at org.testng.internal.TestInvoker.invokeTestMethods(TestInvoker.java:146)
	at org.testng.internal.TestMethodWorker.invokeTestMethods(TestMethodWorker.java:146)
	at org.testng.internal.TestMethodWorker.run(TestMethodWorker.java:128)
	at java.base/java.util.ArrayList.forEach(ArrayList.java:1511)
	at org.testng.TestRunner.privateRun(TestRunner.java:794)
	at org.testng.TestRunner.run(TestRunner.java:596)
	at org.testng.SuiteRunner.runTest(SuiteRunner.java:377)
	at org.testng.SuiteRunner.runSequentially(SuiteRunner.java:371)
	at org.testng.SuiteRunner.privateRun(SuiteRunner.java:332)
	at org.testng.SuiteRunner.run(SuiteRunner.java:276)
	at org.testng.SuiteRunnerWorker.runSuite(SuiteRunnerWorker.java:53)
	at org.testng.SuiteRunnerWorker.run(SuiteRunnerWorker.java:96)
	at org.testng.TestNG.runSuitesSequentially(TestNG.java:1212)
	at org.testng.TestNG.runSuitesLocally(TestNG.java:1134)
	at org.testng.TestNG.runSuites(TestNG.java:1063)
	at org.testng.TestNG.run(TestNG.java:1031)
	at org.testng.remote.AbstractRemoteTestNG.run(AbstractRemoteTestNG.java:115)
	at org.testng.remote.RemoteTestNG.initAndRun(RemoteTestNG.java:251)
	at org.testng.remote.RemoteTestNG.main(RemoteTestNG.java:77)
28 Jan 2025 12:31:29  INFO logger - Screenshot captured for method: verifyproductPageScrollingtoElement
28 Jan 2025 12:31:29 ERROR logger - Test Failed: verifyproductPageScrollingtoElement
java.lang.AssertionError: assert search button expected [true] but found [false]
	at org.testng.Assert.fail(Assert.java:99)
	at org.testng.Assert.failNotEquals(Assert.java:1037)
	at org.testng.Assert.assertTrue(Assert.java:45)
	at com.assertions.mobileAssertion.assertTrue(mobileAssertion.java:29)
	at com.pageObjects.ProductCataloguePage.assertsearchButton(ProductCataloguePage.java:97)
	at com.qa.testcases.ProductPageTest.verifyproductPageScrollingtoElement(ProductPageTest.java:17)
	at java.base/jdk.internal.reflect.DirectMethodHandleAccessor.invoke(DirectMethodHandleAccessor.java:104)
	at java.base/java.lang.reflect.Method.invoke(Method.java:578)
	at org.testng.internal.MethodInvocationHelper.invokeMethod(MethodInvocationHelper.java:133)
	at org.testng.internal.TestInvoker.invokeMethod(TestInvoker.java:598)
	at org.testng.internal.TestInvoker.invokeTestMethod(TestInvoker.java:173)
	at org.testng.internal.MethodRunner.runInSequence(MethodRunner.java:46)
	at org.testng.internal.TestInvoker$MethodInvocationAgent.invoke(TestInvoker.java:824)
	at org.testng.internal.TestInvoker.invokeTestMethods(TestInvoker.java:146)
	at org.testng.internal.TestMethodWorker.invokeTestMethods(TestMethodWorker.java:146)
	at org.testng.internal.TestMethodWorker.run(TestMethodWorker.java:128)
	at java.base/java.util.ArrayList.forEach(ArrayList.java:1511)
	at org.testng.TestRunner.privateRun(TestRunner.java:794)
	at org.testng.TestRunner.run(TestRunner.java:596)
	at org.testng.SuiteRunner.runTest(SuiteRunner.java:377)
	at org.testng.SuiteRunner.runSequentially(SuiteRunner.java:371)
	at org.testng.SuiteRunner.privateRun(SuiteRunner.java:332)
	at org.testng.SuiteRunner.run(SuiteRunner.java:276)
	at org.testng.SuiteRunnerWorker.runSuite(SuiteRunnerWorker.java:53)
	at org.testng.SuiteRunnerWorker.run(SuiteRunnerWorker.java:96)
	at org.testng.TestNG.runSuitesSequentially(TestNG.java:1212)
	at org.testng.TestNG.runSuitesLocally(TestNG.java:1134)
	at org.testng.TestNG.runSuites(TestNG.java:1063)
	at org.testng.TestNG.run(TestNG.java:1031)
	at org.testng.remote.AbstractRemoteTestNG.run(AbstractRemoteTestNG.java:115)
	at org.testng.remote.RemoteTestNG.initAndRun(RemoteTestNG.java:251)
	at org.testng.remote.RemoteTestNG.main(RemoteTestNG.java:77)
28 Jan 2025 12:31:29  INFO logger - Stopping Appium Server...
28 Jan 2025 12:31:30  INFO logger - Appium Server stopped successfully.
28 Jan 2025 12:31:30  INFO logger - Appium Server started successfully.
28 Jan 2025 12:31:30  INFO logger - Loaded property 'deviceName' with value: AkankshaEmulator
28 Jan 2025 12:31:30  INFO logger - Initializing Appium Driver...
28 Jan 2025 12:31:30  INFO logger - Loaded property 'appiumURL' with value: http://192.168.29.67:4723
28 Jan 2025 12:31:38  INFO logger - Appium Driver initialized successfully.
28 Jan 2025 12:31:38  INFO logger - Launching the app and logging in...
28 Jan 2025 12:31:38  INFO logger - Waiting till Skip Button is clicked is displayed
28 Jan 2025 12:31:38  INFO logger - Clicking on Skip Button is clicked
28 Jan 2025 12:31:41  INFO logger - Clicked on Skip Button is clicked
28 Jan 2025 12:31:41  INFO logger - Waiting till Login Button is clicked is displayed
28 Jan 2025 12:31:41  INFO logger - Clicking on Login Button is clicked
28 Jan 2025 12:31:41  INFO logger - Clicked on Login Button is clicked
28 Jan 2025 12:31:41  INFO logger - Loaded property 'emailId' with value: mukesh@yopmail.com
28 Jan 2025 12:31:42  INFO logger - Element located by By.xpath: //android.widget.EditText[@text='Enter email address'] is visible.
28 Jan 2025 12:31:42  INFO logger - Waiting till Email Address text area is clicked is displayed
28 Jan 2025 12:31:42  INFO logger - Clicking on Email Address text area is clicked
28 Jan 2025 12:31:43  INFO logger - Clicked on Email Address text area is clicked
28 Jan 2025 12:31:43  INFO logger - Sending values to element: 'Email Address'
28 Jan 2025 12:31:44  INFO logger - Input 'mukesh@yopmail.com' into element: 'Email Address'
28 Jan 2025 12:31:46  INFO logger - Keyboard hidden successfully.
28 Jan 2025 12:31:46  INFO logger - Loaded property 'password' with value: Mindfire@123
28 Jan 2025 12:31:46  INFO logger - Element located by By.xpath: //android.widget.EditText[@text='Enter password'] is visible.
28 Jan 2025 12:31:46  INFO logger - Waiting till Password Text area is clicked is displayed
28 Jan 2025 12:31:46  INFO logger - Clicking on Password Text area is clicked
28 Jan 2025 12:31:47  INFO logger - Clicked on Password Text area is clicked
28 Jan 2025 12:31:47  INFO logger - Sending values to element: 'Password'
28 Jan 2025 12:31:48  INFO logger - Input 'Mindfire@123' into element: 'Password'
28 Jan 2025 12:31:51  INFO logger - Keyboard hidden successfully.
28 Jan 2025 12:31:51  INFO logger - Logged into the application successfully.
28 Jan 2025 12:31:51  INFO logger - Test Started: verifyproductPageSearchtoElement
28 Jan 2025 12:31:51  INFO logger - Verifying whether Element: 'Profoam Title is dipslayed' is present
28 Jan 2025 12:31:52  INFO logger - Profoam Title is dipslayed is displayed successfully.
28 Jan 2025 12:31:52  INFO logger - Pausing test case for 2 sec
28 Jan 2025 12:31:54  INFO logger - Verifying whether Element: 'Search button is dipslayed' is present
28 Jan 2025 12:32:14 ERROR logger - Error while verifying element: 'Search button is dipslayed'
org.openqa.selenium.NoSuchElementException: An element could not be located on the page using the given search parameters.
For documentation on this error, please visit: https://www.selenium.dev/documentation/webdriver/troubleshooting/errors#no-such-element-exception
Build info: version: '4.28.1', revision: '73f5ad48a2'
System info: os.name: 'Windows 11', os.arch: 'amd64', os.version: '10.0', java.version: '19.0.1'
Driver info: io.appium.java_client.android.AndroidDriver
Command: [aff7c8d9-af14-4f3d-9698-8ba060ae2fb9, findElement {value=//android.view.ViewGroup[@content-desc='Search for Products | Events'], using=xpath}]
Capabilities {appium:app: C:\Users\Akanksha.Singh\Doc..., appium:appPackage: com.profoam, appium:automationName: UIAutomator2, appium:databaseEnabled: false, appium:desired: {app: C:\Users\Akanksha.Singh\Doc..., automationName: UIAutomator2, deviceName: AkankshaEmulator, platformName: ANDROID}, appium:deviceApiLevel: 32, appium:deviceManufacturer: Google, appium:deviceModel: sdk_gphone64_x86_64, appium:deviceName: emulator-5554, appium:deviceScreenDensity: 560, appium:deviceScreenSize: 1440x3120, appium:deviceUDID: emulator-5554, appium:javascriptEnabled: true, appium:locationContextEnabled: false, appium:networkConnectionEnabled: true, appium:pixelRatio: 3.5, appium:platformVersion: 12, appium:statBarHeight: 84, appium:takesScreenshot: true, appium:viewportRect: {height: 2980, left: 0, top: 84, width: 1440}, appium:warnings: {}, appium:webStorageEnabled: false, platformName: ANDROID}
Session ID: aff7c8d9-af14-4f3d-9698-8ba060ae2fb9
	at java.base/jdk.internal.reflect.DirectConstructorHandleAccessor.newInstance(DirectConstructorHandleAccessor.java:67)
	at java.base/java.lang.reflect.Constructor.newInstanceWithCaller(Constructor.java:500)
	at java.base/java.lang.reflect.Constructor.newInstance(Constructor.java:484)
	at org.openqa.selenium.remote.ErrorCodec.decode(ErrorCodec.java:167)
	at org.openqa.selenium.remote.codec.w3c.W3CHttpResponseCodec.decode(W3CHttpResponseCodec.java:138)
	at org.openqa.selenium.remote.codec.w3c.W3CHttpResponseCodec.decode(W3CHttpResponseCodec.java:50)
	at org.openqa.selenium.remote.HttpCommandExecutor.execute(HttpCommandExecutor.java:215)
	at io.appium.java_client.remote.AppiumCommandExecutor.execute(AppiumCommandExecutor.java:237)
	at org.openqa.selenium.remote.RemoteWebDriver.execute(RemoteWebDriver.java:545)
	at org.openqa.selenium.remote.ElementLocation$ElementFinder$2.findElement(ElementLocation.java:165)
	at org.openqa.selenium.remote.ElementLocation.findElement(ElementLocation.java:59)
	at org.openqa.selenium.remote.RemoteWebDriver.findElement(RemoteWebDriver.java:368)
	at org.openqa.selenium.remote.RemoteWebDriver.findElement(RemoteWebDriver.java:362)
	at com.qa.utils.GenericActions.verifyElementDisplayed(GenericActions.java:27)
	at com.pageObjects.ProductCataloguePage.searchFieldDisplayed(ProductCataloguePage.java:92)
	at com.pageObjects.ProductCataloguePage.assertsearchButton(ProductCataloguePage.java:97)
	at com.qa.testcases.ProductPageTest.verifyproductPageSearchtoElement(ProductPageTest.java:35)
	at java.base/jdk.internal.reflect.DirectMethodHandleAccessor.invoke(DirectMethodHandleAccessor.java:104)
	at java.base/java.lang.reflect.Method.invoke(Method.java:578)
	at org.testng.internal.MethodInvocationHelper.invokeMethod(MethodInvocationHelper.java:133)
	at org.testng.internal.TestInvoker.invokeMethod(TestInvoker.java:598)
	at org.testng.internal.TestInvoker.invokeTestMethod(TestInvoker.java:173)
	at org.testng.internal.MethodRunner.runInSequence(MethodRunner.java:46)
	at org.testng.internal.TestInvoker$MethodInvocationAgent.invoke(TestInvoker.java:824)
	at org.testng.internal.TestInvoker.invokeTestMethods(TestInvoker.java:146)
	at org.testng.internal.TestMethodWorker.invokeTestMethods(TestMethodWorker.java:146)
	at org.testng.internal.TestMethodWorker.run(TestMethodWorker.java:128)
	at java.base/java.util.ArrayList.forEach(ArrayList.java:1511)
	at org.testng.TestRunner.privateRun(TestRunner.java:794)
	at org.testng.TestRunner.run(TestRunner.java:596)
	at org.testng.SuiteRunner.runTest(SuiteRunner.java:377)
	at org.testng.SuiteRunner.runSequentially(SuiteRunner.java:371)
	at org.testng.SuiteRunner.privateRun(SuiteRunner.java:332)
	at org.testng.SuiteRunner.run(SuiteRunner.java:276)
	at org.testng.SuiteRunnerWorker.runSuite(SuiteRunnerWorker.java:53)
	at org.testng.SuiteRunnerWorker.run(SuiteRunnerWorker.java:96)
	at org.testng.TestNG.runSuitesSequentially(TestNG.java:1212)
	at org.testng.TestNG.runSuitesLocally(TestNG.java:1134)
	at org.testng.TestNG.runSuites(TestNG.java:1063)
	at org.testng.TestNG.run(TestNG.java:1031)
	at org.testng.remote.AbstractRemoteTestNG.run(AbstractRemoteTestNG.java:115)
	at org.testng.remote.RemoteTestNG.initAndRun(RemoteTestNG.java:251)
	at org.testng.remote.RemoteTestNG.main(RemoteTestNG.java:77)
28 Jan 2025 12:32:14 ERROR logger - Assertion Failed: assert search button
java.lang.AssertionError: assert search button expected [true] but found [false]
	at org.testng.Assert.fail(Assert.java:99)
	at org.testng.Assert.failNotEquals(Assert.java:1037)
	at org.testng.Assert.assertTrue(Assert.java:45)
	at com.assertions.mobileAssertion.assertTrue(mobileAssertion.java:29)
	at com.pageObjects.ProductCataloguePage.assertsearchButton(ProductCataloguePage.java:97)
	at com.qa.testcases.ProductPageTest.verifyproductPageSearchtoElement(ProductPageTest.java:35)
	at java.base/jdk.internal.reflect.DirectMethodHandleAccessor.invoke(DirectMethodHandleAccessor.java:104)
	at java.base/java.lang.reflect.Method.invoke(Method.java:578)
	at org.testng.internal.MethodInvocationHelper.invokeMethod(MethodInvocationHelper.java:133)
	at org.testng.internal.TestInvoker.invokeMethod(TestInvoker.java:598)
	at org.testng.internal.TestInvoker.invokeTestMethod(TestInvoker.java:173)
	at org.testng.internal.MethodRunner.runInSequence(MethodRunner.java:46)
	at org.testng.internal.TestInvoker$MethodInvocationAgent.invoke(TestInvoker.java:824)
	at org.testng.internal.TestInvoker.invokeTestMethods(TestInvoker.java:146)
	at org.testng.internal.TestMethodWorker.invokeTestMethods(TestMethodWorker.java:146)
	at org.testng.internal.TestMethodWorker.run(TestMethodWorker.java:128)
	at java.base/java.util.ArrayList.forEach(ArrayList.java:1511)
	at org.testng.TestRunner.privateRun(TestRunner.java:794)
	at org.testng.TestRunner.run(TestRunner.java:596)
	at org.testng.SuiteRunner.runTest(SuiteRunner.java:377)
	at org.testng.SuiteRunner.runSequentially(SuiteRunner.java:371)
	at org.testng.SuiteRunner.privateRun(SuiteRunner.java:332)
	at org.testng.SuiteRunner.run(SuiteRunner.java:276)
	at org.testng.SuiteRunnerWorker.runSuite(SuiteRunnerWorker.java:53)
	at org.testng.SuiteRunnerWorker.run(SuiteRunnerWorker.java:96)
	at org.testng.TestNG.runSuitesSequentially(TestNG.java:1212)
	at org.testng.TestNG.runSuitesLocally(TestNG.java:1134)
	at org.testng.TestNG.runSuites(TestNG.java:1063)
	at org.testng.TestNG.run(TestNG.java:1031)
	at org.testng.remote.AbstractRemoteTestNG.run(AbstractRemoteTestNG.java:115)
	at org.testng.remote.RemoteTestNG.initAndRun(RemoteTestNG.java:251)
	at org.testng.remote.RemoteTestNG.main(RemoteTestNG.java:77)
28 Jan 2025 12:32:15  INFO logger - Screenshot captured for method: verifyproductPageSearchtoElement
28 Jan 2025 12:32:15 ERROR logger - Test Failed: verifyproductPageSearchtoElement
java.lang.AssertionError: assert search button expected [true] but found [false]
	at org.testng.Assert.fail(Assert.java:99)
	at org.testng.Assert.failNotEquals(Assert.java:1037)
	at org.testng.Assert.assertTrue(Assert.java:45)
	at com.assertions.mobileAssertion.assertTrue(mobileAssertion.java:29)
	at com.pageObjects.ProductCataloguePage.assertsearchButton(ProductCataloguePage.java:97)
	at com.qa.testcases.ProductPageTest.verifyproductPageSearchtoElement(ProductPageTest.java:35)
	at java.base/jdk.internal.reflect.DirectMethodHandleAccessor.invoke(DirectMethodHandleAccessor.java:104)
	at java.base/java.lang.reflect.Method.invoke(Method.java:578)
	at org.testng.internal.MethodInvocationHelper.invokeMethod(MethodInvocationHelper.java:133)
	at org.testng.internal.TestInvoker.invokeMethod(TestInvoker.java:598)
	at org.testng.internal.TestInvoker.invokeTestMethod(TestInvoker.java:173)
	at org.testng.internal.MethodRunner.runInSequence(MethodRunner.java:46)
	at org.testng.internal.TestInvoker$MethodInvocationAgent.invoke(TestInvoker.java:824)
	at org.testng.internal.TestInvoker.invokeTestMethods(TestInvoker.java:146)
	at org.testng.internal.TestMethodWorker.invokeTestMethods(TestMethodWorker.java:146)
	at org.testng.internal.TestMethodWorker.run(TestMethodWorker.java:128)
	at java.base/java.util.ArrayList.forEach(ArrayList.java:1511)
	at org.testng.TestRunner.privateRun(TestRunner.java:794)
	at org.testng.TestRunner.run(TestRunner.java:596)
	at org.testng.SuiteRunner.runTest(SuiteRunner.java:377)
	at org.testng.SuiteRunner.runSequentially(SuiteRunner.java:371)
	at org.testng.SuiteRunner.privateRun(SuiteRunner.java:332)
	at org.testng.SuiteRunner.run(SuiteRunner.java:276)
	at org.testng.SuiteRunnerWorker.runSuite(SuiteRunnerWorker.java:53)
	at org.testng.SuiteRunnerWorker.run(SuiteRunnerWorker.java:96)
	at org.testng.TestNG.runSuitesSequentially(TestNG.java:1212)
	at org.testng.TestNG.runSuitesLocally(TestNG.java:1134)
	at org.testng.TestNG.runSuites(TestNG.java:1063)
	at org.testng.TestNG.run(TestNG.java:1031)
	at org.testng.remote.AbstractRemoteTestNG.run(AbstractRemoteTestNG.java:115)
	at org.testng.remote.RemoteTestNG.initAndRun(RemoteTestNG.java:251)
	at org.testng.remote.RemoteTestNG.main(RemoteTestNG.java:77)
28 Jan 2025 12:32:15  INFO logger - Stopping Appium Server...
28 Jan 2025 12:32:16  INFO logger - Appium Server stopped successfully.
28 Jan 2025 12:32:16  INFO logger - Test Suite Execution Completed
29 Jan 2025 12:19:39  INFO logger - Appium Server started successfully.
29 Jan 2025 12:19:39  INFO logger - Loaded property 'deviceName' with value: AkankshaEmulator
29 Jan 2025 12:19:39  INFO logger - Initializing Appium Driver...
29 Jan 2025 12:19:39  INFO logger - Loaded property 'appiumURL' with value: http://192.168.29.67:4723
29 Jan 2025 12:19:40  INFO logger - Launching the app and logging in...
29 Jan 2025 12:19:40  INFO logger - Waiting till Skip Button is clicked is displayed
29 Jan 2025 12:19:40  INFO logger - Clicking on Skip Button is clicked
29 Jan 2025 12:19:40 ERROR logger - Error with clicking on Skip Button is clicked
java.lang.NullPointerException: Cannot invoke "io.appium.java_client.android.AndroidDriver.findElement(org.openqa.selenium.By)" because "com.qa.utils.MouseActions.driver" is null
	at com.qa.utils.MouseActions.click(MouseActions.java:36)
	at com.pageObjects.LoginPage.clickSkip(LoginPage.java:41)
	at com.qa.base.BaseClass.LoginToApplication(BaseClass.java:131)
	at com.qa.base.BaseClass.Login(BaseClass.java:146)
	at java.base/jdk.internal.reflect.DirectMethodHandleAccessor.invoke(DirectMethodHandleAccessor.java:104)
	at java.base/java.lang.reflect.Method.invoke(Method.java:578)
	at org.testng.internal.MethodInvocationHelper.invokeMethod(MethodInvocationHelper.java:133)
	at org.testng.internal.MethodInvocationHelper.invokeMethodConsideringTimeout(MethodInvocationHelper.java:62)
	at org.testng.internal.ConfigInvoker.invokeConfigurationMethod(ConfigInvoker.java:385)
	at org.testng.internal.ConfigInvoker.invokeConfigurations(ConfigInvoker.java:321)
	at org.testng.internal.TestInvoker.runConfigMethods(TestInvoker.java:700)
	at org.testng.internal.TestInvoker.invokeMethod(TestInvoker.java:527)
	at org.testng.internal.TestInvoker.invokeTestMethod(TestInvoker.java:173)
	at org.testng.internal.MethodRunner.runInSequence(MethodRunner.java:46)
	at org.testng.internal.TestInvoker$MethodInvocationAgent.invoke(TestInvoker.java:824)
	at org.testng.internal.TestInvoker.invokeTestMethods(TestInvoker.java:146)
	at org.testng.internal.TestMethodWorker.invokeTestMethods(TestMethodWorker.java:146)
	at org.testng.internal.TestMethodWorker.run(TestMethodWorker.java:128)
	at java.base/java.util.ArrayList.forEach(ArrayList.java:1511)
	at org.testng.TestRunner.privateRun(TestRunner.java:794)
	at org.testng.TestRunner.run(TestRunner.java:596)
	at org.testng.SuiteRunner.runTest(SuiteRunner.java:377)
	at org.testng.SuiteRunner.runSequentially(SuiteRunner.java:371)
	at org.testng.SuiteRunner.privateRun(SuiteRunner.java:332)
	at org.testng.SuiteRunner.run(SuiteRunner.java:276)
	at org.testng.SuiteRunnerWorker.runSuite(SuiteRunnerWorker.java:53)
	at org.testng.SuiteRunnerWorker.run(SuiteRunnerWorker.java:96)
	at org.testng.TestNG.runSuitesSequentially(TestNG.java:1212)
	at org.testng.TestNG.runSuitesLocally(TestNG.java:1134)
	at org.testng.TestNG.runSuites(TestNG.java:1063)
	at org.testng.TestNG.run(TestNG.java:1031)
	at org.testng.remote.AbstractRemoteTestNG.run(AbstractRemoteTestNG.java:115)
	at org.testng.remote.RemoteTestNG.initAndRun(RemoteTestNG.java:251)
	at org.testng.remote.RemoteTestNG.main(RemoteTestNG.java:77)
29 Jan 2025 12:19:40  INFO logger - Waiting till Login Button is clicked is displayed
29 Jan 2025 12:19:40  INFO logger - Clicking on Login Button is clicked
29 Jan 2025 12:19:40 ERROR logger - Error with clicking on Login Button is clicked
java.lang.NullPointerException: Cannot invoke "io.appium.java_client.android.AndroidDriver.findElement(org.openqa.selenium.By)" because "com.qa.utils.MouseActions.driver" is null
	at com.qa.utils.MouseActions.click(MouseActions.java:36)
	at com.pageObjects.LoginPage.loginBtn(LoginPage.java:45)
	at com.qa.base.BaseClass.LoginToApplication(BaseClass.java:132)
	at com.qa.base.BaseClass.Login(BaseClass.java:146)
	at java.base/jdk.internal.reflect.DirectMethodHandleAccessor.invoke(DirectMethodHandleAccessor.java:104)
	at java.base/java.lang.reflect.Method.invoke(Method.java:578)
	at org.testng.internal.MethodInvocationHelper.invokeMethod(MethodInvocationHelper.java:133)
	at org.testng.internal.MethodInvocationHelper.invokeMethodConsideringTimeout(MethodInvocationHelper.java:62)
	at org.testng.internal.ConfigInvoker.invokeConfigurationMethod(ConfigInvoker.java:385)
	at org.testng.internal.ConfigInvoker.invokeConfigurations(ConfigInvoker.java:321)
	at org.testng.internal.TestInvoker.runConfigMethods(TestInvoker.java:700)
	at org.testng.internal.TestInvoker.invokeMethod(TestInvoker.java:527)
	at org.testng.internal.TestInvoker.invokeTestMethod(TestInvoker.java:173)
	at org.testng.internal.MethodRunner.runInSequence(MethodRunner.java:46)
	at org.testng.internal.TestInvoker$MethodInvocationAgent.invoke(TestInvoker.java:824)
	at org.testng.internal.TestInvoker.invokeTestMethods(TestInvoker.java:146)
	at org.testng.internal.TestMethodWorker.invokeTestMethods(TestMethodWorker.java:146)
	at org.testng.internal.TestMethodWorker.run(TestMethodWorker.java:128)
	at java.base/java.util.ArrayList.forEach(ArrayList.java:1511)
	at org.testng.TestRunner.privateRun(TestRunner.java:794)
	at org.testng.TestRunner.run(TestRunner.java:596)
	at org.testng.SuiteRunner.runTest(SuiteRunner.java:377)
	at org.testng.SuiteRunner.runSequentially(SuiteRunner.java:371)
	at org.testng.SuiteRunner.privateRun(SuiteRunner.java:332)
	at org.testng.SuiteRunner.run(SuiteRunner.java:276)
	at org.testng.SuiteRunnerWorker.runSuite(SuiteRunnerWorker.java:53)
	at org.testng.SuiteRunnerWorker.run(SuiteRunnerWorker.java:96)
	at org.testng.TestNG.runSuitesSequentially(TestNG.java:1212)
	at org.testng.TestNG.runSuitesLocally(TestNG.java:1134)
	at org.testng.TestNG.runSuites(TestNG.java:1063)
	at org.testng.TestNG.run(TestNG.java:1031)
	at org.testng.remote.AbstractRemoteTestNG.run(AbstractRemoteTestNG.java:115)
	at org.testng.remote.RemoteTestNG.initAndRun(RemoteTestNG.java:251)
	at org.testng.remote.RemoteTestNG.main(RemoteTestNG.java:77)
29 Jan 2025 12:19:40  INFO logger - Loaded property 'emailId' with value: mukesh@yopmail.com
29 Jan 2025 12:19:40 ERROR logger - Error while waiting for element visibility: By.xpath: //android.widget.EditText[@text='Enter email address']
java.lang.NullPointerException: Cannot invoke "org.openqa.selenium.WebDriver.findElement(org.openqa.selenium.By)" because "driver" is null
	at org.openqa.selenium.support.ui.ExpectedConditions$7.apply(ExpectedConditions.java:194)
	at org.openqa.selenium.support.ui.ExpectedConditions$7.apply(ExpectedConditions.java:190)
	at org.openqa.selenium.support.ui.FluentWait.until(FluentWait.java:203)
	at com.waits.waits.waitUntilElementIsVisible(waits.java:75)
	at com.pageObjects.LoginPage.setEmailAddress(LoginPage.java:49)
	at com.qa.base.BaseClass.LoginToApplication(BaseClass.java:133)
	at com.qa.base.BaseClass.Login(BaseClass.java:146)
	at java.base/jdk.internal.reflect.DirectMethodHandleAccessor.invoke(DirectMethodHandleAccessor.java:104)
	at java.base/java.lang.reflect.Method.invoke(Method.java:578)
	at org.testng.internal.MethodInvocationHelper.invokeMethod(MethodInvocationHelper.java:133)
	at org.testng.internal.MethodInvocationHelper.invokeMethodConsideringTimeout(MethodInvocationHelper.java:62)
	at org.testng.internal.ConfigInvoker.invokeConfigurationMethod(ConfigInvoker.java:385)
	at org.testng.internal.ConfigInvoker.invokeConfigurations(ConfigInvoker.java:321)
	at org.testng.internal.TestInvoker.runConfigMethods(TestInvoker.java:700)
	at org.testng.internal.TestInvoker.invokeMethod(TestInvoker.java:527)
	at org.testng.internal.TestInvoker.invokeTestMethod(TestInvoker.java:173)
	at org.testng.internal.MethodRunner.runInSequence(MethodRunner.java:46)
	at org.testng.internal.TestInvoker$MethodInvocationAgent.invoke(TestInvoker.java:824)
	at org.testng.internal.TestInvoker.invokeTestMethods(TestInvoker.java:146)
	at org.testng.internal.TestMethodWorker.invokeTestMethods(TestMethodWorker.java:146)
	at org.testng.internal.TestMethodWorker.run(TestMethodWorker.java:128)
	at java.base/java.util.ArrayList.forEach(ArrayList.java:1511)
	at org.testng.TestRunner.privateRun(TestRunner.java:794)
	at org.testng.TestRunner.run(TestRunner.java:596)
	at org.testng.SuiteRunner.runTest(SuiteRunner.java:377)
	at org.testng.SuiteRunner.runSequentially(SuiteRunner.java:371)
	at org.testng.SuiteRunner.privateRun(SuiteRunner.java:332)
	at org.testng.SuiteRunner.run(SuiteRunner.java:276)
	at org.testng.SuiteRunnerWorker.runSuite(SuiteRunnerWorker.java:53)
	at org.testng.SuiteRunnerWorker.run(SuiteRunnerWorker.java:96)
	at org.testng.TestNG.runSuitesSequentially(TestNG.java:1212)
	at org.testng.TestNG.runSuitesLocally(TestNG.java:1134)
	at org.testng.TestNG.runSuites(TestNG.java:1063)
	at org.testng.TestNG.run(TestNG.java:1031)
	at org.testng.remote.AbstractRemoteTestNG.run(AbstractRemoteTestNG.java:115)
	at org.testng.remote.RemoteTestNG.initAndRun(RemoteTestNG.java:251)
	at org.testng.remote.RemoteTestNG.main(RemoteTestNG.java:77)
29 Jan 2025 12:19:40 ERROR logger - Error during login process.
java.lang.RuntimeException: Failed to wait until element is visible
	at com.waits.waits.waitUntilElementIsVisible(waits.java:79)
	at com.pageObjects.LoginPage.setEmailAddress(LoginPage.java:49)
	at com.qa.base.BaseClass.LoginToApplication(BaseClass.java:133)
	at com.qa.base.BaseClass.Login(BaseClass.java:146)
	at java.base/jdk.internal.reflect.DirectMethodHandleAccessor.invoke(DirectMethodHandleAccessor.java:104)
	at java.base/java.lang.reflect.Method.invoke(Method.java:578)
	at org.testng.internal.MethodInvocationHelper.invokeMethod(MethodInvocationHelper.java:133)
	at org.testng.internal.MethodInvocationHelper.invokeMethodConsideringTimeout(MethodInvocationHelper.java:62)
	at org.testng.internal.ConfigInvoker.invokeConfigurationMethod(ConfigInvoker.java:385)
	at org.testng.internal.ConfigInvoker.invokeConfigurations(ConfigInvoker.java:321)
	at org.testng.internal.TestInvoker.runConfigMethods(TestInvoker.java:700)
	at org.testng.internal.TestInvoker.invokeMethod(TestInvoker.java:527)
	at org.testng.internal.TestInvoker.invokeTestMethod(TestInvoker.java:173)
	at org.testng.internal.MethodRunner.runInSequence(MethodRunner.java:46)
	at org.testng.internal.TestInvoker$MethodInvocationAgent.invoke(TestInvoker.java:824)
	at org.testng.internal.TestInvoker.invokeTestMethods(TestInvoker.java:146)
	at org.testng.internal.TestMethodWorker.invokeTestMethods(TestMethodWorker.java:146)
	at org.testng.internal.TestMethodWorker.run(TestMethodWorker.java:128)
	at java.base/java.util.ArrayList.forEach(ArrayList.java:1511)
	at org.testng.TestRunner.privateRun(TestRunner.java:794)
	at org.testng.TestRunner.run(TestRunner.java:596)
	at org.testng.SuiteRunner.runTest(SuiteRunner.java:377)
	at org.testng.SuiteRunner.runSequentially(SuiteRunner.java:371)
	at org.testng.SuiteRunner.privateRun(SuiteRunner.java:332)
	at org.testng.SuiteRunner.run(SuiteRunner.java:276)
	at org.testng.SuiteRunnerWorker.runSuite(SuiteRunnerWorker.java:53)
	at org.testng.SuiteRunnerWorker.run(SuiteRunnerWorker.java:96)
	at org.testng.TestNG.runSuitesSequentially(TestNG.java:1212)
	at org.testng.TestNG.runSuitesLocally(TestNG.java:1134)
	at org.testng.TestNG.runSuites(TestNG.java:1063)
	at org.testng.TestNG.run(TestNG.java:1031)
	at org.testng.remote.AbstractRemoteTestNG.run(AbstractRemoteTestNG.java:115)
	at org.testng.remote.RemoteTestNG.initAndRun(RemoteTestNG.java:251)
	at org.testng.remote.RemoteTestNG.main(RemoteTestNG.java:77)
Caused by: java.lang.NullPointerException: Cannot invoke "org.openqa.selenium.WebDriver.findElement(org.openqa.selenium.By)" because "driver" is null
	at org.openqa.selenium.support.ui.ExpectedConditions$7.apply(ExpectedConditions.java:194)
	at org.openqa.selenium.support.ui.ExpectedConditions$7.apply(ExpectedConditions.java:190)
	at org.openqa.selenium.support.ui.FluentWait.until(FluentWait.java:203)
	at com.waits.waits.waitUntilElementIsVisible(waits.java:75)
	... 33 more
29 Jan 2025 12:19:40 ERROR logger - Error while logging into the application: Failed to wait until element is visible
java.lang.RuntimeException: Failed to wait until element is visible
	at com.waits.waits.waitUntilElementIsVisible(waits.java:79)
	at com.pageObjects.LoginPage.setEmailAddress(LoginPage.java:49)
	at com.qa.base.BaseClass.LoginToApplication(BaseClass.java:133)
	at com.qa.base.BaseClass.Login(BaseClass.java:146)
	at java.base/jdk.internal.reflect.DirectMethodHandleAccessor.invoke(DirectMethodHandleAccessor.java:104)
	at java.base/java.lang.reflect.Method.invoke(Method.java:578)
	at org.testng.internal.MethodInvocationHelper.invokeMethod(MethodInvocationHelper.java:133)
	at org.testng.internal.MethodInvocationHelper.invokeMethodConsideringTimeout(MethodInvocationHelper.java:62)
	at org.testng.internal.ConfigInvoker.invokeConfigurationMethod(ConfigInvoker.java:385)
	at org.testng.internal.ConfigInvoker.invokeConfigurations(ConfigInvoker.java:321)
	at org.testng.internal.TestInvoker.runConfigMethods(TestInvoker.java:700)
	at org.testng.internal.TestInvoker.invokeMethod(TestInvoker.java:527)
	at org.testng.internal.TestInvoker.invokeTestMethod(TestInvoker.java:173)
	at org.testng.internal.MethodRunner.runInSequence(MethodRunner.java:46)
	at org.testng.internal.TestInvoker$MethodInvocationAgent.invoke(TestInvoker.java:824)
	at org.testng.internal.TestInvoker.invokeTestMethods(TestInvoker.java:146)
	at org.testng.internal.TestMethodWorker.invokeTestMethods(TestMethodWorker.java:146)
	at org.testng.internal.TestMethodWorker.run(TestMethodWorker.java:128)
	at java.base/java.util.ArrayList.forEach(ArrayList.java:1511)
	at org.testng.TestRunner.privateRun(TestRunner.java:794)
	at org.testng.TestRunner.run(TestRunner.java:596)
	at org.testng.SuiteRunner.runTest(SuiteRunner.java:377)
	at org.testng.SuiteRunner.runSequentially(SuiteRunner.java:371)
	at org.testng.SuiteRunner.privateRun(SuiteRunner.java:332)
	at org.testng.SuiteRunner.run(SuiteRunner.java:276)
	at org.testng.SuiteRunnerWorker.runSuite(SuiteRunnerWorker.java:53)
	at org.testng.SuiteRunnerWorker.run(SuiteRunnerWorker.java:96)
	at org.testng.TestNG.runSuitesSequentially(TestNG.java:1212)
	at org.testng.TestNG.runSuitesLocally(TestNG.java:1134)
	at org.testng.TestNG.runSuites(TestNG.java:1063)
	at org.testng.TestNG.run(TestNG.java:1031)
	at org.testng.remote.AbstractRemoteTestNG.run(AbstractRemoteTestNG.java:115)
	at org.testng.remote.RemoteTestNG.initAndRun(RemoteTestNG.java:251)
	at org.testng.remote.RemoteTestNG.main(RemoteTestNG.java:77)
Caused by: java.lang.NullPointerException: Cannot invoke "org.openqa.selenium.WebDriver.findElement(org.openqa.selenium.By)" because "driver" is null
	at org.openqa.selenium.support.ui.ExpectedConditions$7.apply(ExpectedConditions.java:194)
	at org.openqa.selenium.support.ui.ExpectedConditions$7.apply(ExpectedConditions.java:190)
	at org.openqa.selenium.support.ui.FluentWait.until(FluentWait.java:203)
	at com.waits.waits.waitUntilElementIsVisible(waits.java:75)
	... 33 more
29 Jan 2025 12:19:40  INFO logger - Test Started: verifyproductPageScrollingtoElement
29 Jan 2025 12:19:40  INFO logger - Test Skipped: verifyproductPageScrollingtoElement
29 Jan 2025 12:19:40  INFO logger - Launching the app and logging in...
29 Jan 2025 12:19:40  INFO logger - Waiting till Skip Button is clicked is displayed
29 Jan 2025 12:19:40  INFO logger - Clicking on Skip Button is clicked
29 Jan 2025 12:19:40 ERROR logger - Error with clicking on Skip Button is clicked
java.lang.NullPointerException: Cannot invoke "io.appium.java_client.android.AndroidDriver.findElement(org.openqa.selenium.By)" because "com.qa.utils.MouseActions.driver" is null
	at com.qa.utils.MouseActions.click(MouseActions.java:36)
	at com.pageObjects.LoginPage.clickSkip(LoginPage.java:41)
	at com.qa.base.BaseClass.LoginToApplication(BaseClass.java:131)
	at com.qa.base.BaseClass.Login(BaseClass.java:146)
	at java.base/jdk.internal.reflect.DirectMethodHandleAccessor.invoke(DirectMethodHandleAccessor.java:104)
	at java.base/java.lang.reflect.Method.invoke(Method.java:578)
	at org.testng.internal.MethodInvocationHelper.invokeMethod(MethodInvocationHelper.java:133)
	at org.testng.internal.MethodInvocationHelper.invokeMethodConsideringTimeout(MethodInvocationHelper.java:62)
	at org.testng.internal.ConfigInvoker.invokeConfigurationMethod(ConfigInvoker.java:385)
	at org.testng.internal.ConfigInvoker.invokeConfigurations(ConfigInvoker.java:321)
	at org.testng.internal.TestInvoker.runConfigMethods(TestInvoker.java:700)
	at org.testng.internal.TestInvoker.invokeMethod(TestInvoker.java:527)
	at org.testng.internal.TestInvoker.invokeTestMethod(TestInvoker.java:173)
	at org.testng.internal.MethodRunner.runInSequence(MethodRunner.java:46)
	at org.testng.internal.TestInvoker$MethodInvocationAgent.invoke(TestInvoker.java:824)
	at org.testng.internal.TestInvoker.invokeTestMethods(TestInvoker.java:146)
	at org.testng.internal.TestMethodWorker.invokeTestMethods(TestMethodWorker.java:146)
	at org.testng.internal.TestMethodWorker.run(TestMethodWorker.java:128)
	at java.base/java.util.ArrayList.forEach(ArrayList.java:1511)
	at org.testng.TestRunner.privateRun(TestRunner.java:794)
	at org.testng.TestRunner.run(TestRunner.java:596)
	at org.testng.SuiteRunner.runTest(SuiteRunner.java:377)
	at org.testng.SuiteRunner.runSequentially(SuiteRunner.java:371)
	at org.testng.SuiteRunner.privateRun(SuiteRunner.java:332)
	at org.testng.SuiteRunner.run(SuiteRunner.java:276)
	at org.testng.SuiteRunnerWorker.runSuite(SuiteRunnerWorker.java:53)
	at org.testng.SuiteRunnerWorker.run(SuiteRunnerWorker.java:96)
	at org.testng.TestNG.runSuitesSequentially(TestNG.java:1212)
	at org.testng.TestNG.runSuitesLocally(TestNG.java:1134)
	at org.testng.TestNG.runSuites(TestNG.java:1063)
	at org.testng.TestNG.run(TestNG.java:1031)
	at org.testng.remote.AbstractRemoteTestNG.run(AbstractRemoteTestNG.java:115)
	at org.testng.remote.RemoteTestNG.initAndRun(RemoteTestNG.java:251)
	at org.testng.remote.RemoteTestNG.main(RemoteTestNG.java:77)
29 Jan 2025 12:19:40  INFO logger - Waiting till Login Button is clicked is displayed
29 Jan 2025 12:19:40  INFO logger - Clicking on Login Button is clicked
29 Jan 2025 12:19:40 ERROR logger - Error with clicking on Login Button is clicked
java.lang.NullPointerException: Cannot invoke "io.appium.java_client.android.AndroidDriver.findElement(org.openqa.selenium.By)" because "com.qa.utils.MouseActions.driver" is null
	at com.qa.utils.MouseActions.click(MouseActions.java:36)
	at com.pageObjects.LoginPage.loginBtn(LoginPage.java:45)
	at com.qa.base.BaseClass.LoginToApplication(BaseClass.java:132)
	at com.qa.base.BaseClass.Login(BaseClass.java:146)
	at java.base/jdk.internal.reflect.DirectMethodHandleAccessor.invoke(DirectMethodHandleAccessor.java:104)
	at java.base/java.lang.reflect.Method.invoke(Method.java:578)
	at org.testng.internal.MethodInvocationHelper.invokeMethod(MethodInvocationHelper.java:133)
	at org.testng.internal.MethodInvocationHelper.invokeMethodConsideringTimeout(MethodInvocationHelper.java:62)
	at org.testng.internal.ConfigInvoker.invokeConfigurationMethod(ConfigInvoker.java:385)
	at org.testng.internal.ConfigInvoker.invokeConfigurations(ConfigInvoker.java:321)
	at org.testng.internal.TestInvoker.runConfigMethods(TestInvoker.java:700)
	at org.testng.internal.TestInvoker.invokeMethod(TestInvoker.java:527)
	at org.testng.internal.TestInvoker.invokeTestMethod(TestInvoker.java:173)
	at org.testng.internal.MethodRunner.runInSequence(MethodRunner.java:46)
	at org.testng.internal.TestInvoker$MethodInvocationAgent.invoke(TestInvoker.java:824)
	at org.testng.internal.TestInvoker.invokeTestMethods(TestInvoker.java:146)
	at org.testng.internal.TestMethodWorker.invokeTestMethods(TestMethodWorker.java:146)
	at org.testng.internal.TestMethodWorker.run(TestMethodWorker.java:128)
	at java.base/java.util.ArrayList.forEach(ArrayList.java:1511)
	at org.testng.TestRunner.privateRun(TestRunner.java:794)
	at org.testng.TestRunner.run(TestRunner.java:596)
	at org.testng.SuiteRunner.runTest(SuiteRunner.java:377)
	at org.testng.SuiteRunner.runSequentially(SuiteRunner.java:371)
	at org.testng.SuiteRunner.privateRun(SuiteRunner.java:332)
	at org.testng.SuiteRunner.run(SuiteRunner.java:276)
	at org.testng.SuiteRunnerWorker.runSuite(SuiteRunnerWorker.java:53)
	at org.testng.SuiteRunnerWorker.run(SuiteRunnerWorker.java:96)
	at org.testng.TestNG.runSuitesSequentially(TestNG.java:1212)
	at org.testng.TestNG.runSuitesLocally(TestNG.java:1134)
	at org.testng.TestNG.runSuites(TestNG.java:1063)
	at org.testng.TestNG.run(TestNG.java:1031)
	at org.testng.remote.AbstractRemoteTestNG.run(AbstractRemoteTestNG.java:115)
	at org.testng.remote.RemoteTestNG.initAndRun(RemoteTestNG.java:251)
	at org.testng.remote.RemoteTestNG.main(RemoteTestNG.java:77)
29 Jan 2025 12:19:40  INFO logger - Loaded property 'emailId' with value: mukesh@yopmail.com
29 Jan 2025 12:19:40 ERROR logger - Error while waiting for element visibility: By.xpath: //android.widget.EditText[@text='Enter email address']
java.lang.NullPointerException: Cannot invoke "org.openqa.selenium.WebDriver.findElement(org.openqa.selenium.By)" because "driver" is null
	at org.openqa.selenium.support.ui.ExpectedConditions$7.apply(ExpectedConditions.java:194)
	at org.openqa.selenium.support.ui.ExpectedConditions$7.apply(ExpectedConditions.java:190)
	at org.openqa.selenium.support.ui.FluentWait.until(FluentWait.java:203)
	at com.waits.waits.waitUntilElementIsVisible(waits.java:75)
	at com.pageObjects.LoginPage.setEmailAddress(LoginPage.java:49)
	at com.qa.base.BaseClass.LoginToApplication(BaseClass.java:133)
	at com.qa.base.BaseClass.Login(BaseClass.java:146)
	at java.base/jdk.internal.reflect.DirectMethodHandleAccessor.invoke(DirectMethodHandleAccessor.java:104)
	at java.base/java.lang.reflect.Method.invoke(Method.java:578)
	at org.testng.internal.MethodInvocationHelper.invokeMethod(MethodInvocationHelper.java:133)
	at org.testng.internal.MethodInvocationHelper.invokeMethodConsideringTimeout(MethodInvocationHelper.java:62)
	at org.testng.internal.ConfigInvoker.invokeConfigurationMethod(ConfigInvoker.java:385)
	at org.testng.internal.ConfigInvoker.invokeConfigurations(ConfigInvoker.java:321)
	at org.testng.internal.TestInvoker.runConfigMethods(TestInvoker.java:700)
	at org.testng.internal.TestInvoker.invokeMethod(TestInvoker.java:527)
	at org.testng.internal.TestInvoker.invokeTestMethod(TestInvoker.java:173)
	at org.testng.internal.MethodRunner.runInSequence(MethodRunner.java:46)
	at org.testng.internal.TestInvoker$MethodInvocationAgent.invoke(TestInvoker.java:824)
	at org.testng.internal.TestInvoker.invokeTestMethods(TestInvoker.java:146)
	at org.testng.internal.TestMethodWorker.invokeTestMethods(TestMethodWorker.java:146)
	at org.testng.internal.TestMethodWorker.run(TestMethodWorker.java:128)
	at java.base/java.util.ArrayList.forEach(ArrayList.java:1511)
	at org.testng.TestRunner.privateRun(TestRunner.java:794)
	at org.testng.TestRunner.run(TestRunner.java:596)
	at org.testng.SuiteRunner.runTest(SuiteRunner.java:377)
	at org.testng.SuiteRunner.runSequentially(SuiteRunner.java:371)
	at org.testng.SuiteRunner.privateRun(SuiteRunner.java:332)
	at org.testng.SuiteRunner.run(SuiteRunner.java:276)
	at org.testng.SuiteRunnerWorker.runSuite(SuiteRunnerWorker.java:53)
	at org.testng.SuiteRunnerWorker.run(SuiteRunnerWorker.java:96)
	at org.testng.TestNG.runSuitesSequentially(TestNG.java:1212)
	at org.testng.TestNG.runSuitesLocally(TestNG.java:1134)
	at org.testng.TestNG.runSuites(TestNG.java:1063)
	at org.testng.TestNG.run(TestNG.java:1031)
	at org.testng.remote.AbstractRemoteTestNG.run(AbstractRemoteTestNG.java:115)
	at org.testng.remote.RemoteTestNG.initAndRun(RemoteTestNG.java:251)
	at org.testng.remote.RemoteTestNG.main(RemoteTestNG.java:77)
29 Jan 2025 12:19:40 ERROR logger - Error during login process.
java.lang.RuntimeException: Failed to wait until element is visible
	at com.waits.waits.waitUntilElementIsVisible(waits.java:79)
	at com.pageObjects.LoginPage.setEmailAddress(LoginPage.java:49)
	at com.qa.base.BaseClass.LoginToApplication(BaseClass.java:133)
	at com.qa.base.BaseClass.Login(BaseClass.java:146)
	at java.base/jdk.internal.reflect.DirectMethodHandleAccessor.invoke(DirectMethodHandleAccessor.java:104)
	at java.base/java.lang.reflect.Method.invoke(Method.java:578)
	at org.testng.internal.MethodInvocationHelper.invokeMethod(MethodInvocationHelper.java:133)
	at org.testng.internal.MethodInvocationHelper.invokeMethodConsideringTimeout(MethodInvocationHelper.java:62)
	at org.testng.internal.ConfigInvoker.invokeConfigurationMethod(ConfigInvoker.java:385)
	at org.testng.internal.ConfigInvoker.invokeConfigurations(ConfigInvoker.java:321)
	at org.testng.internal.TestInvoker.runConfigMethods(TestInvoker.java:700)
	at org.testng.internal.TestInvoker.invokeMethod(TestInvoker.java:527)
	at org.testng.internal.TestInvoker.invokeTestMethod(TestInvoker.java:173)
	at org.testng.internal.MethodRunner.runInSequence(MethodRunner.java:46)
	at org.testng.internal.TestInvoker$MethodInvocationAgent.invoke(TestInvoker.java:824)
	at org.testng.internal.TestInvoker.invokeTestMethods(TestInvoker.java:146)
	at org.testng.internal.TestMethodWorker.invokeTestMethods(TestMethodWorker.java:146)
	at org.testng.internal.TestMethodWorker.run(TestMethodWorker.java:128)
	at java.base/java.util.ArrayList.forEach(ArrayList.java:1511)
	at org.testng.TestRunner.privateRun(TestRunner.java:794)
	at org.testng.TestRunner.run(TestRunner.java:596)
	at org.testng.SuiteRunner.runTest(SuiteRunner.java:377)
	at org.testng.SuiteRunner.runSequentially(SuiteRunner.java:371)
	at org.testng.SuiteRunner.privateRun(SuiteRunner.java:332)
	at org.testng.SuiteRunner.run(SuiteRunner.java:276)
	at org.testng.SuiteRunnerWorker.runSuite(SuiteRunnerWorker.java:53)
	at org.testng.SuiteRunnerWorker.run(SuiteRunnerWorker.java:96)
	at org.testng.TestNG.runSuitesSequentially(TestNG.java:1212)
	at org.testng.TestNG.runSuitesLocally(TestNG.java:1134)
	at org.testng.TestNG.runSuites(TestNG.java:1063)
	at org.testng.TestNG.run(TestNG.java:1031)
	at org.testng.remote.AbstractRemoteTestNG.run(AbstractRemoteTestNG.java:115)
	at org.testng.remote.RemoteTestNG.initAndRun(RemoteTestNG.java:251)
	at org.testng.remote.RemoteTestNG.main(RemoteTestNG.java:77)
Caused by: java.lang.NullPointerException: Cannot invoke "org.openqa.selenium.WebDriver.findElement(org.openqa.selenium.By)" because "driver" is null
	at org.openqa.selenium.support.ui.ExpectedConditions$7.apply(ExpectedConditions.java:194)
	at org.openqa.selenium.support.ui.ExpectedConditions$7.apply(ExpectedConditions.java:190)
	at org.openqa.selenium.support.ui.FluentWait.until(FluentWait.java:203)
	at com.waits.waits.waitUntilElementIsVisible(waits.java:75)
	... 33 more
29 Jan 2025 12:19:40 ERROR logger - Error while logging into the application: Failed to wait until element is visible
java.lang.RuntimeException: Failed to wait until element is visible
	at com.waits.waits.waitUntilElementIsVisible(waits.java:79)
	at com.pageObjects.LoginPage.setEmailAddress(LoginPage.java:49)
	at com.qa.base.BaseClass.LoginToApplication(BaseClass.java:133)
	at com.qa.base.BaseClass.Login(BaseClass.java:146)
	at java.base/jdk.internal.reflect.DirectMethodHandleAccessor.invoke(DirectMethodHandleAccessor.java:104)
	at java.base/java.lang.reflect.Method.invoke(Method.java:578)
	at org.testng.internal.MethodInvocationHelper.invokeMethod(MethodInvocationHelper.java:133)
	at org.testng.internal.MethodInvocationHelper.invokeMethodConsideringTimeout(MethodInvocationHelper.java:62)
	at org.testng.internal.ConfigInvoker.invokeConfigurationMethod(ConfigInvoker.java:385)
	at org.testng.internal.ConfigInvoker.invokeConfigurations(ConfigInvoker.java:321)
	at org.testng.internal.TestInvoker.runConfigMethods(TestInvoker.java:700)
	at org.testng.internal.TestInvoker.invokeMethod(TestInvoker.java:527)
	at org.testng.internal.TestInvoker.invokeTestMethod(TestInvoker.java:173)
	at org.testng.internal.MethodRunner.runInSequence(MethodRunner.java:46)
	at org.testng.internal.TestInvoker$MethodInvocationAgent.invoke(TestInvoker.java:824)
	at org.testng.internal.TestInvoker.invokeTestMethods(TestInvoker.java:146)
	at org.testng.internal.TestMethodWorker.invokeTestMethods(TestMethodWorker.java:146)
	at org.testng.internal.TestMethodWorker.run(TestMethodWorker.java:128)
	at java.base/java.util.ArrayList.forEach(ArrayList.java:1511)
	at org.testng.TestRunner.privateRun(TestRunner.java:794)
	at org.testng.TestRunner.run(TestRunner.java:596)
	at org.testng.SuiteRunner.runTest(SuiteRunner.java:377)
	at org.testng.SuiteRunner.runSequentially(SuiteRunner.java:371)
	at org.testng.SuiteRunner.privateRun(SuiteRunner.java:332)
	at org.testng.SuiteRunner.run(SuiteRunner.java:276)
	at org.testng.SuiteRunnerWorker.runSuite(SuiteRunnerWorker.java:53)
	at org.testng.SuiteRunnerWorker.run(SuiteRunnerWorker.java:96)
	at org.testng.TestNG.runSuitesSequentially(TestNG.java:1212)
	at org.testng.TestNG.runSuitesLocally(TestNG.java:1134)
	at org.testng.TestNG.runSuites(TestNG.java:1063)
	at org.testng.TestNG.run(TestNG.java:1031)
	at org.testng.remote.AbstractRemoteTestNG.run(AbstractRemoteTestNG.java:115)
	at org.testng.remote.RemoteTestNG.initAndRun(RemoteTestNG.java:251)
	at org.testng.remote.RemoteTestNG.main(RemoteTestNG.java:77)
Caused by: java.lang.NullPointerException: Cannot invoke "org.openqa.selenium.WebDriver.findElement(org.openqa.selenium.By)" because "driver" is null
	at org.openqa.selenium.support.ui.ExpectedConditions$7.apply(ExpectedConditions.java:194)
	at org.openqa.selenium.support.ui.ExpectedConditions$7.apply(ExpectedConditions.java:190)
	at org.openqa.selenium.support.ui.FluentWait.until(FluentWait.java:203)
	at com.waits.waits.waitUntilElementIsVisible(waits.java:75)
	... 33 more
29 Jan 2025 12:19:40  INFO logger - Test Started: verifyproductPageSearchtoElement
29 Jan 2025 12:19:40  INFO logger - Test Skipped: verifyproductPageSearchtoElement
29 Jan 2025 12:19:40  INFO logger - Test Suite Execution Completed
29 Jan 2025 12:21:03  INFO logger - Appium Server started successfully.
29 Jan 2025 12:21:03  INFO logger - Loaded property 'deviceName' with value: AkankshaEmulator
29 Jan 2025 12:21:03  INFO logger - Initializing Appium Driver...
29 Jan 2025 12:21:03  INFO logger - Loaded property 'appiumURL' with value: http://192.168.29.67:4723
29 Jan 2025 12:21:04  INFO logger - Launching the app and logging in...
29 Jan 2025 12:21:04  INFO logger - Waiting till Skip Button is clicked is displayed
29 Jan 2025 12:21:04  INFO logger - Clicking on Skip Button is clicked
29 Jan 2025 12:21:04 ERROR logger - Error with clicking on Skip Button is clicked
java.lang.NullPointerException: Cannot invoke "io.appium.java_client.android.AndroidDriver.findElement(org.openqa.selenium.By)" because "com.qa.utils.MouseActions.driver" is null
	at com.qa.utils.MouseActions.click(MouseActions.java:36)
	at com.pageObjects.LoginPage.clickSkip(LoginPage.java:41)
	at com.qa.base.BaseClass.LoginToApplication(BaseClass.java:131)
	at com.qa.base.BaseClass.Login(BaseClass.java:146)
	at java.base/jdk.internal.reflect.DirectMethodHandleAccessor.invoke(DirectMethodHandleAccessor.java:104)
	at java.base/java.lang.reflect.Method.invoke(Method.java:578)
	at org.testng.internal.MethodInvocationHelper.invokeMethod(MethodInvocationHelper.java:133)
	at org.testng.internal.MethodInvocationHelper.invokeMethodConsideringTimeout(MethodInvocationHelper.java:62)
	at org.testng.internal.ConfigInvoker.invokeConfigurationMethod(ConfigInvoker.java:385)
	at org.testng.internal.ConfigInvoker.invokeConfigurations(ConfigInvoker.java:321)
	at org.testng.internal.TestInvoker.runConfigMethods(TestInvoker.java:700)
	at org.testng.internal.TestInvoker.invokeMethod(TestInvoker.java:527)
	at org.testng.internal.TestInvoker.invokeTestMethod(TestInvoker.java:173)
	at org.testng.internal.MethodRunner.runInSequence(MethodRunner.java:46)
	at org.testng.internal.TestInvoker$MethodInvocationAgent.invoke(TestInvoker.java:824)
	at org.testng.internal.TestInvoker.invokeTestMethods(TestInvoker.java:146)
	at org.testng.internal.TestMethodWorker.invokeTestMethods(TestMethodWorker.java:146)
	at org.testng.internal.TestMethodWorker.run(TestMethodWorker.java:128)
	at java.base/java.util.ArrayList.forEach(ArrayList.java:1511)
	at org.testng.TestRunner.privateRun(TestRunner.java:794)
	at org.testng.TestRunner.run(TestRunner.java:596)
	at org.testng.SuiteRunner.runTest(SuiteRunner.java:377)
	at org.testng.SuiteRunner.runSequentially(SuiteRunner.java:371)
	at org.testng.SuiteRunner.privateRun(SuiteRunner.java:332)
	at org.testng.SuiteRunner.run(SuiteRunner.java:276)
	at org.testng.SuiteRunnerWorker.runSuite(SuiteRunnerWorker.java:53)
	at org.testng.SuiteRunnerWorker.run(SuiteRunnerWorker.java:96)
	at org.testng.TestNG.runSuitesSequentially(TestNG.java:1212)
	at org.testng.TestNG.runSuitesLocally(TestNG.java:1134)
	at org.testng.TestNG.runSuites(TestNG.java:1063)
	at org.testng.TestNG.run(TestNG.java:1031)
	at org.testng.remote.AbstractRemoteTestNG.run(AbstractRemoteTestNG.java:115)
	at org.testng.remote.RemoteTestNG.initAndRun(RemoteTestNG.java:251)
	at org.testng.remote.RemoteTestNG.main(RemoteTestNG.java:77)
29 Jan 2025 12:21:04  INFO logger - Waiting till Login Button is clicked is displayed
29 Jan 2025 12:21:04  INFO logger - Clicking on Login Button is clicked
29 Jan 2025 12:21:04 ERROR logger - Error with clicking on Login Button is clicked
java.lang.NullPointerException: Cannot invoke "io.appium.java_client.android.AndroidDriver.findElement(org.openqa.selenium.By)" because "com.qa.utils.MouseActions.driver" is null
	at com.qa.utils.MouseActions.click(MouseActions.java:36)
	at com.pageObjects.LoginPage.loginBtn(LoginPage.java:45)
	at com.qa.base.BaseClass.LoginToApplication(BaseClass.java:132)
	at com.qa.base.BaseClass.Login(BaseClass.java:146)
	at java.base/jdk.internal.reflect.DirectMethodHandleAccessor.invoke(DirectMethodHandleAccessor.java:104)
	at java.base/java.lang.reflect.Method.invoke(Method.java:578)
	at org.testng.internal.MethodInvocationHelper.invokeMethod(MethodInvocationHelper.java:133)
	at org.testng.internal.MethodInvocationHelper.invokeMethodConsideringTimeout(MethodInvocationHelper.java:62)
	at org.testng.internal.ConfigInvoker.invokeConfigurationMethod(ConfigInvoker.java:385)
	at org.testng.internal.ConfigInvoker.invokeConfigurations(ConfigInvoker.java:321)
	at org.testng.internal.TestInvoker.runConfigMethods(TestInvoker.java:700)
	at org.testng.internal.TestInvoker.invokeMethod(TestInvoker.java:527)
	at org.testng.internal.TestInvoker.invokeTestMethod(TestInvoker.java:173)
	at org.testng.internal.MethodRunner.runInSequence(MethodRunner.java:46)
	at org.testng.internal.TestInvoker$MethodInvocationAgent.invoke(TestInvoker.java:824)
	at org.testng.internal.TestInvoker.invokeTestMethods(TestInvoker.java:146)
	at org.testng.internal.TestMethodWorker.invokeTestMethods(TestMethodWorker.java:146)
	at org.testng.internal.TestMethodWorker.run(TestMethodWorker.java:128)
	at java.base/java.util.ArrayList.forEach(ArrayList.java:1511)
	at org.testng.TestRunner.privateRun(TestRunner.java:794)
	at org.testng.TestRunner.run(TestRunner.java:596)
	at org.testng.SuiteRunner.runTest(SuiteRunner.java:377)
	at org.testng.SuiteRunner.runSequentially(SuiteRunner.java:371)
	at org.testng.SuiteRunner.privateRun(SuiteRunner.java:332)
	at org.testng.SuiteRunner.run(SuiteRunner.java:276)
	at org.testng.SuiteRunnerWorker.runSuite(SuiteRunnerWorker.java:53)
	at org.testng.SuiteRunnerWorker.run(SuiteRunnerWorker.java:96)
	at org.testng.TestNG.runSuitesSequentially(TestNG.java:1212)
	at org.testng.TestNG.runSuitesLocally(TestNG.java:1134)
	at org.testng.TestNG.runSuites(TestNG.java:1063)
	at org.testng.TestNG.run(TestNG.java:1031)
	at org.testng.remote.AbstractRemoteTestNG.run(AbstractRemoteTestNG.java:115)
	at org.testng.remote.RemoteTestNG.initAndRun(RemoteTestNG.java:251)
	at org.testng.remote.RemoteTestNG.main(RemoteTestNG.java:77)
29 Jan 2025 12:21:04  INFO logger - Loaded property 'emailId' with value: mukesh@yopmail.com
29 Jan 2025 12:21:04 ERROR logger - Error while waiting for element visibility: By.xpath: //android.widget.EditText[@text='Enter email address']
java.lang.NullPointerException: Cannot invoke "org.openqa.selenium.WebDriver.findElement(org.openqa.selenium.By)" because "driver" is null
	at org.openqa.selenium.support.ui.ExpectedConditions$7.apply(ExpectedConditions.java:194)
	at org.openqa.selenium.support.ui.ExpectedConditions$7.apply(ExpectedConditions.java:190)
	at org.openqa.selenium.support.ui.FluentWait.until(FluentWait.java:203)
	at com.waits.waits.waitUntilElementIsVisible(waits.java:75)
	at com.pageObjects.LoginPage.setEmailAddress(LoginPage.java:49)
	at com.qa.base.BaseClass.LoginToApplication(BaseClass.java:133)
	at com.qa.base.BaseClass.Login(BaseClass.java:146)
	at java.base/jdk.internal.reflect.DirectMethodHandleAccessor.invoke(DirectMethodHandleAccessor.java:104)
	at java.base/java.lang.reflect.Method.invoke(Method.java:578)
	at org.testng.internal.MethodInvocationHelper.invokeMethod(MethodInvocationHelper.java:133)
	at org.testng.internal.MethodInvocationHelper.invokeMethodConsideringTimeout(MethodInvocationHelper.java:62)
	at org.testng.internal.ConfigInvoker.invokeConfigurationMethod(ConfigInvoker.java:385)
	at org.testng.internal.ConfigInvoker.invokeConfigurations(ConfigInvoker.java:321)
	at org.testng.internal.TestInvoker.runConfigMethods(TestInvoker.java:700)
	at org.testng.internal.TestInvoker.invokeMethod(TestInvoker.java:527)
	at org.testng.internal.TestInvoker.invokeTestMethod(TestInvoker.java:173)
	at org.testng.internal.MethodRunner.runInSequence(MethodRunner.java:46)
	at org.testng.internal.TestInvoker$MethodInvocationAgent.invoke(TestInvoker.java:824)
	at org.testng.internal.TestInvoker.invokeTestMethods(TestInvoker.java:146)
	at org.testng.internal.TestMethodWorker.invokeTestMethods(TestMethodWorker.java:146)
	at org.testng.internal.TestMethodWorker.run(TestMethodWorker.java:128)
	at java.base/java.util.ArrayList.forEach(ArrayList.java:1511)
	at org.testng.TestRunner.privateRun(TestRunner.java:794)
	at org.testng.TestRunner.run(TestRunner.java:596)
	at org.testng.SuiteRunner.runTest(SuiteRunner.java:377)
	at org.testng.SuiteRunner.runSequentially(SuiteRunner.java:371)
	at org.testng.SuiteRunner.privateRun(SuiteRunner.java:332)
	at org.testng.SuiteRunner.run(SuiteRunner.java:276)
	at org.testng.SuiteRunnerWorker.runSuite(SuiteRunnerWorker.java:53)
	at org.testng.SuiteRunnerWorker.run(SuiteRunnerWorker.java:96)
	at org.testng.TestNG.runSuitesSequentially(TestNG.java:1212)
	at org.testng.TestNG.runSuitesLocally(TestNG.java:1134)
	at org.testng.TestNG.runSuites(TestNG.java:1063)
	at org.testng.TestNG.run(TestNG.java:1031)
	at org.testng.remote.AbstractRemoteTestNG.run(AbstractRemoteTestNG.java:115)
	at org.testng.remote.RemoteTestNG.initAndRun(RemoteTestNG.java:251)
	at org.testng.remote.RemoteTestNG.main(RemoteTestNG.java:77)
29 Jan 2025 12:21:04 ERROR logger - Error during login process.
java.lang.RuntimeException: Failed to wait until element is visible
	at com.waits.waits.waitUntilElementIsVisible(waits.java:79)
	at com.pageObjects.LoginPage.setEmailAddress(LoginPage.java:49)
	at com.qa.base.BaseClass.LoginToApplication(BaseClass.java:133)
	at com.qa.base.BaseClass.Login(BaseClass.java:146)
	at java.base/jdk.internal.reflect.DirectMethodHandleAccessor.invoke(DirectMethodHandleAccessor.java:104)
	at java.base/java.lang.reflect.Method.invoke(Method.java:578)
	at org.testng.internal.MethodInvocationHelper.invokeMethod(MethodInvocationHelper.java:133)
	at org.testng.internal.MethodInvocationHelper.invokeMethodConsideringTimeout(MethodInvocationHelper.java:62)
	at org.testng.internal.ConfigInvoker.invokeConfigurationMethod(ConfigInvoker.java:385)
	at org.testng.internal.ConfigInvoker.invokeConfigurations(ConfigInvoker.java:321)
	at org.testng.internal.TestInvoker.runConfigMethods(TestInvoker.java:700)
	at org.testng.internal.TestInvoker.invokeMethod(TestInvoker.java:527)
	at org.testng.internal.TestInvoker.invokeTestMethod(TestInvoker.java:173)
	at org.testng.internal.MethodRunner.runInSequence(MethodRunner.java:46)
	at org.testng.internal.TestInvoker$MethodInvocationAgent.invoke(TestInvoker.java:824)
	at org.testng.internal.TestInvoker.invokeTestMethods(TestInvoker.java:146)
	at org.testng.internal.TestMethodWorker.invokeTestMethods(TestMethodWorker.java:146)
	at org.testng.internal.TestMethodWorker.run(TestMethodWorker.java:128)
	at java.base/java.util.ArrayList.forEach(ArrayList.java:1511)
	at org.testng.TestRunner.privateRun(TestRunner.java:794)
	at org.testng.TestRunner.run(TestRunner.java:596)
	at org.testng.SuiteRunner.runTest(SuiteRunner.java:377)
	at org.testng.SuiteRunner.runSequentially(SuiteRunner.java:371)
	at org.testng.SuiteRunner.privateRun(SuiteRunner.java:332)
	at org.testng.SuiteRunner.run(SuiteRunner.java:276)
	at org.testng.SuiteRunnerWorker.runSuite(SuiteRunnerWorker.java:53)
	at org.testng.SuiteRunnerWorker.run(SuiteRunnerWorker.java:96)
	at org.testng.TestNG.runSuitesSequentially(TestNG.java:1212)
	at org.testng.TestNG.runSuitesLocally(TestNG.java:1134)
	at org.testng.TestNG.runSuites(TestNG.java:1063)
	at org.testng.TestNG.run(TestNG.java:1031)
	at org.testng.remote.AbstractRemoteTestNG.run(AbstractRemoteTestNG.java:115)
	at org.testng.remote.RemoteTestNG.initAndRun(RemoteTestNG.java:251)
	at org.testng.remote.RemoteTestNG.main(RemoteTestNG.java:77)
Caused by: java.lang.NullPointerException: Cannot invoke "org.openqa.selenium.WebDriver.findElement(org.openqa.selenium.By)" because "driver" is null
	at org.openqa.selenium.support.ui.ExpectedConditions$7.apply(ExpectedConditions.java:194)
	at org.openqa.selenium.support.ui.ExpectedConditions$7.apply(ExpectedConditions.java:190)
	at org.openqa.selenium.support.ui.FluentWait.until(FluentWait.java:203)
	at com.waits.waits.waitUntilElementIsVisible(waits.java:75)
	... 33 more
29 Jan 2025 12:21:04 ERROR logger - Error while logging into the application: Failed to wait until element is visible
java.lang.RuntimeException: Failed to wait until element is visible
	at com.waits.waits.waitUntilElementIsVisible(waits.java:79)
	at com.pageObjects.LoginPage.setEmailAddress(LoginPage.java:49)
	at com.qa.base.BaseClass.LoginToApplication(BaseClass.java:133)
	at com.qa.base.BaseClass.Login(BaseClass.java:146)
	at java.base/jdk.internal.reflect.DirectMethodHandleAccessor.invoke(DirectMethodHandleAccessor.java:104)
	at java.base/java.lang.reflect.Method.invoke(Method.java:578)
	at org.testng.internal.MethodInvocationHelper.invokeMethod(MethodInvocationHelper.java:133)
	at org.testng.internal.MethodInvocationHelper.invokeMethodConsideringTimeout(MethodInvocationHelper.java:62)
	at org.testng.internal.ConfigInvoker.invokeConfigurationMethod(ConfigInvoker.java:385)
	at org.testng.internal.ConfigInvoker.invokeConfigurations(ConfigInvoker.java:321)
	at org.testng.internal.TestInvoker.runConfigMethods(TestInvoker.java:700)
	at org.testng.internal.TestInvoker.invokeMethod(TestInvoker.java:527)
	at org.testng.internal.TestInvoker.invokeTestMethod(TestInvoker.java:173)
	at org.testng.internal.MethodRunner.runInSequence(MethodRunner.java:46)
	at org.testng.internal.TestInvoker$MethodInvocationAgent.invoke(TestInvoker.java:824)
	at org.testng.internal.TestInvoker.invokeTestMethods(TestInvoker.java:146)
	at org.testng.internal.TestMethodWorker.invokeTestMethods(TestMethodWorker.java:146)
	at org.testng.internal.TestMethodWorker.run(TestMethodWorker.java:128)
	at java.base/java.util.ArrayList.forEach(ArrayList.java:1511)
	at org.testng.TestRunner.privateRun(TestRunner.java:794)
	at org.testng.TestRunner.run(TestRunner.java:596)
	at org.testng.SuiteRunner.runTest(SuiteRunner.java:377)
	at org.testng.SuiteRunner.runSequentially(SuiteRunner.java:371)
	at org.testng.SuiteRunner.privateRun(SuiteRunner.java:332)
	at org.testng.SuiteRunner.run(SuiteRunner.java:276)
	at org.testng.SuiteRunnerWorker.runSuite(SuiteRunnerWorker.java:53)
	at org.testng.SuiteRunnerWorker.run(SuiteRunnerWorker.java:96)
	at org.testng.TestNG.runSuitesSequentially(TestNG.java:1212)
	at org.testng.TestNG.runSuitesLocally(TestNG.java:1134)
	at org.testng.TestNG.runSuites(TestNG.java:1063)
	at org.testng.TestNG.run(TestNG.java:1031)
	at org.testng.remote.AbstractRemoteTestNG.run(AbstractRemoteTestNG.java:115)
	at org.testng.remote.RemoteTestNG.initAndRun(RemoteTestNG.java:251)
	at org.testng.remote.RemoteTestNG.main(RemoteTestNG.java:77)
Caused by: java.lang.NullPointerException: Cannot invoke "org.openqa.selenium.WebDriver.findElement(org.openqa.selenium.By)" because "driver" is null
	at org.openqa.selenium.support.ui.ExpectedConditions$7.apply(ExpectedConditions.java:194)
	at org.openqa.selenium.support.ui.ExpectedConditions$7.apply(ExpectedConditions.java:190)
	at org.openqa.selenium.support.ui.FluentWait.until(FluentWait.java:203)
	at com.waits.waits.waitUntilElementIsVisible(waits.java:75)
	... 33 more
29 Jan 2025 12:21:04  INFO logger - Test Started: verifyproductPageScrollingtoElement
29 Jan 2025 12:21:04  INFO logger - Test Skipped: verifyproductPageScrollingtoElement
29 Jan 2025 12:21:04  INFO logger - Launching the app and logging in...
29 Jan 2025 12:21:04  INFO logger - Waiting till Skip Button is clicked is displayed
29 Jan 2025 12:21:04  INFO logger - Clicking on Skip Button is clicked
29 Jan 2025 12:21:04 ERROR logger - Error with clicking on Skip Button is clicked
java.lang.NullPointerException: Cannot invoke "io.appium.java_client.android.AndroidDriver.findElement(org.openqa.selenium.By)" because "com.qa.utils.MouseActions.driver" is null
	at com.qa.utils.MouseActions.click(MouseActions.java:36)
	at com.pageObjects.LoginPage.clickSkip(LoginPage.java:41)
	at com.qa.base.BaseClass.LoginToApplication(BaseClass.java:131)
	at com.qa.base.BaseClass.Login(BaseClass.java:146)
	at java.base/jdk.internal.reflect.DirectMethodHandleAccessor.invoke(DirectMethodHandleAccessor.java:104)
	at java.base/java.lang.reflect.Method.invoke(Method.java:578)
	at org.testng.internal.MethodInvocationHelper.invokeMethod(MethodInvocationHelper.java:133)
	at org.testng.internal.MethodInvocationHelper.invokeMethodConsideringTimeout(MethodInvocationHelper.java:62)
	at org.testng.internal.ConfigInvoker.invokeConfigurationMethod(ConfigInvoker.java:385)
	at org.testng.internal.ConfigInvoker.invokeConfigurations(ConfigInvoker.java:321)
	at org.testng.internal.TestInvoker.runConfigMethods(TestInvoker.java:700)
	at org.testng.internal.TestInvoker.invokeMethod(TestInvoker.java:527)
	at org.testng.internal.TestInvoker.invokeTestMethod(TestInvoker.java:173)
	at org.testng.internal.MethodRunner.runInSequence(MethodRunner.java:46)
	at org.testng.internal.TestInvoker$MethodInvocationAgent.invoke(TestInvoker.java:824)
	at org.testng.internal.TestInvoker.invokeTestMethods(TestInvoker.java:146)
	at org.testng.internal.TestMethodWorker.invokeTestMethods(TestMethodWorker.java:146)
	at org.testng.internal.TestMethodWorker.run(TestMethodWorker.java:128)
	at java.base/java.util.ArrayList.forEach(ArrayList.java:1511)
	at org.testng.TestRunner.privateRun(TestRunner.java:794)
	at org.testng.TestRunner.run(TestRunner.java:596)
	at org.testng.SuiteRunner.runTest(SuiteRunner.java:377)
	at org.testng.SuiteRunner.runSequentially(SuiteRunner.java:371)
	at org.testng.SuiteRunner.privateRun(SuiteRunner.java:332)
	at org.testng.SuiteRunner.run(SuiteRunner.java:276)
	at org.testng.SuiteRunnerWorker.runSuite(SuiteRunnerWorker.java:53)
	at org.testng.SuiteRunnerWorker.run(SuiteRunnerWorker.java:96)
	at org.testng.TestNG.runSuitesSequentially(TestNG.java:1212)
	at org.testng.TestNG.runSuitesLocally(TestNG.java:1134)
	at org.testng.TestNG.runSuites(TestNG.java:1063)
	at org.testng.TestNG.run(TestNG.java:1031)
	at org.testng.remote.AbstractRemoteTestNG.run(AbstractRemoteTestNG.java:115)
	at org.testng.remote.RemoteTestNG.initAndRun(RemoteTestNG.java:251)
	at org.testng.remote.RemoteTestNG.main(RemoteTestNG.java:77)
29 Jan 2025 12:21:04  INFO logger - Waiting till Login Button is clicked is displayed
29 Jan 2025 12:21:04  INFO logger - Clicking on Login Button is clicked
29 Jan 2025 12:21:04 ERROR logger - Error with clicking on Login Button is clicked
java.lang.NullPointerException: Cannot invoke "io.appium.java_client.android.AndroidDriver.findElement(org.openqa.selenium.By)" because "com.qa.utils.MouseActions.driver" is null
	at com.qa.utils.MouseActions.click(MouseActions.java:36)
	at com.pageObjects.LoginPage.loginBtn(LoginPage.java:45)
	at com.qa.base.BaseClass.LoginToApplication(BaseClass.java:132)
	at com.qa.base.BaseClass.Login(BaseClass.java:146)
	at java.base/jdk.internal.reflect.DirectMethodHandleAccessor.invoke(DirectMethodHandleAccessor.java:104)
	at java.base/java.lang.reflect.Method.invoke(Method.java:578)
	at org.testng.internal.MethodInvocationHelper.invokeMethod(MethodInvocationHelper.java:133)
	at org.testng.internal.MethodInvocationHelper.invokeMethodConsideringTimeout(MethodInvocationHelper.java:62)
	at org.testng.internal.ConfigInvoker.invokeConfigurationMethod(ConfigInvoker.java:385)
	at org.testng.internal.ConfigInvoker.invokeConfigurations(ConfigInvoker.java:321)
	at org.testng.internal.TestInvoker.runConfigMethods(TestInvoker.java:700)
	at org.testng.internal.TestInvoker.invokeMethod(TestInvoker.java:527)
	at org.testng.internal.TestInvoker.invokeTestMethod(TestInvoker.java:173)
	at org.testng.internal.MethodRunner.runInSequence(MethodRunner.java:46)
	at org.testng.internal.TestInvoker$MethodInvocationAgent.invoke(TestInvoker.java:824)
	at org.testng.internal.TestInvoker.invokeTestMethods(TestInvoker.java:146)
	at org.testng.internal.TestMethodWorker.invokeTestMethods(TestMethodWorker.java:146)
	at org.testng.internal.TestMethodWorker.run(TestMethodWorker.java:128)
	at java.base/java.util.ArrayList.forEach(ArrayList.java:1511)
	at org.testng.TestRunner.privateRun(TestRunner.java:794)
	at org.testng.TestRunner.run(TestRunner.java:596)
	at org.testng.SuiteRunner.runTest(SuiteRunner.java:377)
	at org.testng.SuiteRunner.runSequentially(SuiteRunner.java:371)
	at org.testng.SuiteRunner.privateRun(SuiteRunner.java:332)
	at org.testng.SuiteRunner.run(SuiteRunner.java:276)
	at org.testng.SuiteRunnerWorker.runSuite(SuiteRunnerWorker.java:53)
	at org.testng.SuiteRunnerWorker.run(SuiteRunnerWorker.java:96)
	at org.testng.TestNG.runSuitesSequentially(TestNG.java:1212)
	at org.testng.TestNG.runSuitesLocally(TestNG.java:1134)
	at org.testng.TestNG.runSuites(TestNG.java:1063)
	at org.testng.TestNG.run(TestNG.java:1031)
	at org.testng.remote.AbstractRemoteTestNG.run(AbstractRemoteTestNG.java:115)
	at org.testng.remote.RemoteTestNG.initAndRun(RemoteTestNG.java:251)
	at org.testng.remote.RemoteTestNG.main(RemoteTestNG.java:77)
29 Jan 2025 12:21:04  INFO logger - Loaded property 'emailId' with value: mukesh@yopmail.com
29 Jan 2025 12:21:04 ERROR logger - Error while waiting for element visibility: By.xpath: //android.widget.EditText[@text='Enter email address']
java.lang.NullPointerException: Cannot invoke "org.openqa.selenium.WebDriver.findElement(org.openqa.selenium.By)" because "driver" is null
	at org.openqa.selenium.support.ui.ExpectedConditions$7.apply(ExpectedConditions.java:194)
	at org.openqa.selenium.support.ui.ExpectedConditions$7.apply(ExpectedConditions.java:190)
	at org.openqa.selenium.support.ui.FluentWait.until(FluentWait.java:203)
	at com.waits.waits.waitUntilElementIsVisible(waits.java:75)
	at com.pageObjects.LoginPage.setEmailAddress(LoginPage.java:49)
	at com.qa.base.BaseClass.LoginToApplication(BaseClass.java:133)
	at com.qa.base.BaseClass.Login(BaseClass.java:146)
	at java.base/jdk.internal.reflect.DirectMethodHandleAccessor.invoke(DirectMethodHandleAccessor.java:104)
	at java.base/java.lang.reflect.Method.invoke(Method.java:578)
	at org.testng.internal.MethodInvocationHelper.invokeMethod(MethodInvocationHelper.java:133)
	at org.testng.internal.MethodInvocationHelper.invokeMethodConsideringTimeout(MethodInvocationHelper.java:62)
	at org.testng.internal.ConfigInvoker.invokeConfigurationMethod(ConfigInvoker.java:385)
	at org.testng.internal.ConfigInvoker.invokeConfigurations(ConfigInvoker.java:321)
	at org.testng.internal.TestInvoker.runConfigMethods(TestInvoker.java:700)
	at org.testng.internal.TestInvoker.invokeMethod(TestInvoker.java:527)
	at org.testng.internal.TestInvoker.invokeTestMethod(TestInvoker.java:173)
	at org.testng.internal.MethodRunner.runInSequence(MethodRunner.java:46)
	at org.testng.internal.TestInvoker$MethodInvocationAgent.invoke(TestInvoker.java:824)
	at org.testng.internal.TestInvoker.invokeTestMethods(TestInvoker.java:146)
	at org.testng.internal.TestMethodWorker.invokeTestMethods(TestMethodWorker.java:146)
	at org.testng.internal.TestMethodWorker.run(TestMethodWorker.java:128)
	at java.base/java.util.ArrayList.forEach(ArrayList.java:1511)
	at org.testng.TestRunner.privateRun(TestRunner.java:794)
	at org.testng.TestRunner.run(TestRunner.java:596)
	at org.testng.SuiteRunner.runTest(SuiteRunner.java:377)
	at org.testng.SuiteRunner.runSequentially(SuiteRunner.java:371)
	at org.testng.SuiteRunner.privateRun(SuiteRunner.java:332)
	at org.testng.SuiteRunner.run(SuiteRunner.java:276)
	at org.testng.SuiteRunnerWorker.runSuite(SuiteRunnerWorker.java:53)
	at org.testng.SuiteRunnerWorker.run(SuiteRunnerWorker.java:96)
	at org.testng.TestNG.runSuitesSequentially(TestNG.java:1212)
	at org.testng.TestNG.runSuitesLocally(TestNG.java:1134)
	at org.testng.TestNG.runSuites(TestNG.java:1063)
	at org.testng.TestNG.run(TestNG.java:1031)
	at org.testng.remote.AbstractRemoteTestNG.run(AbstractRemoteTestNG.java:115)
	at org.testng.remote.RemoteTestNG.initAndRun(RemoteTestNG.java:251)
	at org.testng.remote.RemoteTestNG.main(RemoteTestNG.java:77)
29 Jan 2025 12:21:04 ERROR logger - Error during login process.
java.lang.RuntimeException: Failed to wait until element is visible
	at com.waits.waits.waitUntilElementIsVisible(waits.java:79)
	at com.pageObjects.LoginPage.setEmailAddress(LoginPage.java:49)
	at com.qa.base.BaseClass.LoginToApplication(BaseClass.java:133)
	at com.qa.base.BaseClass.Login(BaseClass.java:146)
	at java.base/jdk.internal.reflect.DirectMethodHandleAccessor.invoke(DirectMethodHandleAccessor.java:104)
	at java.base/java.lang.reflect.Method.invoke(Method.java:578)
	at org.testng.internal.MethodInvocationHelper.invokeMethod(MethodInvocationHelper.java:133)
	at org.testng.internal.MethodInvocationHelper.invokeMethodConsideringTimeout(MethodInvocationHelper.java:62)
	at org.testng.internal.ConfigInvoker.invokeConfigurationMethod(ConfigInvoker.java:385)
	at org.testng.internal.ConfigInvoker.invokeConfigurations(ConfigInvoker.java:321)
	at org.testng.internal.TestInvoker.runConfigMethods(TestInvoker.java:700)
	at org.testng.internal.TestInvoker.invokeMethod(TestInvoker.java:527)
	at org.testng.internal.TestInvoker.invokeTestMethod(TestInvoker.java:173)
	at org.testng.internal.MethodRunner.runInSequence(MethodRunner.java:46)
	at org.testng.internal.TestInvoker$MethodInvocationAgent.invoke(TestInvoker.java:824)
	at org.testng.internal.TestInvoker.invokeTestMethods(TestInvoker.java:146)
	at org.testng.internal.TestMethodWorker.invokeTestMethods(TestMethodWorker.java:146)
	at org.testng.internal.TestMethodWorker.run(TestMethodWorker.java:128)
	at java.base/java.util.ArrayList.forEach(ArrayList.java:1511)
	at org.testng.TestRunner.privateRun(TestRunner.java:794)
	at org.testng.TestRunner.run(TestRunner.java:596)
	at org.testng.SuiteRunner.runTest(SuiteRunner.java:377)
	at org.testng.SuiteRunner.runSequentially(SuiteRunner.java:371)
	at org.testng.SuiteRunner.privateRun(SuiteRunner.java:332)
	at org.testng.SuiteRunner.run(SuiteRunner.java:276)
	at org.testng.SuiteRunnerWorker.runSuite(SuiteRunnerWorker.java:53)
	at org.testng.SuiteRunnerWorker.run(SuiteRunnerWorker.java:96)
	at org.testng.TestNG.runSuitesSequentially(TestNG.java:1212)
	at org.testng.TestNG.runSuitesLocally(TestNG.java:1134)
	at org.testng.TestNG.runSuites(TestNG.java:1063)
	at org.testng.TestNG.run(TestNG.java:1031)
	at org.testng.remote.AbstractRemoteTestNG.run(AbstractRemoteTestNG.java:115)
	at org.testng.remote.RemoteTestNG.initAndRun(RemoteTestNG.java:251)
	at org.testng.remote.RemoteTestNG.main(RemoteTestNG.java:77)
Caused by: java.lang.NullPointerException: Cannot invoke "org.openqa.selenium.WebDriver.findElement(org.openqa.selenium.By)" because "driver" is null
	at org.openqa.selenium.support.ui.ExpectedConditions$7.apply(ExpectedConditions.java:194)
	at org.openqa.selenium.support.ui.ExpectedConditions$7.apply(ExpectedConditions.java:190)
	at org.openqa.selenium.support.ui.FluentWait.until(FluentWait.java:203)
	at com.waits.waits.waitUntilElementIsVisible(waits.java:75)
	... 33 more
29 Jan 2025 12:21:04 ERROR logger - Error while logging into the application: Failed to wait until element is visible
java.lang.RuntimeException: Failed to wait until element is visible
	at com.waits.waits.waitUntilElementIsVisible(waits.java:79)
	at com.pageObjects.LoginPage.setEmailAddress(LoginPage.java:49)
	at com.qa.base.BaseClass.LoginToApplication(BaseClass.java:133)
	at com.qa.base.BaseClass.Login(BaseClass.java:146)
	at java.base/jdk.internal.reflect.DirectMethodHandleAccessor.invoke(DirectMethodHandleAccessor.java:104)
	at java.base/java.lang.reflect.Method.invoke(Method.java:578)
	at org.testng.internal.MethodInvocationHelper.invokeMethod(MethodInvocationHelper.java:133)
	at org.testng.internal.MethodInvocationHelper.invokeMethodConsideringTimeout(MethodInvocationHelper.java:62)
	at org.testng.internal.ConfigInvoker.invokeConfigurationMethod(ConfigInvoker.java:385)
	at org.testng.internal.ConfigInvoker.invokeConfigurations(ConfigInvoker.java:321)
	at org.testng.internal.TestInvoker.runConfigMethods(TestInvoker.java:700)
	at org.testng.internal.TestInvoker.invokeMethod(TestInvoker.java:527)
	at org.testng.internal.TestInvoker.invokeTestMethod(TestInvoker.java:173)
	at org.testng.internal.MethodRunner.runInSequence(MethodRunner.java:46)
	at org.testng.internal.TestInvoker$MethodInvocationAgent.invoke(TestInvoker.java:824)
	at org.testng.internal.TestInvoker.invokeTestMethods(TestInvoker.java:146)
	at org.testng.internal.TestMethodWorker.invokeTestMethods(TestMethodWorker.java:146)
	at org.testng.internal.TestMethodWorker.run(TestMethodWorker.java:128)
	at java.base/java.util.ArrayList.forEach(ArrayList.java:1511)
	at org.testng.TestRunner.privateRun(TestRunner.java:794)
	at org.testng.TestRunner.run(TestRunner.java:596)
	at org.testng.SuiteRunner.runTest(SuiteRunner.java:377)
	at org.testng.SuiteRunner.runSequentially(SuiteRunner.java:371)
	at org.testng.SuiteRunner.privateRun(SuiteRunner.java:332)
	at org.testng.SuiteRunner.run(SuiteRunner.java:276)
	at org.testng.SuiteRunnerWorker.runSuite(SuiteRunnerWorker.java:53)
	at org.testng.SuiteRunnerWorker.run(SuiteRunnerWorker.java:96)
	at org.testng.TestNG.runSuitesSequentially(TestNG.java:1212)
	at org.testng.TestNG.runSuitesLocally(TestNG.java:1134)
	at org.testng.TestNG.runSuites(TestNG.java:1063)
	at org.testng.TestNG.run(TestNG.java:1031)
	at org.testng.remote.AbstractRemoteTestNG.run(AbstractRemoteTestNG.java:115)
	at org.testng.remote.RemoteTestNG.initAndRun(RemoteTestNG.java:251)
	at org.testng.remote.RemoteTestNG.main(RemoteTestNG.java:77)
Caused by: java.lang.NullPointerException: Cannot invoke "org.openqa.selenium.WebDriver.findElement(org.openqa.selenium.By)" because "driver" is null
	at org.openqa.selenium.support.ui.ExpectedConditions$7.apply(ExpectedConditions.java:194)
	at org.openqa.selenium.support.ui.ExpectedConditions$7.apply(ExpectedConditions.java:190)
	at org.openqa.selenium.support.ui.FluentWait.until(FluentWait.java:203)
	at com.waits.waits.waitUntilElementIsVisible(waits.java:75)
	... 33 more
29 Jan 2025 12:21:04  INFO logger - Test Started: verifyproductPageSearchtoElement
29 Jan 2025 12:21:04  INFO logger - Test Skipped: verifyproductPageSearchtoElement
29 Jan 2025 12:21:04  INFO logger - Test Suite Execution Completed
29 Jan 2025 12:24:03  INFO logger - Appium Server started successfully.
29 Jan 2025 12:24:03  INFO logger - Loaded property 'deviceName' with value: AkankshaEmulator
29 Jan 2025 12:24:03  INFO logger - Initializing Appium Driver...
29 Jan 2025 12:24:03  INFO logger - Loaded property 'appiumURL' with value: http://192.168.29.67:4723
29 Jan 2025 12:24:30  INFO logger - Appium Driver initialized successfully.
29 Jan 2025 12:24:30  INFO logger - Launching the app and logging in...
29 Jan 2025 12:24:30  INFO logger - Waiting till Skip Button is clicked is displayed
29 Jan 2025 12:24:30  INFO logger - Clicking on Skip Button is clicked
29 Jan 2025 12:24:38  INFO logger - Clicked on Skip Button is clicked
29 Jan 2025 12:24:38  INFO logger - Waiting till Login Button is clicked is displayed
29 Jan 2025 12:24:38  INFO logger - Clicking on Login Button is clicked
29 Jan 2025 12:24:39  INFO logger - Clicked on Login Button is clicked
29 Jan 2025 12:24:39  INFO logger - Loaded property 'emailId' with value: mukesh@yopmail.com
29 Jan 2025 12:24:40  INFO logger - Element located by By.xpath: //android.widget.EditText[@text='Enter email address'] is visible.
29 Jan 2025 12:24:40  INFO logger - Waiting till Email Address text area is clicked is displayed
29 Jan 2025 12:24:40  INFO logger - Clicking on Email Address text area is clicked
29 Jan 2025 12:24:41  INFO logger - Clicked on Email Address text area is clicked
29 Jan 2025 12:24:41  INFO logger - Sending values to element: 'Email Address'
29 Jan 2025 12:24:42  INFO logger - Input 'mukesh@yopmail.com' into element: 'Email Address'
29 Jan 2025 12:24:49  INFO logger - Keyboard hidden successfully.
29 Jan 2025 12:24:49  INFO logger - Loaded property 'password' with value: Mindfire@123
29 Jan 2025 12:24:50  INFO logger - Element located by By.xpath: //android.widget.EditText[@text='Enter password'] is visible.
29 Jan 2025 12:24:50  INFO logger - Waiting till Password Text area is clicked is displayed
29 Jan 2025 12:24:50  INFO logger - Clicking on Password Text area is clicked
29 Jan 2025 12:24:51  INFO logger - Clicked on Password Text area is clicked
29 Jan 2025 12:24:51  INFO logger - Sending values to element: 'Password'
29 Jan 2025 12:24:52  INFO logger - Input 'Mindfire@123' into element: 'Password'
29 Jan 2025 12:24:59  INFO logger - Keyboard hidden successfully.
29 Jan 2025 12:24:59  INFO logger - Logged into the application successfully.
29 Jan 2025 12:24:59  INFO logger - Test Started: verifyproductPageScrollingtoElement
29 Jan 2025 12:24:59  INFO logger - Verifying whether Element: 'Profoam Title is dipslayed' is present
29 Jan 2025 12:25:00  INFO logger - Profoam Title is dipslayed is displayed successfully.
29 Jan 2025 12:25:00  INFO logger - Pausing test case for 2 sec
29 Jan 2025 12:25:02  INFO logger - Verifying whether Element: 'Search button is dipslayed' is present
29 Jan 2025 12:25:22 ERROR logger - Error while verifying element: 'Search button is dipslayed'
org.openqa.selenium.NoSuchElementException: An element could not be located on the page using the given search parameters.
For documentation on this error, please visit: https://www.selenium.dev/documentation/webdriver/troubleshooting/errors#no-such-element-exception
Build info: version: '4.28.1', revision: '73f5ad48a2'
System info: os.name: 'Windows 11', os.arch: 'amd64', os.version: '10.0', java.version: '19.0.1'
Driver info: io.appium.java_client.android.AndroidDriver
Command: [c62d7bfb-790c-46f9-846e-cbe4246af2c8, findElement {using=xpath, value=//android.view.ViewGroup[@content-desc='Search for Products | Events']}]
Capabilities {appium:app: C:\Users\Akanksha.Singh\Doc..., appium:appPackage: com.profoam, appium:automationName: UIAutomator2, appium:databaseEnabled: false, appium:desired: {app: C:\Users\Akanksha.Singh\Doc..., automationName: UIAutomator2, deviceName: AkankshaEmulator, platformName: ANDROID}, appium:deviceApiLevel: 32, appium:deviceManufacturer: Google, appium:deviceModel: sdk_gphone64_x86_64, appium:deviceName: emulator-5554, appium:deviceScreenDensity: 560, appium:deviceScreenSize: 1440x3120, appium:deviceUDID: emulator-5554, appium:javascriptEnabled: true, appium:locationContextEnabled: false, appium:networkConnectionEnabled: true, appium:pixelRatio: 3.5, appium:platformVersion: 12, appium:statBarHeight: 84, appium:takesScreenshot: true, appium:viewportRect: {height: 2980, left: 0, top: 84, width: 1440}, appium:warnings: {}, appium:webStorageEnabled: false, platformName: ANDROID}
Session ID: c62d7bfb-790c-46f9-846e-cbe4246af2c8
	at java.base/jdk.internal.reflect.DirectConstructorHandleAccessor.newInstance(DirectConstructorHandleAccessor.java:67)
	at java.base/java.lang.reflect.Constructor.newInstanceWithCaller(Constructor.java:500)
	at java.base/java.lang.reflect.Constructor.newInstance(Constructor.java:484)
	at org.openqa.selenium.remote.ErrorCodec.decode(ErrorCodec.java:167)
	at org.openqa.selenium.remote.codec.w3c.W3CHttpResponseCodec.decode(W3CHttpResponseCodec.java:138)
	at org.openqa.selenium.remote.codec.w3c.W3CHttpResponseCodec.decode(W3CHttpResponseCodec.java:50)
	at org.openqa.selenium.remote.HttpCommandExecutor.execute(HttpCommandExecutor.java:215)
	at io.appium.java_client.remote.AppiumCommandExecutor.execute(AppiumCommandExecutor.java:237)
	at org.openqa.selenium.remote.RemoteWebDriver.execute(RemoteWebDriver.java:545)
	at org.openqa.selenium.remote.ElementLocation$ElementFinder$2.findElement(ElementLocation.java:165)
	at org.openqa.selenium.remote.ElementLocation.findElement(ElementLocation.java:59)
	at org.openqa.selenium.remote.RemoteWebDriver.findElement(RemoteWebDriver.java:368)
	at org.openqa.selenium.remote.RemoteWebDriver.findElement(RemoteWebDriver.java:362)
	at com.qa.utils.GenericActions.verifyElementDisplayed(GenericActions.java:27)
	at com.pageObjects.ProductCataloguePage.searchFieldDisplayed(ProductCataloguePage.java:92)
	at com.pageObjects.ProductCataloguePage.assertsearchButton(ProductCataloguePage.java:97)
	at com.qa.testcases.ProductPageTest.verifyproductPageScrollingtoElement(ProductPageTest.java:17)
	at java.base/jdk.internal.reflect.DirectMethodHandleAccessor.invoke(DirectMethodHandleAccessor.java:104)
	at java.base/java.lang.reflect.Method.invoke(Method.java:578)
	at org.testng.internal.MethodInvocationHelper.invokeMethod(MethodInvocationHelper.java:133)
	at org.testng.internal.TestInvoker.invokeMethod(TestInvoker.java:598)
	at org.testng.internal.TestInvoker.invokeTestMethod(TestInvoker.java:173)
	at org.testng.internal.MethodRunner.runInSequence(MethodRunner.java:46)
	at org.testng.internal.TestInvoker$MethodInvocationAgent.invoke(TestInvoker.java:824)
	at org.testng.internal.TestInvoker.invokeTestMethods(TestInvoker.java:146)
	at org.testng.internal.TestMethodWorker.invokeTestMethods(TestMethodWorker.java:146)
	at org.testng.internal.TestMethodWorker.run(TestMethodWorker.java:128)
	at java.base/java.util.ArrayList.forEach(ArrayList.java:1511)
	at org.testng.TestRunner.privateRun(TestRunner.java:794)
	at org.testng.TestRunner.run(TestRunner.java:596)
	at org.testng.SuiteRunner.runTest(SuiteRunner.java:377)
	at org.testng.SuiteRunner.runSequentially(SuiteRunner.java:371)
	at org.testng.SuiteRunner.privateRun(SuiteRunner.java:332)
	at org.testng.SuiteRunner.run(SuiteRunner.java:276)
	at org.testng.SuiteRunnerWorker.runSuite(SuiteRunnerWorker.java:53)
	at org.testng.SuiteRunnerWorker.run(SuiteRunnerWorker.java:96)
	at org.testng.TestNG.runSuitesSequentially(TestNG.java:1212)
	at org.testng.TestNG.runSuitesLocally(TestNG.java:1134)
	at org.testng.TestNG.runSuites(TestNG.java:1063)
	at org.testng.TestNG.run(TestNG.java:1031)
	at org.testng.remote.AbstractRemoteTestNG.run(AbstractRemoteTestNG.java:115)
	at org.testng.remote.RemoteTestNG.initAndRun(RemoteTestNG.java:251)
	at org.testng.remote.RemoteTestNG.main(RemoteTestNG.java:77)
29 Jan 2025 12:25:22 ERROR logger - Assertion Failed: assert search button
java.lang.AssertionError: assert search button expected [true] but found [false]
	at org.testng.Assert.fail(Assert.java:99)
	at org.testng.Assert.failNotEquals(Assert.java:1037)
	at org.testng.Assert.assertTrue(Assert.java:45)
	at com.assertions.mobileAssertion.assertTrue(mobileAssertion.java:29)
	at com.pageObjects.ProductCataloguePage.assertsearchButton(ProductCataloguePage.java:97)
	at com.qa.testcases.ProductPageTest.verifyproductPageScrollingtoElement(ProductPageTest.java:17)
	at java.base/jdk.internal.reflect.DirectMethodHandleAccessor.invoke(DirectMethodHandleAccessor.java:104)
	at java.base/java.lang.reflect.Method.invoke(Method.java:578)
	at org.testng.internal.MethodInvocationHelper.invokeMethod(MethodInvocationHelper.java:133)
	at org.testng.internal.TestInvoker.invokeMethod(TestInvoker.java:598)
	at org.testng.internal.TestInvoker.invokeTestMethod(TestInvoker.java:173)
	at org.testng.internal.MethodRunner.runInSequence(MethodRunner.java:46)
	at org.testng.internal.TestInvoker$MethodInvocationAgent.invoke(TestInvoker.java:824)
	at org.testng.internal.TestInvoker.invokeTestMethods(TestInvoker.java:146)
	at org.testng.internal.TestMethodWorker.invokeTestMethods(TestMethodWorker.java:146)
	at org.testng.internal.TestMethodWorker.run(TestMethodWorker.java:128)
	at java.base/java.util.ArrayList.forEach(ArrayList.java:1511)
	at org.testng.TestRunner.privateRun(TestRunner.java:794)
	at org.testng.TestRunner.run(TestRunner.java:596)
	at org.testng.SuiteRunner.runTest(SuiteRunner.java:377)
	at org.testng.SuiteRunner.runSequentially(SuiteRunner.java:371)
	at org.testng.SuiteRunner.privateRun(SuiteRunner.java:332)
	at org.testng.SuiteRunner.run(SuiteRunner.java:276)
	at org.testng.SuiteRunnerWorker.runSuite(SuiteRunnerWorker.java:53)
	at org.testng.SuiteRunnerWorker.run(SuiteRunnerWorker.java:96)
	at org.testng.TestNG.runSuitesSequentially(TestNG.java:1212)
	at org.testng.TestNG.runSuitesLocally(TestNG.java:1134)
	at org.testng.TestNG.runSuites(TestNG.java:1063)
	at org.testng.TestNG.run(TestNG.java:1031)
	at org.testng.remote.AbstractRemoteTestNG.run(AbstractRemoteTestNG.java:115)
	at org.testng.remote.RemoteTestNG.initAndRun(RemoteTestNG.java:251)
	at org.testng.remote.RemoteTestNG.main(RemoteTestNG.java:77)
29 Jan 2025 12:25:27  INFO logger - Screenshot captured for method: verifyproductPageScrollingtoElement
29 Jan 2025 12:25:27 ERROR logger - Test Failed: verifyproductPageScrollingtoElement
java.lang.AssertionError: assert search button expected [true] but found [false]
	at org.testng.Assert.fail(Assert.java:99)
	at org.testng.Assert.failNotEquals(Assert.java:1037)
	at org.testng.Assert.assertTrue(Assert.java:45)
	at com.assertions.mobileAssertion.assertTrue(mobileAssertion.java:29)
	at com.pageObjects.ProductCataloguePage.assertsearchButton(ProductCataloguePage.java:97)
	at com.qa.testcases.ProductPageTest.verifyproductPageScrollingtoElement(ProductPageTest.java:17)
	at java.base/jdk.internal.reflect.DirectMethodHandleAccessor.invoke(DirectMethodHandleAccessor.java:104)
	at java.base/java.lang.reflect.Method.invoke(Method.java:578)
	at org.testng.internal.MethodInvocationHelper.invokeMethod(MethodInvocationHelper.java:133)
	at org.testng.internal.TestInvoker.invokeMethod(TestInvoker.java:598)
	at org.testng.internal.TestInvoker.invokeTestMethod(TestInvoker.java:173)
	at org.testng.internal.MethodRunner.runInSequence(MethodRunner.java:46)
	at org.testng.internal.TestInvoker$MethodInvocationAgent.invoke(TestInvoker.java:824)
	at org.testng.internal.TestInvoker.invokeTestMethods(TestInvoker.java:146)
	at org.testng.internal.TestMethodWorker.invokeTestMethods(TestMethodWorker.java:146)
	at org.testng.internal.TestMethodWorker.run(TestMethodWorker.java:128)
	at java.base/java.util.ArrayList.forEach(ArrayList.java:1511)
	at org.testng.TestRunner.privateRun(TestRunner.java:794)
	at org.testng.TestRunner.run(TestRunner.java:596)
	at org.testng.SuiteRunner.runTest(SuiteRunner.java:377)
	at org.testng.SuiteRunner.runSequentially(SuiteRunner.java:371)
	at org.testng.SuiteRunner.privateRun(SuiteRunner.java:332)
	at org.testng.SuiteRunner.run(SuiteRunner.java:276)
	at org.testng.SuiteRunnerWorker.runSuite(SuiteRunnerWorker.java:53)
	at org.testng.SuiteRunnerWorker.run(SuiteRunnerWorker.java:96)
	at org.testng.TestNG.runSuitesSequentially(TestNG.java:1212)
	at org.testng.TestNG.runSuitesLocally(TestNG.java:1134)
	at org.testng.TestNG.runSuites(TestNG.java:1063)
	at org.testng.TestNG.run(TestNG.java:1031)
	at org.testng.remote.AbstractRemoteTestNG.run(AbstractRemoteTestNG.java:115)
	at org.testng.remote.RemoteTestNG.initAndRun(RemoteTestNG.java:251)
	at org.testng.remote.RemoteTestNG.main(RemoteTestNG.java:77)
29 Jan 2025 12:25:27  INFO logger - Stopping Appium Server...
29 Jan 2025 12:25:30  INFO logger - Appium Server stopped successfully.
29 Jan 2025 12:25:30  INFO logger - Appium Server started successfully.
29 Jan 2025 12:25:30  INFO logger - Loaded property 'deviceName' with value: AkankshaEmulator
29 Jan 2025 12:25:30  INFO logger - Initializing Appium Driver...
29 Jan 2025 12:25:30  INFO logger - Loaded property 'appiumURL' with value: http://192.168.29.67:4723
29 Jan 2025 12:25:53  INFO logger - Appium Driver initialized successfully.
29 Jan 2025 12:25:53  INFO logger - Launching the app and logging in...
29 Jan 2025 12:25:53  INFO logger - Waiting till Skip Button is clicked is displayed
29 Jan 2025 12:25:53  INFO logger - Clicking on Skip Button is clicked
29 Jan 2025 12:25:57  INFO logger - Clicked on Skip Button is clicked
29 Jan 2025 12:25:57  INFO logger - Waiting till Login Button is clicked is displayed
29 Jan 2025 12:25:57  INFO logger - Clicking on Login Button is clicked
29 Jan 2025 12:25:59  INFO logger - Clicked on Login Button is clicked
29 Jan 2025 12:25:59  INFO logger - Loaded property 'emailId' with value: mukesh@yopmail.com
29 Jan 2025 12:26:00  INFO logger - Element located by By.xpath: //android.widget.EditText[@text='Enter email address'] is visible.
29 Jan 2025 12:26:00  INFO logger - Waiting till Email Address text area is clicked is displayed
29 Jan 2025 12:26:00  INFO logger - Clicking on Email Address text area is clicked
29 Jan 2025 12:26:01  INFO logger - Clicked on Email Address text area is clicked
29 Jan 2025 12:26:01  INFO logger - Sending values to element: 'Email Address'
29 Jan 2025 12:26:04  INFO logger - Input 'mukesh@yopmail.com' into element: 'Email Address'
29 Jan 2025 12:26:07  INFO logger - Keyboard hidden successfully.
29 Jan 2025 12:26:07  INFO logger - Loaded property 'password' with value: Mindfire@123
29 Jan 2025 12:26:07  INFO logger - Element located by By.xpath: //android.widget.EditText[@text='Enter password'] is visible.
29 Jan 2025 12:26:07  INFO logger - Waiting till Password Text area is clicked is displayed
29 Jan 2025 12:26:07  INFO logger - Clicking on Password Text area is clicked
29 Jan 2025 12:26:09  INFO logger - Clicked on Password Text area is clicked
29 Jan 2025 12:26:09  INFO logger - Sending values to element: 'Password'
29 Jan 2025 12:26:10  INFO logger - Input 'Mindfire@123' into element: 'Password'
29 Jan 2025 12:26:14  INFO logger - Keyboard hidden successfully.
29 Jan 2025 12:26:14  INFO logger - Logged into the application successfully.
29 Jan 2025 12:26:14  INFO logger - Test Started: verifyproductPageSearchtoElement
29 Jan 2025 12:26:14  INFO logger - Verifying whether Element: 'Profoam Title is dipslayed' is present
29 Jan 2025 12:26:15  INFO logger - Profoam Title is dipslayed is displayed successfully.
29 Jan 2025 12:26:15  INFO logger - Pausing test case for 2 sec
29 Jan 2025 12:26:17  INFO logger - Verifying whether Element: 'Search button is dipslayed' is present
29 Jan 2025 12:26:37 ERROR logger - Error while verifying element: 'Search button is dipslayed'
org.openqa.selenium.NoSuchElementException: An element could not be located on the page using the given search parameters.
For documentation on this error, please visit: https://www.selenium.dev/documentation/webdriver/troubleshooting/errors#no-such-element-exception
Build info: version: '4.28.1', revision: '73f5ad48a2'
System info: os.name: 'Windows 11', os.arch: 'amd64', os.version: '10.0', java.version: '19.0.1'
Driver info: io.appium.java_client.android.AndroidDriver
Command: [b910c21c-ef54-4492-ae15-d137d5eb478a, findElement {using=xpath, value=//android.view.ViewGroup[@content-desc='Search for Products | Events']}]
Capabilities {appium:app: C:\Users\Akanksha.Singh\Doc..., appium:appPackage: com.profoam, appium:automationName: UIAutomator2, appium:databaseEnabled: false, appium:desired: {app: C:\Users\Akanksha.Singh\Doc..., automationName: UIAutomator2, deviceName: AkankshaEmulator, platformName: ANDROID}, appium:deviceApiLevel: 32, appium:deviceManufacturer: Google, appium:deviceModel: sdk_gphone64_x86_64, appium:deviceName: emulator-5554, appium:deviceScreenDensity: 560, appium:deviceScreenSize: 1440x3120, appium:deviceUDID: emulator-5554, appium:javascriptEnabled: true, appium:locationContextEnabled: false, appium:networkConnectionEnabled: true, appium:pixelRatio: 3.5, appium:platformVersion: 12, appium:statBarHeight: 84, appium:takesScreenshot: true, appium:viewportRect: {height: 2980, left: 0, top: 84, width: 1440}, appium:warnings: {}, appium:webStorageEnabled: false, platformName: ANDROID}
Session ID: b910c21c-ef54-4492-ae15-d137d5eb478a
	at java.base/jdk.internal.reflect.DirectConstructorHandleAccessor.newInstance(DirectConstructorHandleAccessor.java:67)
	at java.base/java.lang.reflect.Constructor.newInstanceWithCaller(Constructor.java:500)
	at java.base/java.lang.reflect.Constructor.newInstance(Constructor.java:484)
	at org.openqa.selenium.remote.ErrorCodec.decode(ErrorCodec.java:167)
	at org.openqa.selenium.remote.codec.w3c.W3CHttpResponseCodec.decode(W3CHttpResponseCodec.java:138)
	at org.openqa.selenium.remote.codec.w3c.W3CHttpResponseCodec.decode(W3CHttpResponseCodec.java:50)
	at org.openqa.selenium.remote.HttpCommandExecutor.execute(HttpCommandExecutor.java:215)
	at io.appium.java_client.remote.AppiumCommandExecutor.execute(AppiumCommandExecutor.java:237)
	at org.openqa.selenium.remote.RemoteWebDriver.execute(RemoteWebDriver.java:545)
	at org.openqa.selenium.remote.ElementLocation$ElementFinder$2.findElement(ElementLocation.java:165)
	at org.openqa.selenium.remote.ElementLocation.findElement(ElementLocation.java:59)
	at org.openqa.selenium.remote.RemoteWebDriver.findElement(RemoteWebDriver.java:368)
	at org.openqa.selenium.remote.RemoteWebDriver.findElement(RemoteWebDriver.java:362)
	at com.qa.utils.GenericActions.verifyElementDisplayed(GenericActions.java:27)
	at com.pageObjects.ProductCataloguePage.searchFieldDisplayed(ProductCataloguePage.java:92)
	at com.pageObjects.ProductCataloguePage.assertsearchButton(ProductCataloguePage.java:97)
	at com.qa.testcases.ProductPageTest.verifyproductPageSearchtoElement(ProductPageTest.java:35)
	at java.base/jdk.internal.reflect.DirectMethodHandleAccessor.invoke(DirectMethodHandleAccessor.java:104)
	at java.base/java.lang.reflect.Method.invoke(Method.java:578)
	at org.testng.internal.MethodInvocationHelper.invokeMethod(MethodInvocationHelper.java:133)
	at org.testng.internal.TestInvoker.invokeMethod(TestInvoker.java:598)
	at org.testng.internal.TestInvoker.invokeTestMethod(TestInvoker.java:173)
	at org.testng.internal.MethodRunner.runInSequence(MethodRunner.java:46)
	at org.testng.internal.TestInvoker$MethodInvocationAgent.invoke(TestInvoker.java:824)
	at org.testng.internal.TestInvoker.invokeTestMethods(TestInvoker.java:146)
	at org.testng.internal.TestMethodWorker.invokeTestMethods(TestMethodWorker.java:146)
	at org.testng.internal.TestMethodWorker.run(TestMethodWorker.java:128)
	at java.base/java.util.ArrayList.forEach(ArrayList.java:1511)
	at org.testng.TestRunner.privateRun(TestRunner.java:794)
	at org.testng.TestRunner.run(TestRunner.java:596)
	at org.testng.SuiteRunner.runTest(SuiteRunner.java:377)
	at org.testng.SuiteRunner.runSequentially(SuiteRunner.java:371)
	at org.testng.SuiteRunner.privateRun(SuiteRunner.java:332)
	at org.testng.SuiteRunner.run(SuiteRunner.java:276)
	at org.testng.SuiteRunnerWorker.runSuite(SuiteRunnerWorker.java:53)
	at org.testng.SuiteRunnerWorker.run(SuiteRunnerWorker.java:96)
	at org.testng.TestNG.runSuitesSequentially(TestNG.java:1212)
	at org.testng.TestNG.runSuitesLocally(TestNG.java:1134)
	at org.testng.TestNG.runSuites(TestNG.java:1063)
	at org.testng.TestNG.run(TestNG.java:1031)
	at org.testng.remote.AbstractRemoteTestNG.run(AbstractRemoteTestNG.java:115)
	at org.testng.remote.RemoteTestNG.initAndRun(RemoteTestNG.java:251)
	at org.testng.remote.RemoteTestNG.main(RemoteTestNG.java:77)
29 Jan 2025 12:26:37 ERROR logger - Assertion Failed: assert search button
java.lang.AssertionError: assert search button expected [true] but found [false]
	at org.testng.Assert.fail(Assert.java:99)
	at org.testng.Assert.failNotEquals(Assert.java:1037)
	at org.testng.Assert.assertTrue(Assert.java:45)
	at com.assertions.mobileAssertion.assertTrue(mobileAssertion.java:29)
	at com.pageObjects.ProductCataloguePage.assertsearchButton(ProductCataloguePage.java:97)
	at com.qa.testcases.ProductPageTest.verifyproductPageSearchtoElement(ProductPageTest.java:35)
	at java.base/jdk.internal.reflect.DirectMethodHandleAccessor.invoke(DirectMethodHandleAccessor.java:104)
	at java.base/java.lang.reflect.Method.invoke(Method.java:578)
	at org.testng.internal.MethodInvocationHelper.invokeMethod(MethodInvocationHelper.java:133)
	at org.testng.internal.TestInvoker.invokeMethod(TestInvoker.java:598)
	at org.testng.internal.TestInvoker.invokeTestMethod(TestInvoker.java:173)
	at org.testng.internal.MethodRunner.runInSequence(MethodRunner.java:46)
	at org.testng.internal.TestInvoker$MethodInvocationAgent.invoke(TestInvoker.java:824)
	at org.testng.internal.TestInvoker.invokeTestMethods(TestInvoker.java:146)
	at org.testng.internal.TestMethodWorker.invokeTestMethods(TestMethodWorker.java:146)
	at org.testng.internal.TestMethodWorker.run(TestMethodWorker.java:128)
	at java.base/java.util.ArrayList.forEach(ArrayList.java:1511)
	at org.testng.TestRunner.privateRun(TestRunner.java:794)
	at org.testng.TestRunner.run(TestRunner.java:596)
	at org.testng.SuiteRunner.runTest(SuiteRunner.java:377)
	at org.testng.SuiteRunner.runSequentially(SuiteRunner.java:371)
	at org.testng.SuiteRunner.privateRun(SuiteRunner.java:332)
	at org.testng.SuiteRunner.run(SuiteRunner.java:276)
	at org.testng.SuiteRunnerWorker.runSuite(SuiteRunnerWorker.java:53)
	at org.testng.SuiteRunnerWorker.run(SuiteRunnerWorker.java:96)
	at org.testng.TestNG.runSuitesSequentially(TestNG.java:1212)
	at org.testng.TestNG.runSuitesLocally(TestNG.java:1134)
	at org.testng.TestNG.runSuites(TestNG.java:1063)
	at org.testng.TestNG.run(TestNG.java:1031)
	at org.testng.remote.AbstractRemoteTestNG.run(AbstractRemoteTestNG.java:115)
	at org.testng.remote.RemoteTestNG.initAndRun(RemoteTestNG.java:251)
	at org.testng.remote.RemoteTestNG.main(RemoteTestNG.java:77)
29 Jan 2025 12:26:41  INFO logger - Screenshot captured for method: verifyproductPageSearchtoElement
29 Jan 2025 12:26:41 ERROR logger - Test Failed: verifyproductPageSearchtoElement
java.lang.AssertionError: assert search button expected [true] but found [false]
	at org.testng.Assert.fail(Assert.java:99)
	at org.testng.Assert.failNotEquals(Assert.java:1037)
	at org.testng.Assert.assertTrue(Assert.java:45)
	at com.assertions.mobileAssertion.assertTrue(mobileAssertion.java:29)
	at com.pageObjects.ProductCataloguePage.assertsearchButton(ProductCataloguePage.java:97)
	at com.qa.testcases.ProductPageTest.verifyproductPageSearchtoElement(ProductPageTest.java:35)
	at java.base/jdk.internal.reflect.DirectMethodHandleAccessor.invoke(DirectMethodHandleAccessor.java:104)
	at java.base/java.lang.reflect.Method.invoke(Method.java:578)
	at org.testng.internal.MethodInvocationHelper.invokeMethod(MethodInvocationHelper.java:133)
	at org.testng.internal.TestInvoker.invokeMethod(TestInvoker.java:598)
	at org.testng.internal.TestInvoker.invokeTestMethod(TestInvoker.java:173)
	at org.testng.internal.MethodRunner.runInSequence(MethodRunner.java:46)
	at org.testng.internal.TestInvoker$MethodInvocationAgent.invoke(TestInvoker.java:824)
	at org.testng.internal.TestInvoker.invokeTestMethods(TestInvoker.java:146)
	at org.testng.internal.TestMethodWorker.invokeTestMethods(TestMethodWorker.java:146)
	at org.testng.internal.TestMethodWorker.run(TestMethodWorker.java:128)
	at java.base/java.util.ArrayList.forEach(ArrayList.java:1511)
	at org.testng.TestRunner.privateRun(TestRunner.java:794)
	at org.testng.TestRunner.run(TestRunner.java:596)
	at org.testng.SuiteRunner.runTest(SuiteRunner.java:377)
	at org.testng.SuiteRunner.runSequentially(SuiteRunner.java:371)
	at org.testng.SuiteRunner.privateRun(SuiteRunner.java:332)
	at org.testng.SuiteRunner.run(SuiteRunner.java:276)
	at org.testng.SuiteRunnerWorker.runSuite(SuiteRunnerWorker.java:53)
	at org.testng.SuiteRunnerWorker.run(SuiteRunnerWorker.java:96)
	at org.testng.TestNG.runSuitesSequentially(TestNG.java:1212)
	at org.testng.TestNG.runSuitesLocally(TestNG.java:1134)
	at org.testng.TestNG.runSuites(TestNG.java:1063)
	at org.testng.TestNG.run(TestNG.java:1031)
	at org.testng.remote.AbstractRemoteTestNG.run(AbstractRemoteTestNG.java:115)
	at org.testng.remote.RemoteTestNG.initAndRun(RemoteTestNG.java:251)
	at org.testng.remote.RemoteTestNG.main(RemoteTestNG.java:77)
29 Jan 2025 12:26:41  INFO logger - Stopping Appium Server...
29 Jan 2025 12:26:43  INFO logger - Appium Server stopped successfully.
29 Jan 2025 12:26:44  INFO logger - Test Suite Execution Completed
29 Jan 2025 14:08:16  INFO logger - Appium Server started successfully.
29 Jan 2025 14:08:16  INFO logger - Loaded property 'deviceName' with value: AkankshaEmulator
29 Jan 2025 14:08:16  INFO logger - Initializing Appium Driver...
29 Jan 2025 14:08:16  INFO logger - Loaded property 'appiumURL' with value: http://192.168.29.67:4723
29 Jan 2025 14:08:41  INFO logger - Appium Driver initialized successfully.
29 Jan 2025 14:08:41  INFO logger - Launching the app and logging in...
29 Jan 2025 14:08:41  INFO logger - Waiting till Skip Button is clicked is displayed
29 Jan 2025 14:08:41  INFO logger - Clicking on Skip Button is clicked
29 Jan 2025 14:08:49  INFO logger - Clicked on Skip Button is clicked
29 Jan 2025 14:08:49  INFO logger - Waiting till Login Button is clicked is displayed
29 Jan 2025 14:08:49  INFO logger - Clicking on Login Button is clicked
29 Jan 2025 14:08:50  INFO logger - Clicked on Login Button is clicked
29 Jan 2025 14:08:50  INFO logger - Loaded property 'emailId' with value: mukesh@yopmail.com
29 Jan 2025 14:08:52  INFO logger - Element located by By.xpath: //android.widget.EditText[@text='Enter email address'] is visible.
29 Jan 2025 14:08:52  INFO logger - Waiting till Email Address text area is clicked is displayed
29 Jan 2025 14:08:52  INFO logger - Clicking on Email Address text area is clicked
29 Jan 2025 14:08:52  INFO logger - Clicked on Email Address text area is clicked
29 Jan 2025 14:08:52  INFO logger - Sending values to element: 'Email Address'
29 Jan 2025 14:08:53  INFO logger - Input 'mukesh@yopmail.com' into element: 'Email Address'
29 Jan 2025 14:08:58  INFO logger - Keyboard hidden successfully.
29 Jan 2025 14:08:58  INFO logger - Loaded property 'password' with value: Mindfire@123
29 Jan 2025 14:08:59  INFO logger - Element located by By.xpath: //android.widget.EditText[@text='Enter password'] is visible.
29 Jan 2025 14:08:59  INFO logger - Waiting till Password Text area is clicked is displayed
29 Jan 2025 14:08:59  INFO logger - Clicking on Password Text area is clicked
29 Jan 2025 14:09:00  INFO logger - Clicked on Password Text area is clicked
29 Jan 2025 14:09:00  INFO logger - Sending values to element: 'Password'
29 Jan 2025 14:09:02  INFO logger - Input 'Mindfire@123' into element: 'Password'
29 Jan 2025 14:09:06  INFO logger - Keyboard hidden successfully.
29 Jan 2025 14:09:06  INFO logger - Logged into the application successfully.
29 Jan 2025 14:09:06  INFO logger - Test Started: verifyproductPageScrollingtoElement
29 Jan 2025 14:09:06  INFO logger - Verifying whether Element: 'Profoam Title is dipslayed' is present
29 Jan 2025 14:09:06  INFO logger - Profoam Title is dipslayed is displayed successfully.
29 Jan 2025 14:09:06  INFO logger - Pausing test case for 2 sec
29 Jan 2025 14:09:08  INFO logger - Verifying whether Element: 'Search button is dipslayed' is present
29 Jan 2025 14:09:28 ERROR logger - Error while verifying element: 'Search button is dipslayed'
org.openqa.selenium.NoSuchElementException: An element could not be located on the page using the given search parameters.
For documentation on this error, please visit: https://www.selenium.dev/documentation/webdriver/troubleshooting/errors#no-such-element-exception
Build info: version: '4.28.1', revision: '73f5ad48a2'
System info: os.name: 'Windows 11', os.arch: 'amd64', os.version: '10.0', java.version: '19.0.1'
Driver info: io.appium.java_client.android.AndroidDriver
Command: [aa5a4b66-a495-4e66-bcbd-239cb91180f0, findElement {value=//android.view.ViewGroup[@content-desc='Search for Products | Events'], using=xpath}]
Capabilities {appium:app: C:\Users\Akanksha.Singh\Doc..., appium:appPackage: com.profoam, appium:automationName: UIAutomator2, appium:databaseEnabled: false, appium:desired: {app: C:\Users\Akanksha.Singh\Doc..., automationName: UIAutomator2, deviceName: AkankshaEmulator, platformName: ANDROID}, appium:deviceApiLevel: 32, appium:deviceManufacturer: Google, appium:deviceModel: sdk_gphone64_x86_64, appium:deviceName: emulator-5554, appium:deviceScreenDensity: 560, appium:deviceScreenSize: 1440x3120, appium:deviceUDID: emulator-5554, appium:javascriptEnabled: true, appium:locationContextEnabled: false, appium:networkConnectionEnabled: true, appium:pixelRatio: 3.5, appium:platformVersion: 12, appium:statBarHeight: 84, appium:takesScreenshot: true, appium:viewportRect: {height: 2980, left: 0, top: 84, width: 1440}, appium:warnings: {}, appium:webStorageEnabled: false, platformName: ANDROID}
Session ID: aa5a4b66-a495-4e66-bcbd-239cb91180f0
	at java.base/jdk.internal.reflect.DirectConstructorHandleAccessor.newInstance(DirectConstructorHandleAccessor.java:67)
	at java.base/java.lang.reflect.Constructor.newInstanceWithCaller(Constructor.java:500)
	at java.base/java.lang.reflect.Constructor.newInstance(Constructor.java:484)
	at org.openqa.selenium.remote.ErrorCodec.decode(ErrorCodec.java:167)
	at org.openqa.selenium.remote.codec.w3c.W3CHttpResponseCodec.decode(W3CHttpResponseCodec.java:138)
	at org.openqa.selenium.remote.codec.w3c.W3CHttpResponseCodec.decode(W3CHttpResponseCodec.java:50)
	at org.openqa.selenium.remote.HttpCommandExecutor.execute(HttpCommandExecutor.java:215)
	at io.appium.java_client.remote.AppiumCommandExecutor.execute(AppiumCommandExecutor.java:237)
	at org.openqa.selenium.remote.RemoteWebDriver.execute(RemoteWebDriver.java:545)
	at org.openqa.selenium.remote.ElementLocation$ElementFinder$2.findElement(ElementLocation.java:165)
	at org.openqa.selenium.remote.ElementLocation.findElement(ElementLocation.java:59)
	at org.openqa.selenium.remote.RemoteWebDriver.findElement(RemoteWebDriver.java:368)
	at org.openqa.selenium.remote.RemoteWebDriver.findElement(RemoteWebDriver.java:362)
	at com.qa.utils.GenericActions.verifyElementDisplayed(GenericActions.java:27)
	at com.pageObjects.ProductCataloguePage.searchFieldDisplayed(ProductCataloguePage.java:92)
	at com.pageObjects.ProductCataloguePage.assertsearchButton(ProductCataloguePage.java:97)
	at com.qa.testcases.ProductPageTest.verifyproductPageScrollingtoElement(ProductPageTest.java:17)
	at java.base/jdk.internal.reflect.DirectMethodHandleAccessor.invoke(DirectMethodHandleAccessor.java:104)
	at java.base/java.lang.reflect.Method.invoke(Method.java:578)
	at org.testng.internal.MethodInvocationHelper.invokeMethod(MethodInvocationHelper.java:133)
	at org.testng.internal.TestInvoker.invokeMethod(TestInvoker.java:598)
	at org.testng.internal.TestInvoker.invokeTestMethod(TestInvoker.java:173)
	at org.testng.internal.MethodRunner.runInSequence(MethodRunner.java:46)
	at org.testng.internal.TestInvoker$MethodInvocationAgent.invoke(TestInvoker.java:824)
	at org.testng.internal.TestInvoker.invokeTestMethods(TestInvoker.java:146)
	at org.testng.internal.TestMethodWorker.invokeTestMethods(TestMethodWorker.java:146)
	at org.testng.internal.TestMethodWorker.run(TestMethodWorker.java:128)
	at java.base/java.util.ArrayList.forEach(ArrayList.java:1511)
	at org.testng.TestRunner.privateRun(TestRunner.java:794)
	at org.testng.TestRunner.run(TestRunner.java:596)
	at org.testng.SuiteRunner.runTest(SuiteRunner.java:377)
	at org.testng.SuiteRunner.runSequentially(SuiteRunner.java:371)
	at org.testng.SuiteRunner.privateRun(SuiteRunner.java:332)
	at org.testng.SuiteRunner.run(SuiteRunner.java:276)
	at org.testng.SuiteRunnerWorker.runSuite(SuiteRunnerWorker.java:53)
	at org.testng.SuiteRunnerWorker.run(SuiteRunnerWorker.java:96)
	at org.testng.TestNG.runSuitesSequentially(TestNG.java:1212)
	at org.testng.TestNG.runSuitesLocally(TestNG.java:1134)
	at org.testng.TestNG.runSuites(TestNG.java:1063)
	at org.testng.TestNG.run(TestNG.java:1031)
	at org.testng.remote.AbstractRemoteTestNG.run(AbstractRemoteTestNG.java:115)
	at org.testng.remote.RemoteTestNG.initAndRun(RemoteTestNG.java:251)
	at org.testng.remote.RemoteTestNG.main(RemoteTestNG.java:77)
29 Jan 2025 14:09:28 ERROR logger - Assertion Failed: assert search button
java.lang.AssertionError: assert search button expected [true] but found [false]
	at org.testng.Assert.fail(Assert.java:99)
	at org.testng.Assert.failNotEquals(Assert.java:1037)
	at org.testng.Assert.assertTrue(Assert.java:45)
	at com.assertions.mobileAssertion.assertTrue(mobileAssertion.java:29)
	at com.pageObjects.ProductCataloguePage.assertsearchButton(ProductCataloguePage.java:97)
	at com.qa.testcases.ProductPageTest.verifyproductPageScrollingtoElement(ProductPageTest.java:17)
	at java.base/jdk.internal.reflect.DirectMethodHandleAccessor.invoke(DirectMethodHandleAccessor.java:104)
	at java.base/java.lang.reflect.Method.invoke(Method.java:578)
	at org.testng.internal.MethodInvocationHelper.invokeMethod(MethodInvocationHelper.java:133)
	at org.testng.internal.TestInvoker.invokeMethod(TestInvoker.java:598)
	at org.testng.internal.TestInvoker.invokeTestMethod(TestInvoker.java:173)
	at org.testng.internal.MethodRunner.runInSequence(MethodRunner.java:46)
	at org.testng.internal.TestInvoker$MethodInvocationAgent.invoke(TestInvoker.java:824)
	at org.testng.internal.TestInvoker.invokeTestMethods(TestInvoker.java:146)
	at org.testng.internal.TestMethodWorker.invokeTestMethods(TestMethodWorker.java:146)
	at org.testng.internal.TestMethodWorker.run(TestMethodWorker.java:128)
	at java.base/java.util.ArrayList.forEach(ArrayList.java:1511)
	at org.testng.TestRunner.privateRun(TestRunner.java:794)
	at org.testng.TestRunner.run(TestRunner.java:596)
	at org.testng.SuiteRunner.runTest(SuiteRunner.java:377)
	at org.testng.SuiteRunner.runSequentially(SuiteRunner.java:371)
	at org.testng.SuiteRunner.privateRun(SuiteRunner.java:332)
	at org.testng.SuiteRunner.run(SuiteRunner.java:276)
	at org.testng.SuiteRunnerWorker.runSuite(SuiteRunnerWorker.java:53)
	at org.testng.SuiteRunnerWorker.run(SuiteRunnerWorker.java:96)
	at org.testng.TestNG.runSuitesSequentially(TestNG.java:1212)
	at org.testng.TestNG.runSuitesLocally(TestNG.java:1134)
	at org.testng.TestNG.runSuites(TestNG.java:1063)
	at org.testng.TestNG.run(TestNG.java:1031)
	at org.testng.remote.AbstractRemoteTestNG.run(AbstractRemoteTestNG.java:115)
	at org.testng.remote.RemoteTestNG.initAndRun(RemoteTestNG.java:251)
	at org.testng.remote.RemoteTestNG.main(RemoteTestNG.java:77)
29 Jan 2025 14:09:32  INFO logger - Screenshot captured for method: verifyproductPageScrollingtoElement
29 Jan 2025 14:09:32 ERROR logger - Test Failed: verifyproductPageScrollingtoElement
java.lang.AssertionError: assert search button expected [true] but found [false]
	at org.testng.Assert.fail(Assert.java:99)
	at org.testng.Assert.failNotEquals(Assert.java:1037)
	at org.testng.Assert.assertTrue(Assert.java:45)
	at com.assertions.mobileAssertion.assertTrue(mobileAssertion.java:29)
	at com.pageObjects.ProductCataloguePage.assertsearchButton(ProductCataloguePage.java:97)
	at com.qa.testcases.ProductPageTest.verifyproductPageScrollingtoElement(ProductPageTest.java:17)
	at java.base/jdk.internal.reflect.DirectMethodHandleAccessor.invoke(DirectMethodHandleAccessor.java:104)
	at java.base/java.lang.reflect.Method.invoke(Method.java:578)
	at org.testng.internal.MethodInvocationHelper.invokeMethod(MethodInvocationHelper.java:133)
	at org.testng.internal.TestInvoker.invokeMethod(TestInvoker.java:598)
	at org.testng.internal.TestInvoker.invokeTestMethod(TestInvoker.java:173)
	at org.testng.internal.MethodRunner.runInSequence(MethodRunner.java:46)
	at org.testng.internal.TestInvoker$MethodInvocationAgent.invoke(TestInvoker.java:824)
	at org.testng.internal.TestInvoker.invokeTestMethods(TestInvoker.java:146)
	at org.testng.internal.TestMethodWorker.invokeTestMethods(TestMethodWorker.java:146)
	at org.testng.internal.TestMethodWorker.run(TestMethodWorker.java:128)
	at java.base/java.util.ArrayList.forEach(ArrayList.java:1511)
	at org.testng.TestRunner.privateRun(TestRunner.java:794)
	at org.testng.TestRunner.run(TestRunner.java:596)
	at org.testng.SuiteRunner.runTest(SuiteRunner.java:377)
	at org.testng.SuiteRunner.runSequentially(SuiteRunner.java:371)
	at org.testng.SuiteRunner.privateRun(SuiteRunner.java:332)
	at org.testng.SuiteRunner.run(SuiteRunner.java:276)
	at org.testng.SuiteRunnerWorker.runSuite(SuiteRunnerWorker.java:53)
	at org.testng.SuiteRunnerWorker.run(SuiteRunnerWorker.java:96)
	at org.testng.TestNG.runSuitesSequentially(TestNG.java:1212)
	at org.testng.TestNG.runSuitesLocally(TestNG.java:1134)
	at org.testng.TestNG.runSuites(TestNG.java:1063)
	at org.testng.TestNG.run(TestNG.java:1031)
	at org.testng.remote.AbstractRemoteTestNG.run(AbstractRemoteTestNG.java:115)
	at org.testng.remote.RemoteTestNG.initAndRun(RemoteTestNG.java:251)
	at org.testng.remote.RemoteTestNG.main(RemoteTestNG.java:77)
29 Jan 2025 14:09:32  INFO logger - Stopping Appium Server...
29 Jan 2025 14:09:34  INFO logger - Appium Server stopped successfully.
29 Jan 2025 14:09:34  INFO logger - Appium Server started successfully.
29 Jan 2025 14:09:34  INFO logger - Loaded property 'deviceName' with value: AkankshaEmulator
29 Jan 2025 14:09:34  INFO logger - Initializing Appium Driver...
29 Jan 2025 14:09:34  INFO logger - Loaded property 'appiumURL' with value: http://192.168.29.67:4723
29 Jan 2025 14:09:50  INFO logger - Appium Driver initialized successfully.
29 Jan 2025 14:09:50  INFO logger - Launching the app and logging in...
29 Jan 2025 14:09:50  INFO logger - Waiting till Skip Button is clicked is displayed
29 Jan 2025 14:09:50  INFO logger - Clicking on Skip Button is clicked
29 Jan 2025 14:09:55  INFO logger - Clicked on Skip Button is clicked
29 Jan 2025 14:09:55  INFO logger - Waiting till Login Button is clicked is displayed
29 Jan 2025 14:09:55  INFO logger - Clicking on Login Button is clicked
29 Jan 2025 14:09:56  INFO logger - Clicked on Login Button is clicked
29 Jan 2025 14:09:56  INFO logger - Loaded property 'emailId' with value: mukesh@yopmail.com
29 Jan 2025 14:09:57  INFO logger - Element located by By.xpath: //android.widget.EditText[@text='Enter email address'] is visible.
29 Jan 2025 14:09:57  INFO logger - Waiting till Email Address text area is clicked is displayed
29 Jan 2025 14:09:57  INFO logger - Clicking on Email Address text area is clicked
29 Jan 2025 14:09:58  INFO logger - Clicked on Email Address text area is clicked
29 Jan 2025 14:09:58  INFO logger - Sending values to element: 'Email Address'
29 Jan 2025 14:10:00  INFO logger - Input 'mukesh@yopmail.com' into element: 'Email Address'
29 Jan 2025 14:10:02  INFO logger - Keyboard hidden successfully.
29 Jan 2025 14:10:02  INFO logger - Loaded property 'password' with value: Mindfire@123
29 Jan 2025 14:10:02  INFO logger - Element located by By.xpath: //android.widget.EditText[@text='Enter password'] is visible.
29 Jan 2025 14:10:02  INFO logger - Waiting till Password Text area is clicked is displayed
29 Jan 2025 14:10:02  INFO logger - Clicking on Password Text area is clicked
29 Jan 2025 14:10:03  INFO logger - Clicked on Password Text area is clicked
29 Jan 2025 14:10:03  INFO logger - Sending values to element: 'Password'
29 Jan 2025 14:10:06  INFO logger - Input 'Mindfire@123' into element: 'Password'
29 Jan 2025 14:10:10  INFO logger - Keyboard hidden successfully.
29 Jan 2025 14:10:10  INFO logger - Logged into the application successfully.
29 Jan 2025 14:10:10  INFO logger - Test Started: verifyproductPageSearchtoElement
29 Jan 2025 14:10:10  INFO logger - Verifying whether Element: 'Profoam Title is dipslayed' is present
29 Jan 2025 14:10:11  INFO logger - Profoam Title is dipslayed is displayed successfully.
29 Jan 2025 14:10:11  INFO logger - Pausing test case for 2 sec
29 Jan 2025 14:10:13  INFO logger - Verifying whether Element: 'Search button is dipslayed' is present
29 Jan 2025 14:10:33 ERROR logger - Error while verifying element: 'Search button is dipslayed'
org.openqa.selenium.NoSuchElementException: An element could not be located on the page using the given search parameters.
For documentation on this error, please visit: https://www.selenium.dev/documentation/webdriver/troubleshooting/errors#no-such-element-exception
Build info: version: '4.28.1', revision: '73f5ad48a2'
System info: os.name: 'Windows 11', os.arch: 'amd64', os.version: '10.0', java.version: '19.0.1'
Driver info: io.appium.java_client.android.AndroidDriver
Command: [443cd7a7-afc3-445f-8632-af9b7ea2283b, findElement {value=//android.view.ViewGroup[@content-desc='Search for Products | Events'], using=xpath}]
Capabilities {appium:app: C:\Users\Akanksha.Singh\Doc..., appium:appPackage: com.profoam, appium:automationName: UIAutomator2, appium:databaseEnabled: false, appium:desired: {app: C:\Users\Akanksha.Singh\Doc..., automationName: UIAutomator2, deviceName: AkankshaEmulator, platformName: ANDROID}, appium:deviceApiLevel: 32, appium:deviceManufacturer: Google, appium:deviceModel: sdk_gphone64_x86_64, appium:deviceName: emulator-5554, appium:deviceScreenDensity: 560, appium:deviceScreenSize: 1440x3120, appium:deviceUDID: emulator-5554, appium:javascriptEnabled: true, appium:locationContextEnabled: false, appium:networkConnectionEnabled: true, appium:pixelRatio: 3.5, appium:platformVersion: 12, appium:statBarHeight: 84, appium:takesScreenshot: true, appium:viewportRect: {height: 2980, left: 0, top: 84, width: 1440}, appium:warnings: {}, appium:webStorageEnabled: false, platformName: ANDROID}
Session ID: 443cd7a7-afc3-445f-8632-af9b7ea2283b
	at java.base/jdk.internal.reflect.DirectConstructorHandleAccessor.newInstance(DirectConstructorHandleAccessor.java:67)
	at java.base/java.lang.reflect.Constructor.newInstanceWithCaller(Constructor.java:500)
	at java.base/java.lang.reflect.Constructor.newInstance(Constructor.java:484)
	at org.openqa.selenium.remote.ErrorCodec.decode(ErrorCodec.java:167)
	at org.openqa.selenium.remote.codec.w3c.W3CHttpResponseCodec.decode(W3CHttpResponseCodec.java:138)
	at org.openqa.selenium.remote.codec.w3c.W3CHttpResponseCodec.decode(W3CHttpResponseCodec.java:50)
	at org.openqa.selenium.remote.HttpCommandExecutor.execute(HttpCommandExecutor.java:215)
	at io.appium.java_client.remote.AppiumCommandExecutor.execute(AppiumCommandExecutor.java:237)
	at org.openqa.selenium.remote.RemoteWebDriver.execute(RemoteWebDriver.java:545)
	at org.openqa.selenium.remote.ElementLocation$ElementFinder$2.findElement(ElementLocation.java:165)
	at org.openqa.selenium.remote.ElementLocation.findElement(ElementLocation.java:59)
	at org.openqa.selenium.remote.RemoteWebDriver.findElement(RemoteWebDriver.java:368)
	at org.openqa.selenium.remote.RemoteWebDriver.findElement(RemoteWebDriver.java:362)
	at com.qa.utils.GenericActions.verifyElementDisplayed(GenericActions.java:27)
	at com.pageObjects.ProductCataloguePage.searchFieldDisplayed(ProductCataloguePage.java:92)
	at com.pageObjects.ProductCataloguePage.assertsearchButton(ProductCataloguePage.java:97)
	at com.qa.testcases.ProductPageTest.verifyproductPageSearchtoElement(ProductPageTest.java:35)
	at java.base/jdk.internal.reflect.DirectMethodHandleAccessor.invoke(DirectMethodHandleAccessor.java:104)
	at java.base/java.lang.reflect.Method.invoke(Method.java:578)
	at org.testng.internal.MethodInvocationHelper.invokeMethod(MethodInvocationHelper.java:133)
	at org.testng.internal.TestInvoker.invokeMethod(TestInvoker.java:598)
	at org.testng.internal.TestInvoker.invokeTestMethod(TestInvoker.java:173)
	at org.testng.internal.MethodRunner.runInSequence(MethodRunner.java:46)
	at org.testng.internal.TestInvoker$MethodInvocationAgent.invoke(TestInvoker.java:824)
	at org.testng.internal.TestInvoker.invokeTestMethods(TestInvoker.java:146)
	at org.testng.internal.TestMethodWorker.invokeTestMethods(TestMethodWorker.java:146)
	at org.testng.internal.TestMethodWorker.run(TestMethodWorker.java:128)
	at java.base/java.util.ArrayList.forEach(ArrayList.java:1511)
	at org.testng.TestRunner.privateRun(TestRunner.java:794)
	at org.testng.TestRunner.run(TestRunner.java:596)
	at org.testng.SuiteRunner.runTest(SuiteRunner.java:377)
	at org.testng.SuiteRunner.runSequentially(SuiteRunner.java:371)
	at org.testng.SuiteRunner.privateRun(SuiteRunner.java:332)
	at org.testng.SuiteRunner.run(SuiteRunner.java:276)
	at org.testng.SuiteRunnerWorker.runSuite(SuiteRunnerWorker.java:53)
	at org.testng.SuiteRunnerWorker.run(SuiteRunnerWorker.java:96)
	at org.testng.TestNG.runSuitesSequentially(TestNG.java:1212)
	at org.testng.TestNG.runSuitesLocally(TestNG.java:1134)
	at org.testng.TestNG.runSuites(TestNG.java:1063)
	at org.testng.TestNG.run(TestNG.java:1031)
	at org.testng.remote.AbstractRemoteTestNG.run(AbstractRemoteTestNG.java:115)
	at org.testng.remote.RemoteTestNG.initAndRun(RemoteTestNG.java:251)
	at org.testng.remote.RemoteTestNG.main(RemoteTestNG.java:77)
29 Jan 2025 14:10:33 ERROR logger - Assertion Failed: assert search button
java.lang.AssertionError: assert search button expected [true] but found [false]
	at org.testng.Assert.fail(Assert.java:99)
	at org.testng.Assert.failNotEquals(Assert.java:1037)
	at org.testng.Assert.assertTrue(Assert.java:45)
	at com.assertions.mobileAssertion.assertTrue(mobileAssertion.java:29)
	at com.pageObjects.ProductCataloguePage.assertsearchButton(ProductCataloguePage.java:97)
	at com.qa.testcases.ProductPageTest.verifyproductPageSearchtoElement(ProductPageTest.java:35)
	at java.base/jdk.internal.reflect.DirectMethodHandleAccessor.invoke(DirectMethodHandleAccessor.java:104)
	at java.base/java.lang.reflect.Method.invoke(Method.java:578)
	at org.testng.internal.MethodInvocationHelper.invokeMethod(MethodInvocationHelper.java:133)
	at org.testng.internal.TestInvoker.invokeMethod(TestInvoker.java:598)
	at org.testng.internal.TestInvoker.invokeTestMethod(TestInvoker.java:173)
	at org.testng.internal.MethodRunner.runInSequence(MethodRunner.java:46)
	at org.testng.internal.TestInvoker$MethodInvocationAgent.invoke(TestInvoker.java:824)
	at org.testng.internal.TestInvoker.invokeTestMethods(TestInvoker.java:146)
	at org.testng.internal.TestMethodWorker.invokeTestMethods(TestMethodWorker.java:146)
	at org.testng.internal.TestMethodWorker.run(TestMethodWorker.java:128)
	at java.base/java.util.ArrayList.forEach(ArrayList.java:1511)
	at org.testng.TestRunner.privateRun(TestRunner.java:794)
	at org.testng.TestRunner.run(TestRunner.java:596)
	at org.testng.SuiteRunner.runTest(SuiteRunner.java:377)
	at org.testng.SuiteRunner.runSequentially(SuiteRunner.java:371)
	at org.testng.SuiteRunner.privateRun(SuiteRunner.java:332)
	at org.testng.SuiteRunner.run(SuiteRunner.java:276)
	at org.testng.SuiteRunnerWorker.runSuite(SuiteRunnerWorker.java:53)
	at org.testng.SuiteRunnerWorker.run(SuiteRunnerWorker.java:96)
	at org.testng.TestNG.runSuitesSequentially(TestNG.java:1212)
	at org.testng.TestNG.runSuitesLocally(TestNG.java:1134)
	at org.testng.TestNG.runSuites(TestNG.java:1063)
	at org.testng.TestNG.run(TestNG.java:1031)
	at org.testng.remote.AbstractRemoteTestNG.run(AbstractRemoteTestNG.java:115)
	at org.testng.remote.RemoteTestNG.initAndRun(RemoteTestNG.java:251)
	at org.testng.remote.RemoteTestNG.main(RemoteTestNG.java:77)
29 Jan 2025 14:10:35  INFO logger - Screenshot captured for method: verifyproductPageSearchtoElement
29 Jan 2025 14:10:35 ERROR logger - Test Failed: verifyproductPageSearchtoElement
java.lang.AssertionError: assert search button expected [true] but found [false]
	at org.testng.Assert.fail(Assert.java:99)
	at org.testng.Assert.failNotEquals(Assert.java:1037)
	at org.testng.Assert.assertTrue(Assert.java:45)
	at com.assertions.mobileAssertion.assertTrue(mobileAssertion.java:29)
	at com.pageObjects.ProductCataloguePage.assertsearchButton(ProductCataloguePage.java:97)
	at com.qa.testcases.ProductPageTest.verifyproductPageSearchtoElement(ProductPageTest.java:35)
	at java.base/jdk.internal.reflect.DirectMethodHandleAccessor.invoke(DirectMethodHandleAccessor.java:104)
	at java.base/java.lang.reflect.Method.invoke(Method.java:578)
	at org.testng.internal.MethodInvocationHelper.invokeMethod(MethodInvocationHelper.java:133)
	at org.testng.internal.TestInvoker.invokeMethod(TestInvoker.java:598)
	at org.testng.internal.TestInvoker.invokeTestMethod(TestInvoker.java:173)
	at org.testng.internal.MethodRunner.runInSequence(MethodRunner.java:46)
	at org.testng.internal.TestInvoker$MethodInvocationAgent.invoke(TestInvoker.java:824)
	at org.testng.internal.TestInvoker.invokeTestMethods(TestInvoker.java:146)
	at org.testng.internal.TestMethodWorker.invokeTestMethods(TestMethodWorker.java:146)
	at org.testng.internal.TestMethodWorker.run(TestMethodWorker.java:128)
	at java.base/java.util.ArrayList.forEach(ArrayList.java:1511)
	at org.testng.TestRunner.privateRun(TestRunner.java:794)
	at org.testng.TestRunner.run(TestRunner.java:596)
	at org.testng.SuiteRunner.runTest(SuiteRunner.java:377)
	at org.testng.SuiteRunner.runSequentially(SuiteRunner.java:371)
	at org.testng.SuiteRunner.privateRun(SuiteRunner.java:332)
	at org.testng.SuiteRunner.run(SuiteRunner.java:276)
	at org.testng.SuiteRunnerWorker.runSuite(SuiteRunnerWorker.java:53)
	at org.testng.SuiteRunnerWorker.run(SuiteRunnerWorker.java:96)
	at org.testng.TestNG.runSuitesSequentially(TestNG.java:1212)
	at org.testng.TestNG.runSuitesLocally(TestNG.java:1134)
	at org.testng.TestNG.runSuites(TestNG.java:1063)
	at org.testng.TestNG.run(TestNG.java:1031)
	at org.testng.remote.AbstractRemoteTestNG.run(AbstractRemoteTestNG.java:115)
	at org.testng.remote.RemoteTestNG.initAndRun(RemoteTestNG.java:251)
	at org.testng.remote.RemoteTestNG.main(RemoteTestNG.java:77)
29 Jan 2025 14:10:35  INFO logger - Stopping Appium Server...
29 Jan 2025 14:10:36  INFO logger - Appium Server stopped successfully.
29 Jan 2025 14:10:37  INFO logger - Test Suite Execution Completed
29 Jan 2025 16:50:47  INFO logger - Appium Server started successfully.
29 Jan 2025 16:50:47  INFO logger - Loaded property 'deviceName' with value: AkankshaEmulator
29 Jan 2025 16:50:47  INFO logger - Initializing Appium Driver...
29 Jan 2025 16:50:47  INFO logger - Loaded property 'appiumURL' with value: http://192.168.29.67:4723
29 Jan 2025 16:51:11  INFO logger - Appium Driver initialized successfully.
29 Jan 2025 16:51:11  INFO logger - Launching the app and logging in...
29 Jan 2025 16:51:11  INFO logger - Waiting till Skip Button is clicked is displayed
29 Jan 2025 16:51:11  INFO logger - Clicking on Skip Button is clicked
29 Jan 2025 16:51:19  INFO logger - Clicked on Skip Button is clicked
29 Jan 2025 16:51:19  INFO logger - Waiting till Login Button is clicked is displayed
29 Jan 2025 16:51:19  INFO logger - Clicking on Login Button is clicked
29 Jan 2025 16:51:20  INFO logger - Clicked on Login Button is clicked
29 Jan 2025 16:51:20  INFO logger - Loaded property 'emailId' with value: mukesh@yopmail.com
29 Jan 2025 16:51:21  INFO logger - Element located by By.xpath: //android.widget.EditText[@text='Enter email address'] is visible.
29 Jan 2025 16:51:21  INFO logger - Waiting till Email Address text area is clicked is displayed
29 Jan 2025 16:51:21  INFO logger - Clicking on Email Address text area is clicked
29 Jan 2025 16:51:22  INFO logger - Clicked on Email Address text area is clicked
29 Jan 2025 16:51:22  INFO logger - Sending values to element: 'Email Address'
29 Jan 2025 16:51:23  INFO logger - Input 'mukesh@yopmail.com' into element: 'Email Address'
29 Jan 2025 16:51:29  INFO logger - Keyboard hidden successfully.
29 Jan 2025 16:51:29  INFO logger - Loaded property 'password' with value: Mindfire@123
29 Jan 2025 16:51:29  INFO logger - Element located by By.xpath: //android.widget.EditText[@text='Enter password'] is visible.
29 Jan 2025 16:51:29  INFO logger - Waiting till Password Text area is clicked is displayed
29 Jan 2025 16:51:29  INFO logger - Clicking on Password Text area is clicked
29 Jan 2025 16:51:30  INFO logger - Clicked on Password Text area is clicked
29 Jan 2025 16:51:30  INFO logger - Sending values to element: 'Password'
29 Jan 2025 16:51:32  INFO logger - Input 'Mindfire@123' into element: 'Password'
29 Jan 2025 16:51:35  INFO logger - Keyboard hidden successfully.
29 Jan 2025 16:51:35  INFO logger - Waiting till Login button is clicked is displayed
29 Jan 2025 16:51:35  INFO logger - Clicking on Login button is clicked
29 Jan 2025 16:51:35  INFO logger - Clicked on Login button is clicked
29 Jan 2025 16:51:35  INFO logger - Logged into the application successfully.
29 Jan 2025 16:51:36  INFO logger - Test Started: verifyproductPageScrollingtoElement
29 Jan 2025 16:51:38  INFO logger - Screen recording started.
29 Jan 2025 16:51:38  INFO logger - Verifying whether Element: 'Profoam Title is dipslayed' is present
29 Jan 2025 16:51:42  INFO logger - Profoam Title is dipslayed is displayed successfully.
29 Jan 2025 16:51:42  INFO logger - Pausing test case for 2 sec
29 Jan 2025 16:51:44  INFO logger - Verifying whether Element: 'Search button is dipslayed' is present
29 Jan 2025 16:51:44  INFO logger - Search button is dipslayed is displayed successfully.
29 Jan 2025 16:51:44  INFO logger - Assertion Passed: assert search button
29 Jan 2025 16:51:44  INFO logger - Verifying whether Element: 'Categories is dipslayed' is present
29 Jan 2025 16:51:44  INFO logger - Categories is dipslayed is displayed successfully.
29 Jan 2025 16:51:44  INFO logger - Assertion Passed:  assert Categories
29 Jan 2025 16:52:05  INFO logger - Performing vertical swipe action
29 Jan 2025 16:52:09  INFO logger - Element found: [[AndroidDriver:  on ANDROID (2ad682e6-4f0b-4093-8048-402159cbbae5)] -> xpath: //android.widget.TextView[@text="Flash Sale"]]
29 Jan 2025 16:52:09  INFO logger - Pausing test case for 1 sec
29 Jan 2025 16:52:10  INFO logger - Pausing test case for 1 sec
29 Jan 2025 16:52:11  INFO logger - Verifying whether Element: 'Flash Sale Text is present' is present
29 Jan 2025 16:52:11  INFO logger - Flash Sale Text is present is displayed successfully.
29 Jan 2025 16:52:11  INFO logger - Assertion Passed: Flash Sale text is displayed
29 Jan 2025 16:52:11  INFO logger - Waiting till Flash Sale is clicked is displayed
29 Jan 2025 16:52:11  INFO logger - Clicking on Flash Sale is clicked
29 Jan 2025 16:52:12  INFO logger - Clicked on Flash Sale is clicked
29 Jan 2025 16:52:12  INFO logger - Pausing test case for 1 sec
29 Jan 2025 16:52:13  INFO logger - Verifying whether Element: 'Flash Sale Text is present' is present
29 Jan 2025 16:52:13  INFO logger - Flash Sale Text is present is displayed successfully.
29 Jan 2025 16:52:13  INFO logger - Pausing test case for 2 sec
29 Jan 2025 16:52:15  INFO logger - Verifying whether Element: 'Flash Sale Text is present' is present
29 Jan 2025 16:52:15  INFO logger - Flash Sale Text is present is displayed successfully.
29 Jan 2025 16:52:15  INFO logger - Assertion Passed:  assert CanFoam Text is matched
29 Jan 2025 16:52:15  INFO logger - Pausing test case for 3 sec
29 Jan 2025 16:52:18  INFO logger - Verifying whether Element: 'Product List is displayed' is present
29 Jan 2025 16:52:18  INFO logger - Product List is displayed is displayed successfully.
29 Jan 2025 16:52:18  INFO logger - Scrolling down using UiScrollable
29 Jan 2025 16:52:28  INFO logger - Pausing test case for 1 sec
29 Jan 2025 16:52:29  INFO logger - Scrolling to top using UiScrollable
29 Jan 2025 16:52:32  INFO logger - Pausing test case for 1 sec
29 Jan 2025 16:52:33  INFO logger - Verifying whether Element: 'Product First List is displayed' is present
29 Jan 2025 16:52:33  INFO logger - Product First List is displayed is displayed successfully.
29 Jan 2025 16:52:33  INFO logger - Assertion Passed: Product First List is present
29 Jan 2025 16:52:33  INFO logger - Waiting till Back Arrow is clicked is displayed
29 Jan 2025 16:52:33  INFO logger - Clicking on Back Arrow is clicked
29 Jan 2025 16:52:34  INFO logger - Clicked on Back Arrow is clicked
29 Jan 2025 16:52:34  INFO logger - Test Passed: verifyproductPageScrollingtoElement
29 Jan 2025 16:52:34  INFO logger - Stopping Appium Server...
29 Jan 2025 16:52:36  INFO logger - Appium Server stopped successfully.
29 Jan 2025 16:52:36  INFO logger - Appium Server started successfully.
29 Jan 2025 16:52:36  INFO logger - Loaded property 'deviceName' with value: AkankshaEmulator
29 Jan 2025 16:52:36  INFO logger - Initializing Appium Driver...
29 Jan 2025 16:52:36  INFO logger - Loaded property 'appiumURL' with value: http://192.168.29.67:4723
29 Jan 2025 16:52:51  INFO logger - Appium Driver initialized successfully.
29 Jan 2025 16:52:51  INFO logger - Launching the app and logging in...
29 Jan 2025 16:52:51  INFO logger - Waiting till Skip Button is clicked is displayed
29 Jan 2025 16:52:51  INFO logger - Clicking on Skip Button is clicked
29 Jan 2025 16:52:54  INFO logger - Clicked on Skip Button is clicked
29 Jan 2025 16:52:54  INFO logger - Waiting till Login Button is clicked is displayed
29 Jan 2025 16:52:54  INFO logger - Clicking on Login Button is clicked
29 Jan 2025 16:52:55  INFO logger - Clicked on Login Button is clicked
29 Jan 2025 16:52:55  INFO logger - Loaded property 'emailId' with value: mukesh@yopmail.com
29 Jan 2025 16:52:57  INFO logger - Element located by By.xpath: //android.widget.EditText[@text='Enter email address'] is visible.
29 Jan 2025 16:52:57  INFO logger - Waiting till Email Address text area is clicked is displayed
29 Jan 2025 16:52:57  INFO logger - Clicking on Email Address text area is clicked
29 Jan 2025 16:52:58  INFO logger - Clicked on Email Address text area is clicked
29 Jan 2025 16:52:58  INFO logger - Sending values to element: 'Email Address'
29 Jan 2025 16:52:59  INFO logger - Input 'mukesh@yopmail.com' into element: 'Email Address'
29 Jan 2025 16:53:03  INFO logger - Keyboard hidden successfully.
29 Jan 2025 16:53:03  INFO logger - Loaded property 'password' with value: Mindfire@123
29 Jan 2025 16:53:03  INFO logger - Element located by By.xpath: //android.widget.EditText[@text='Enter password'] is visible.
29 Jan 2025 16:53:03  INFO logger - Waiting till Password Text area is clicked is displayed
29 Jan 2025 16:53:03  INFO logger - Clicking on Password Text area is clicked
29 Jan 2025 16:53:05  INFO logger - Clicked on Password Text area is clicked
29 Jan 2025 16:53:05  INFO logger - Sending values to element: 'Password'
29 Jan 2025 16:53:06  INFO logger - Input 'Mindfire@123' into element: 'Password'
29 Jan 2025 16:53:09  INFO logger - Keyboard hidden successfully.
29 Jan 2025 16:53:09  INFO logger - Waiting till Login button is clicked is displayed
29 Jan 2025 16:53:09  INFO logger - Clicking on Login button is clicked
29 Jan 2025 16:53:09  INFO logger - Clicked on Login button is clicked
29 Jan 2025 16:53:09  INFO logger - Logged into the application successfully.
29 Jan 2025 16:53:09  INFO logger - Test Started: verifyproductPageSearchtoElement
29 Jan 2025 16:53:11  INFO logger - Screen recording started.
29 Jan 2025 16:53:11  INFO logger - Verifying whether Element: 'Profoam Title is dipslayed' is present
29 Jan 2025 16:53:11  INFO logger - Profoam Title is dipslayed is displayed successfully.
29 Jan 2025 16:53:11  INFO logger - Pausing test case for 2 sec
29 Jan 2025 16:53:13  INFO logger - Verifying whether Element: 'Search button is dipslayed' is present
29 Jan 2025 16:53:15  INFO logger - Search button is dipslayed is displayed successfully.
29 Jan 2025 16:53:15  INFO logger - Assertion Passed: assert search button
29 Jan 2025 16:53:15  INFO logger - Waiting till Search Field Button is clicked is displayed
29 Jan 2025 16:53:15  INFO logger - Clicking on Search Field Button is clicked
29 Jan 2025 16:53:15  INFO logger - Clicked on Search Field Button is clicked
29 Jan 2025 16:53:15  INFO logger - Pausing test case for 1 sec
29 Jan 2025 16:53:16  INFO logger - Verifying whether Element: 'Search Field is displayed' is present
29 Jan 2025 16:53:36 ERROR logger - Error while verifying element: 'Search Field is displayed'
org.openqa.selenium.NoSuchElementException: An element could not be located on the page using the given search parameters.
For documentation on this error, please visit: https://www.selenium.dev/documentation/webdriver/troubleshooting/errors#no-such-element-exception
Build info: version: '4.28.1', revision: '73f5ad48a2'
System info: os.name: 'Windows 11', os.arch: 'amd64', os.version: '10.0', java.version: '19.0.1'
Driver info: io.appium.java_client.android.AndroidDriver
Command: [4fa50eea-abf7-43b9-af05-f27429cab762, findElement {using=xpath, value=//android.widget.EditText[@text="Search for Products | Events"]}]
Capabilities {appium:app: C:\Users\Akanksha.Singh\Doc..., appium:appPackage: com.profoam, appium:automationName: UIAutomator2, appium:databaseEnabled: false, appium:desired: {app: C:\Users\Akanksha.Singh\Doc..., automationName: UIAutomator2, deviceName: AkankshaEmulator, platformName: ANDROID}, appium:deviceApiLevel: 32, appium:deviceManufacturer: Google, appium:deviceModel: sdk_gphone64_x86_64, appium:deviceName: emulator-5554, appium:deviceScreenDensity: 560, appium:deviceScreenSize: 1440x3120, appium:deviceUDID: emulator-5554, appium:javascriptEnabled: true, appium:locationContextEnabled: false, appium:networkConnectionEnabled: true, appium:pixelRatio: 3.5, appium:platformVersion: 12, appium:statBarHeight: 84, appium:takesScreenshot: true, appium:viewportRect: {height: 2980, left: 0, top: 84, width: 1440}, appium:warnings: {}, appium:webStorageEnabled: false, platformName: ANDROID}
Session ID: 4fa50eea-abf7-43b9-af05-f27429cab762
	at java.base/jdk.internal.reflect.DirectConstructorHandleAccessor.newInstance(DirectConstructorHandleAccessor.java:67)
	at java.base/java.lang.reflect.Constructor.newInstanceWithCaller(Constructor.java:500)
	at java.base/java.lang.reflect.Constructor.newInstance(Constructor.java:484)
	at org.openqa.selenium.remote.ErrorCodec.decode(ErrorCodec.java:167)
	at org.openqa.selenium.remote.codec.w3c.W3CHttpResponseCodec.decode(W3CHttpResponseCodec.java:138)
	at org.openqa.selenium.remote.codec.w3c.W3CHttpResponseCodec.decode(W3CHttpResponseCodec.java:50)
	at org.openqa.selenium.remote.HttpCommandExecutor.execute(HttpCommandExecutor.java:215)
	at io.appium.java_client.remote.AppiumCommandExecutor.execute(AppiumCommandExecutor.java:237)
	at org.openqa.selenium.remote.RemoteWebDriver.execute(RemoteWebDriver.java:545)
	at org.openqa.selenium.remote.ElementLocation$ElementFinder$2.findElement(ElementLocation.java:165)
	at org.openqa.selenium.remote.ElementLocation.findElement(ElementLocation.java:59)
	at org.openqa.selenium.remote.RemoteWebDriver.findElement(RemoteWebDriver.java:368)
	at org.openqa.selenium.remote.RemoteWebDriver.findElement(RemoteWebDriver.java:362)
	at com.qa.utils.GenericActions.verifyElementDisplayed(GenericActions.java:27)
	at com.pageObjects.ProductCataloguePage.searchFieldBtnDisplayed(ProductCataloguePage.java:232)
	at com.pageObjects.ProductCataloguePage.assertSearchField(ProductCataloguePage.java:236)
	at com.qa.testcases.ProductPageTest.verifyproductPageSearchtoElement(ProductPageTest.java:37)
	at java.base/jdk.internal.reflect.DirectMethodHandleAccessor.invoke(DirectMethodHandleAccessor.java:104)
	at java.base/java.lang.reflect.Method.invoke(Method.java:578)
	at org.testng.internal.MethodInvocationHelper.invokeMethod(MethodInvocationHelper.java:133)
	at org.testng.internal.TestInvoker.invokeMethod(TestInvoker.java:598)
	at org.testng.internal.TestInvoker.invokeTestMethod(TestInvoker.java:173)
	at org.testng.internal.MethodRunner.runInSequence(MethodRunner.java:46)
	at org.testng.internal.TestInvoker$MethodInvocationAgent.invoke(TestInvoker.java:824)
	at org.testng.internal.TestInvoker.invokeTestMethods(TestInvoker.java:146)
	at org.testng.internal.TestMethodWorker.invokeTestMethods(TestMethodWorker.java:146)
	at org.testng.internal.TestMethodWorker.run(TestMethodWorker.java:128)
	at java.base/java.util.ArrayList.forEach(ArrayList.java:1511)
	at org.testng.TestRunner.privateRun(TestRunner.java:794)
	at org.testng.TestRunner.run(TestRunner.java:596)
	at org.testng.SuiteRunner.runTest(SuiteRunner.java:377)
	at org.testng.SuiteRunner.runSequentially(SuiteRunner.java:371)
	at org.testng.SuiteRunner.privateRun(SuiteRunner.java:332)
	at org.testng.SuiteRunner.run(SuiteRunner.java:276)
	at org.testng.SuiteRunnerWorker.runSuite(SuiteRunnerWorker.java:53)
	at org.testng.SuiteRunnerWorker.run(SuiteRunnerWorker.java:96)
	at org.testng.TestNG.runSuitesSequentially(TestNG.java:1212)
	at org.testng.TestNG.runSuitesLocally(TestNG.java:1134)
	at org.testng.TestNG.runSuites(TestNG.java:1063)
	at org.testng.TestNG.run(TestNG.java:1031)
	at org.testng.remote.AbstractRemoteTestNG.run(AbstractRemoteTestNG.java:115)
	at org.testng.remote.RemoteTestNG.initAndRun(RemoteTestNG.java:251)
	at org.testng.remote.RemoteTestNG.main(RemoteTestNG.java:77)
29 Jan 2025 16:53:36 ERROR logger - Assertion Failed: Search Field is present
java.lang.AssertionError: Search Field is present expected [true] but found [false]
	at org.testng.Assert.fail(Assert.java:99)
	at org.testng.Assert.failNotEquals(Assert.java:1037)
	at org.testng.Assert.assertTrue(Assert.java:45)
	at com.assertions.mobileAssertion.assertTrue(mobileAssertion.java:29)
	at com.pageObjects.ProductCataloguePage.assertSearchField(ProductCataloguePage.java:236)
	at com.qa.testcases.ProductPageTest.verifyproductPageSearchtoElement(ProductPageTest.java:37)
	at java.base/jdk.internal.reflect.DirectMethodHandleAccessor.invoke(DirectMethodHandleAccessor.java:104)
	at java.base/java.lang.reflect.Method.invoke(Method.java:578)
	at org.testng.internal.MethodInvocationHelper.invokeMethod(MethodInvocationHelper.java:133)
	at org.testng.internal.TestInvoker.invokeMethod(TestInvoker.java:598)
	at org.testng.internal.TestInvoker.invokeTestMethod(TestInvoker.java:173)
	at org.testng.internal.MethodRunner.runInSequence(MethodRunner.java:46)
	at org.testng.internal.TestInvoker$MethodInvocationAgent.invoke(TestInvoker.java:824)
	at org.testng.internal.TestInvoker.invokeTestMethods(TestInvoker.java:146)
	at org.testng.internal.TestMethodWorker.invokeTestMethods(TestMethodWorker.java:146)
	at org.testng.internal.TestMethodWorker.run(TestMethodWorker.java:128)
	at java.base/java.util.ArrayList.forEach(ArrayList.java:1511)
	at org.testng.TestRunner.privateRun(TestRunner.java:794)
	at org.testng.TestRunner.run(TestRunner.java:596)
	at org.testng.SuiteRunner.runTest(SuiteRunner.java:377)
	at org.testng.SuiteRunner.runSequentially(SuiteRunner.java:371)
	at org.testng.SuiteRunner.privateRun(SuiteRunner.java:332)
	at org.testng.SuiteRunner.run(SuiteRunner.java:276)
	at org.testng.SuiteRunnerWorker.runSuite(SuiteRunnerWorker.java:53)
	at org.testng.SuiteRunnerWorker.run(SuiteRunnerWorker.java:96)
	at org.testng.TestNG.runSuitesSequentially(TestNG.java:1212)
	at org.testng.TestNG.runSuitesLocally(TestNG.java:1134)
	at org.testng.TestNG.runSuites(TestNG.java:1063)
	at org.testng.TestNG.run(TestNG.java:1031)
	at org.testng.remote.AbstractRemoteTestNG.run(AbstractRemoteTestNG.java:115)
	at org.testng.remote.RemoteTestNG.initAndRun(RemoteTestNG.java:251)
	at org.testng.remote.RemoteTestNG.main(RemoteTestNG.java:77)
29 Jan 2025 16:53:38  INFO logger - Screen recording saved at: C:\Users\Akanksha.Singh\Documents\Appium\profoam_appium/screenrecordings/verifyproductPageSearchtoElement_20250129165338.mp4
29 Jan 2025 16:53:38  INFO logger - Screen recording stopped and saved.
29 Jan 2025 16:53:39  INFO logger - Screenshot captured for method: verifyproductPageSearchtoElement
29 Jan 2025 16:53:39 ERROR logger - Test Failed: verifyproductPageSearchtoElement
java.lang.AssertionError: Search Field is present expected [true] but found [false]
	at org.testng.Assert.fail(Assert.java:99)
	at org.testng.Assert.failNotEquals(Assert.java:1037)
	at org.testng.Assert.assertTrue(Assert.java:45)
	at com.assertions.mobileAssertion.assertTrue(mobileAssertion.java:29)
	at com.pageObjects.ProductCataloguePage.assertSearchField(ProductCataloguePage.java:236)
	at com.qa.testcases.ProductPageTest.verifyproductPageSearchtoElement(ProductPageTest.java:37)
	at java.base/jdk.internal.reflect.DirectMethodHandleAccessor.invoke(DirectMethodHandleAccessor.java:104)
	at java.base/java.lang.reflect.Method.invoke(Method.java:578)
	at org.testng.internal.MethodInvocationHelper.invokeMethod(MethodInvocationHelper.java:133)
	at org.testng.internal.TestInvoker.invokeMethod(TestInvoker.java:598)
	at org.testng.internal.TestInvoker.invokeTestMethod(TestInvoker.java:173)
	at org.testng.internal.MethodRunner.runInSequence(MethodRunner.java:46)
	at org.testng.internal.TestInvoker$MethodInvocationAgent.invoke(TestInvoker.java:824)
	at org.testng.internal.TestInvoker.invokeTestMethods(TestInvoker.java:146)
	at org.testng.internal.TestMethodWorker.invokeTestMethods(TestMethodWorker.java:146)
	at org.testng.internal.TestMethodWorker.run(TestMethodWorker.java:128)
	at java.base/java.util.ArrayList.forEach(ArrayList.java:1511)
	at org.testng.TestRunner.privateRun(TestRunner.java:794)
	at org.testng.TestRunner.run(TestRunner.java:596)
	at org.testng.SuiteRunner.runTest(SuiteRunner.java:377)
	at org.testng.SuiteRunner.runSequentially(SuiteRunner.java:371)
	at org.testng.SuiteRunner.privateRun(SuiteRunner.java:332)
	at org.testng.SuiteRunner.run(SuiteRunner.java:276)
	at org.testng.SuiteRunnerWorker.runSuite(SuiteRunnerWorker.java:53)
	at org.testng.SuiteRunnerWorker.run(SuiteRunnerWorker.java:96)
	at org.testng.TestNG.runSuitesSequentially(TestNG.java:1212)
	at org.testng.TestNG.runSuitesLocally(TestNG.java:1134)
	at org.testng.TestNG.runSuites(TestNG.java:1063)
	at org.testng.TestNG.run(TestNG.java:1031)
	at org.testng.remote.AbstractRemoteTestNG.run(AbstractRemoteTestNG.java:115)
	at org.testng.remote.RemoteTestNG.initAndRun(RemoteTestNG.java:251)
	at org.testng.remote.RemoteTestNG.main(RemoteTestNG.java:77)
29 Jan 2025 16:53:39  INFO logger - Stopping Appium Server...
29 Jan 2025 16:53:40  INFO logger - Appium Server stopped successfully.
29 Jan 2025 16:53:40  INFO logger - Test Suite Execution Completed
